Experiment cylinder_with_cylinder_PMD0
Running on sonar
Starting at 2015-06-29T13:06:04.726894
<<<|
Properties of the state space 'CompoundSpace5'
  - signature: 10 0 58 0 29 1 29 0 29 1 29 
  - dimension: 58
  - extent: 62.9462
  - sanity checks for state space passed
  - probability of valid states: 0.986
  - average length of a valid motion: 3.94494
  - average number of samples drawn per second: sampleUniform()=1209.08 sampleUniformNear()=1023.55 sampleGaussian()=2.5e+08
Settings for the state space 'CompoundSpace5'
  - state validity check resolution: 1%
  - valid segment count factor: 1
  - state space:
Compound state space 'CompoundSpace5' of dimension 58 [
Compound state space 'ssRobot0' of dimension 29 [
Real vector state space 'ssRobot0_Rn' of dimension 29 with bounds: 
  - min: -6.28319 -6.28319 -6.28319 -6.28319 -6.28319 -6.28319 0 0 0 -0.47 -0.196 -0.174 -0.227 0 -0.47 -0.196 -0.174 -0.227 0 -0.47 -0.196 -0.174 -0.227 0 0.263 -0.105 -0.189 -0.162 0 
  - max: 6.28319 6.28319 6.28319 6.28319 6.28319 6.28319 0.001 0.001 0.001 0.47 1.61 1.709 1.618 0.001 0.47 1.61 1.709 1.618 0.001 0.47 1.61 1.709 1.618 0.001 1.396 1.163 1.644 1.719 0.001 
 of weight 1
]
Registered projections:
  - <default>
Projection of dimension 29
Cell sizes (computed defaults): [0.628319 0.628319 0.628319 0.628319 0.628319 0.628319 5e-05 5e-05 5e-05 0.047 0.0903 0.09415 0.09225 5e-05 0.047 0.0903 0.09415 0.09225 5e-05 0.047 0.0903 0.09415 0.09225 5e-05 0.05665 0.0634 0.09165 0.09405 5e-05]
  - drawprojection
Projection of dimension 29
Cell sizes (computed defaults): [0.628319 0.628319 0.628319 0.628319 0.628319 0.628319 5e-05 5e-05 5e-05 0.047 0.0903 0.09415 0.09225 5e-05 0.047 0.0903 0.09415 0.09225 5e-05 0.047 0.0903 0.09415 0.09225 5e-05 0.05665 0.0634 0.09165 0.09405 5e-05]
 of weight 1
Compound state space 'ssRobot1' of dimension 29 [
Real vector state space 'ssRobot1_Rn' of dimension 29 with bounds: 
  - min: -6.28319 -6.28319 -6.28319 -6.28319 -6.28319 -6.28319 0 0 0 -0.47 -0.196 -0.174 -0.227 0 -0.47 -0.196 -0.174 -0.227 0 -0.47 -0.196 -0.174 -0.227 0 0.263 -0.105 -0.189 -0.162 0 
  - max: 6.28319 6.28319 6.28319 6.28319 6.28319 6.28319 0.001 0.001 0.001 0.47 1.61 1.709 1.618 0.001 0.47 1.61 1.709 1.618 0.001 0.47 1.61 1.709 1.618 0.001 1.396 1.163 1.644 1.719 0.001 
 of weight 1
]
Registered projections:
  - <default>
Projection of dimension 29
Cell sizes (computed defaults): [0.628319 0.628319 0.628319 0.628319 0.628319 0.628319 5e-05 5e-05 5e-05 0.047 0.0903 0.09415 0.09225 5e-05 0.047 0.0903 0.09415 0.09225 5e-05 0.047 0.0903 0.09415 0.09225 5e-05 0.05665 0.0634 0.09165 0.09405 5e-05]
  - drawprojection
Projection of dimension 29
Cell sizes (computed defaults): [0.628319 0.628319 0.628319 0.628319 0.628319 0.628319 5e-05 5e-05 5e-05 0.047 0.0903 0.09415 0.09225 5e-05 0.047 0.0903 0.09415 0.09225 5e-05 0.047 0.0903 0.09415 0.09225 5e-05 0.05665 0.0634 0.09165 0.09405 5e-05]
 of weight 1
]
Registered projections:
  - <default>
Projection of dimension 29
Cell sizes (computed defaults): [0.628319 0.628319 0.628319 0.628319 0.628319 0.628319 5e-05 5e-05 5e-05 0.047 0.0903 0.09415 0.09225 5e-05 0.047 0.0903 0.09415 0.09225 5e-05 0.047 0.0903 0.09415 0.09225 5e-05 0.05665 0.0634 0.09165 0.09405 5e-05]
  - drawprojection0
Projection of dimension 29
Cell sizes (computed defaults): [0.628319 0.628319 0.628319 0.628319 0.628319 0.628319 5e-05 5e-05 5e-05 0.047 0.0903 0.09415 0.09225 5e-05 0.047 0.0903 0.09415 0.09225 5e-05 0.047 0.0903 0.09415 0.09225 5e-05 0.05665 0.0634 0.09165 0.09405 5e-05]
  - drawprojection1
Projection of dimension 29
Cell sizes (computed defaults): [0.628319 0.628319 0.628319 0.628319 0.628319 0.628319 5e-05 5e-05 5e-05 0.047 0.0903 0.09415 0.09225 5e-05 0.047 0.0903 0.09415 0.09225 5e-05 0.047 0.0903 0.09415 0.09225 5e-05 0.05665 0.0634 0.09165 0.09405 5e-05]

Declared parameters:
longest_valid_segment_fraction = 0.01
projection.cellsize.0 = 0.62831854820251465
projection.cellsize.1 = 0.62831854820251465
projection.cellsize.10 = 0.090300000458955768
projection.cellsize.11 = 0.09414999932050705
projection.cellsize.12 = 0.092250001430511472
projection.cellsize.13 = 5.0000000000000002e-05
projection.cellsize.14 = 0.046999999880790712
projection.cellsize.15 = 0.090300000458955768
projection.cellsize.16 = 0.09414999932050705
projection.cellsize.17 = 0.092250001430511472
projection.cellsize.18 = 5.0000000000000002e-05
projection.cellsize.19 = 0.046999999880790712
projection.cellsize.2 = 0.62831854820251465
projection.cellsize.20 = 0.090300000458955768
projection.cellsize.21 = 0.09414999932050705
projection.cellsize.22 = 0.092250001430511472
projection.cellsize.23 = 5.0000000000000002e-05
projection.cellsize.24 = 0.056650000810623172
projection.cellsize.25 = 0.063399999216198918
projection.cellsize.26 = 0.091650002449750897
projection.cellsize.27 = 0.094049999117851252
projection.cellsize.28 = 5.0000000000000002e-05
projection.cellsize.3 = 0.62831854820251465
projection.cellsize.4 = 0.62831854820251465
projection.cellsize.5 = 0.62831854820251465
projection.cellsize.6 = 5.0000000000000002e-05
projection.cellsize.7 = 5.0000000000000002e-05
projection.cellsize.8 = 5.0000000000000002e-05
projection.cellsize.9 = 0.046999999880790712
projection.cellsize_factor = 
projection.drawprojection0.cellsize.0 = 0.62831854820251465
projection.drawprojection0.cellsize.1 = 0.62831854820251465
projection.drawprojection0.cellsize.10 = 0.090300000458955768
projection.drawprojection0.cellsize.11 = 0.09414999932050705
projection.drawprojection0.cellsize.12 = 0.092250001430511472
projection.drawprojection0.cellsize.13 = 5.0000000000000002e-05
projection.drawprojection0.cellsize.14 = 0.046999999880790712
projection.drawprojection0.cellsize.15 = 0.090300000458955768
projection.drawprojection0.cellsize.16 = 0.09414999932050705
projection.drawprojection0.cellsize.17 = 0.092250001430511472
projection.drawprojection0.cellsize.18 = 5.0000000000000002e-05
projection.drawprojection0.cellsize.19 = 0.046999999880790712
projection.drawprojection0.cellsize.2 = 0.62831854820251465
projection.drawprojection0.cellsize.20 = 0.090300000458955768
projection.drawprojection0.cellsize.21 = 0.09414999932050705
projection.drawprojection0.cellsize.22 = 0.092250001430511472
projection.drawprojection0.cellsize.23 = 5.0000000000000002e-05
projection.drawprojection0.cellsize.24 = 0.056650000810623172
projection.drawprojection0.cellsize.25 = 0.063399999216198918
projection.drawprojection0.cellsize.26 = 0.091650002449750897
projection.drawprojection0.cellsize.27 = 0.094049999117851252
projection.drawprojection0.cellsize.28 = 5.0000000000000002e-05
projection.drawprojection0.cellsize.3 = 0.62831854820251465
projection.drawprojection0.cellsize.4 = 0.62831854820251465
projection.drawprojection0.cellsize.5 = 0.62831854820251465
projection.drawprojection0.cellsize.6 = 5.0000000000000002e-05
projection.drawprojection0.cellsize.7 = 5.0000000000000002e-05
projection.drawprojection0.cellsize.8 = 5.0000000000000002e-05
projection.drawprojection0.cellsize.9 = 0.046999999880790712
projection.drawprojection0.cellsize_factor = 
projection.drawprojection1.cellsize.0 = 0.62831854820251465
projection.drawprojection1.cellsize.1 = 0.62831854820251465
projection.drawprojection1.cellsize.10 = 0.090300000458955768
projection.drawprojection1.cellsize.11 = 0.09414999932050705
projection.drawprojection1.cellsize.12 = 0.092250001430511472
projection.drawprojection1.cellsize.13 = 5.0000000000000002e-05
projection.drawprojection1.cellsize.14 = 0.046999999880790712
projection.drawprojection1.cellsize.15 = 0.090300000458955768
projection.drawprojection1.cellsize.16 = 0.09414999932050705
projection.drawprojection1.cellsize.17 = 0.092250001430511472
projection.drawprojection1.cellsize.18 = 5.0000000000000002e-05
projection.drawprojection1.cellsize.19 = 0.046999999880790712
projection.drawprojection1.cellsize.2 = 0.62831854820251465
projection.drawprojection1.cellsize.20 = 0.090300000458955768
projection.drawprojection1.cellsize.21 = 0.09414999932050705
projection.drawprojection1.cellsize.22 = 0.092250001430511472
projection.drawprojection1.cellsize.23 = 5.0000000000000002e-05
projection.drawprojection1.cellsize.24 = 0.056650000810623172
projection.drawprojection1.cellsize.25 = 0.063399999216198918
projection.drawprojection1.cellsize.26 = 0.091650002449750897
projection.drawprojection1.cellsize.27 = 0.094049999117851252
projection.drawprojection1.cellsize.28 = 5.0000000000000002e-05
projection.drawprojection1.cellsize.3 = 0.62831854820251465
projection.drawprojection1.cellsize.4 = 0.62831854820251465
projection.drawprojection1.cellsize.5 = 0.62831854820251465
projection.drawprojection1.cellsize.6 = 5.0000000000000002e-05
projection.drawprojection1.cellsize.7 = 5.0000000000000002e-05
projection.drawprojection1.cellsize.8 = 5.0000000000000002e-05
projection.drawprojection1.cellsize.9 = 0.046999999880790712
projection.drawprojection1.cellsize_factor = 
valid_segment_count_factor = 1
Valid state sampler named kautham sampler with parameters:
nr_attempts = 100
Planner RRTConnect specs:
Multithreaded:                 No
Reports approximate solutions: No
Can optimize solutions:        No
Aware of the following parameters: range
Declared parameters for planner RRTConnect:
range = 1
Start states:
Compound state [
Compound state [
RealVectorState [-0.782552 -1.53736 -1.81299 -2.47364 -0.802879 -2.56135 0 0 0 0.18048 1.05014 0.534008 0.9907 0 0 1.06278 0.599913 1.00915 0 -0.18048 1.05014 0.534008 0.9907 0 1.396 0.217072 -0.036861 1.26192 0]
]
Compound state [
RealVectorState [0.89587 -1.38877 1.78526 -0.369978 0.973716 1.06004 0 0 0 -0.2256 0.513758 1.30792 -0.02036 0 0 0.37289 1.43973 -0.02036 0 0.2256 0.513758 1.30792 -0.02036 0 1.396 1.0362 -0.106515 1.54219 0]
]
]
Goal state, threshold = 2.22045e-16, memory address = 0x4593a80, state = 
Compound state [
Compound state [
RealVectorState [-0.787215 -1.49367 -1.71385 -2.97332 -1.07419 -2.2314 0 0 0 0.18048 1.05014 0.534008 0.9907 0 0 1.06278 0.599913 1.00915 0 -0.18048 1.05014 0.534008 0.9907 0 1.396 0.217072 -0.036861 1.26192 0]
]
Compound state [
RealVectorState [0.919293 -1.37421 1.71293 -0.233565 1.15057 0.896419 0 0 0 -0.2256 0.513758 1.30792 -0.02036 0 0 0.37289 1.43973 -0.02036 0 0.2256 0.513758 1.30792 -0.02036 0 1.396 1.0362 -0.106515 1.54219 0]
]
]
There are 0 solutions

Properties of benchmarked planners:
Planner RRTConnect specs:
Multithreaded:                 No
Reports approximate solutions: No
Can optimize solutions:        No
Aware of the following parameters: range
|>>>
3136206609 is the random seed
100 seconds per run
7500 MB per run
100 runs per planner
41.0416 seconds spent to collect the data
1 enum type
status|Unknown status|Invalid start|Invalid goal|Unrecognized goal type|Timeout|Approximate solution|Exact solution|Crash
1 planners
geometric_RRTConnect
93 common properties
longest_valid_segment_fraction = 0.01
projection.cellsize.0 = 0.62831854820251465
projection.cellsize.1 = 0.62831854820251465
projection.cellsize.10 = 0.090300000458955768
projection.cellsize.11 = 0.09414999932050705
projection.cellsize.12 = 0.092250001430511472
projection.cellsize.13 = 5.0000000000000002e-05
projection.cellsize.14 = 0.046999999880790712
projection.cellsize.15 = 0.090300000458955768
projection.cellsize.16 = 0.09414999932050705
projection.cellsize.17 = 0.092250001430511472
projection.cellsize.18 = 5.0000000000000002e-05
projection.cellsize.19 = 0.046999999880790712
projection.cellsize.2 = 0.62831854820251465
projection.cellsize.20 = 0.090300000458955768
projection.cellsize.21 = 0.09414999932050705
projection.cellsize.22 = 0.092250001430511472
projection.cellsize.23 = 5.0000000000000002e-05
projection.cellsize.24 = 0.056650000810623172
projection.cellsize.25 = 0.063399999216198918
projection.cellsize.26 = 0.091650002449750897
projection.cellsize.27 = 0.094049999117851252
projection.cellsize.28 = 5.0000000000000002e-05
projection.cellsize.3 = 0.62831854820251465
projection.cellsize.4 = 0.62831854820251465
projection.cellsize.5 = 0.62831854820251465
projection.cellsize.6 = 5.0000000000000002e-05
projection.cellsize.7 = 5.0000000000000002e-05
projection.cellsize.8 = 5.0000000000000002e-05
projection.cellsize.9 = 0.046999999880790712
projection.cellsize_factor = 
projection.drawprojection0.cellsize.0 = 0.62831854820251465
projection.drawprojection0.cellsize.1 = 0.62831854820251465
projection.drawprojection0.cellsize.10 = 0.090300000458955768
projection.drawprojection0.cellsize.11 = 0.09414999932050705
projection.drawprojection0.cellsize.12 = 0.092250001430511472
projection.drawprojection0.cellsize.13 = 5.0000000000000002e-05
projection.drawprojection0.cellsize.14 = 0.046999999880790712
projection.drawprojection0.cellsize.15 = 0.090300000458955768
projection.drawprojection0.cellsize.16 = 0.09414999932050705
projection.drawprojection0.cellsize.17 = 0.092250001430511472
projection.drawprojection0.cellsize.18 = 5.0000000000000002e-05
projection.drawprojection0.cellsize.19 = 0.046999999880790712
projection.drawprojection0.cellsize.2 = 0.62831854820251465
projection.drawprojection0.cellsize.20 = 0.090300000458955768
projection.drawprojection0.cellsize.21 = 0.09414999932050705
projection.drawprojection0.cellsize.22 = 0.092250001430511472
projection.drawprojection0.cellsize.23 = 5.0000000000000002e-05
projection.drawprojection0.cellsize.24 = 0.056650000810623172
projection.drawprojection0.cellsize.25 = 0.063399999216198918
projection.drawprojection0.cellsize.26 = 0.091650002449750897
projection.drawprojection0.cellsize.27 = 0.094049999117851252
projection.drawprojection0.cellsize.28 = 5.0000000000000002e-05
projection.drawprojection0.cellsize.3 = 0.62831854820251465
projection.drawprojection0.cellsize.4 = 0.62831854820251465
projection.drawprojection0.cellsize.5 = 0.62831854820251465
projection.drawprojection0.cellsize.6 = 5.0000000000000002e-05
projection.drawprojection0.cellsize.7 = 5.0000000000000002e-05
projection.drawprojection0.cellsize.8 = 5.0000000000000002e-05
projection.drawprojection0.cellsize.9 = 0.046999999880790712
projection.drawprojection0.cellsize_factor = 
projection.drawprojection1.cellsize.0 = 0.62831854820251465
projection.drawprojection1.cellsize.1 = 0.62831854820251465
projection.drawprojection1.cellsize.10 = 0.090300000458955768
projection.drawprojection1.cellsize.11 = 0.09414999932050705
projection.drawprojection1.cellsize.12 = 0.092250001430511472
projection.drawprojection1.cellsize.13 = 5.0000000000000002e-05
projection.drawprojection1.cellsize.14 = 0.046999999880790712
projection.drawprojection1.cellsize.15 = 0.090300000458955768
projection.drawprojection1.cellsize.16 = 0.09414999932050705
projection.drawprojection1.cellsize.17 = 0.092250001430511472
projection.drawprojection1.cellsize.18 = 5.0000000000000002e-05
projection.drawprojection1.cellsize.19 = 0.046999999880790712
projection.drawprojection1.cellsize.2 = 0.62831854820251465
projection.drawprojection1.cellsize.20 = 0.090300000458955768
projection.drawprojection1.cellsize.21 = 0.09414999932050705
projection.drawprojection1.cellsize.22 = 0.092250001430511472
projection.drawprojection1.cellsize.23 = 5.0000000000000002e-05
projection.drawprojection1.cellsize.24 = 0.056650000810623172
projection.drawprojection1.cellsize.25 = 0.063399999216198918
projection.drawprojection1.cellsize.26 = 0.091650002449750897
projection.drawprojection1.cellsize.27 = 0.094049999117851252
projection.drawprojection1.cellsize.28 = 5.0000000000000002e-05
projection.drawprojection1.cellsize.3 = 0.62831854820251465
projection.drawprojection1.cellsize.4 = 0.62831854820251465
projection.drawprojection1.cellsize.5 = 0.62831854820251465
projection.drawprojection1.cellsize.6 = 5.0000000000000002e-05
projection.drawprojection1.cellsize.7 = 5.0000000000000002e-05
projection.drawprojection1.cellsize.8 = 5.0000000000000002e-05
projection.drawprojection1.cellsize.9 = 0.046999999880790712
projection.drawprojection1.cellsize_factor = 
range = 1
valid_segment_count_factor = 1
23 properties for each run
approximate solution BOOLEAN
collision checks INTEGER
correct solution BOOLEAN
correct solution strict BOOLEAN
graph motions INTEGER
graph states INTEGER
memory REAL
simplification time REAL
simplified correct solution BOOLEAN
simplified correct solution strict BOOLEAN
simplified solution clearance REAL
simplified solution length REAL
simplified solution segments INTEGER
simplified solution smoothness REAL
solution clearance REAL
solution difference REAL
solution length REAL
solution segments INTEGER
solution smoothness REAL
solved BOOLEAN
status ENUM
time REAL
valid segment fraction REAL
100 runs
0; 33; 1; 1; 3; 4; 0.01171875; 0.025205000000000002; 1; 1; 2.2812073230743408; 0.9537594347048447; 1; 0; 2.2812073230743408; 0; 1.733214908260555; 2; 5.3973135940848573; 1; 6; 0.064343999999999998; 1; 
0; 33; 1; 1; 3; 4; 0.07421875; 0.025104999999999999; 1; 1; 2.2812073230743408; 0.9537594347048447; 1; 0; 2.2812073230743408; 0; 1.733214908260555; 2; 5.3973135940848573; 1; 6; 0.066367999999999996; 1; 
0; 33; 1; 1; 3; 4; 0.08984375; 0.025333999999999999; 1; 1; 2.2812073230743408; 0.9537594347048447; 1; 0; 2.2812073230743408; 0; 1.733214908260555; 2; 5.3973135940848573; 1; 6; 0.063058000000000003; 1; 
0; 33; 1; 1; 3; 4; 0.109375; 0.025182; 1; 1; 2.2812073230743408; 0.9537594347048447; 1; 0; 2.2812073230743408; 0; 1.733214908260555; 2; 5.3973135940848573; 1; 6; 0.063095999999999999; 1; 
0; 33; 1; 1; 3; 4; 0.125; 0.025264000000000002; 1; 1; 2.2812073230743408; 0.9537594347048447; 1; 0; 2.2812073230743408; 0; 1.733214908260555; 2; 5.3973135940848573; 1; 6; 0.064200999999999994; 1; 
0; 33; 1; 1; 3; 4; 0.14453125; 0.025108999999999999; 1; 1; 2.2812073230743408; 0.9537594347048447; 1; 0; 2.2812073230743408; 0; 1.733214908260555; 2; 5.3973135940848573; 1; 6; 0.063117999999999994; 1; 
0; 33; 1; 1; 3; 4; 0.16015625; 0.025361999999999999; 1; 1; 2.2812073230743408; 0.9537594347048447; 1; 0; 2.2812073230743408; 0; 1.733214908260555; 2; 5.3973135940848573; 1; 6; 0.063129000000000005; 1; 
0; 40; 1; 1; 4; 5; 0.1796875; 0.022948; 1; 1; 2.2812073230743408; 0.9537594347048447; 1; 0; 2.2812073230743408; 0; 2.9232273724492064; 3; 7.2003053060097049; 1; 6; 0.082253999999999994; 1; 
0; 40; 1; 1; 4; 5; 0.203125; 0.022213; 1; 1; 2.2812073230743408; 0.9537594347048447; 1; 0; 2.2812073230743408; 0; 2.9232273724492064; 3; 7.2003053060097049; 1; 6; 0.069381999999999999; 1; 
0; 40; 1; 1; 4; 5; 0.2265625; 0.021833000000000002; 1; 1; 2.2812073230743408; 0.9537594347048447; 1; 0; 2.2812073230743408; 0; 2.9232273724492064; 3; 7.2003053060097049; 1; 6; 0.082269999999999996; 1; 
0; 40; 1; 1; 4; 5; 0.25; 0.021673999999999999; 1; 1; 2.2812073230743408; 0.9537594347048447; 1; 0; 2.2812073230743408; 0; 2.9232273724492064; 3; 7.2003053060097049; 1; 6; 0.082197999999999993; 1; 
0; 40; 1; 1; 4; 5; 0.2734375; 0.022831000000000001; 1; 1; 2.2812073230743408; 0.9537594347048447; 1; 0; 2.2812073230743408; 0; 2.9232273724492064; 3; 7.2003053060097049; 1; 6; 0.083331000000000002; 1; 
0; 40; 1; 1; 4; 5; 0.296875; 0.021836000000000001; 1; 1; 2.2812073230743408; 0.9537594347048447; 1; 0; 2.2812073230743408; 0; 2.9232273724492064; 3; 7.2003053060097049; 1; 6; 0.082335000000000005; 1; 
0; 37; 1; 1; 4; 5; 0.3203125; 0.022261; 1; 1; 2.2812073230743408; 0.9537594347048447; 1; 0; 2.2812073230743408; 0; 2.950088282680376; 3; 9.0943807819123901; 1; 6; 0.076006000000000004; 1; 
0; 37; 1; 1; 4; 5; 0.84375; 0.022332000000000001; 1; 1; 2.2812073230743408; 0.9537594347048447; 1; 0; 2.2812073230743408; 0; 2.950088282680376; 3; 9.0943807819123901; 1; 6; 0.075902999999999998; 1; 
0; 37; 1; 1; 4; 5; 0.8671875; 0.022366; 1; 1; 2.2812073230743408; 0.9537594347048447; 1; 0; 2.2812073230743408; 0; 2.950088282680376; 3; 9.0943807819123901; 1; 6; 0.075898999999999994; 1; 
0; 37; 1; 1; 4; 5; 0.88671875; 0.02213; 1; 1; 2.2812073230743408; 0.9537594347048447; 1; 0; 2.2812073230743408; 0; 2.950088282680376; 3; 9.0943807819123901; 1; 6; 0.075855000000000006; 1; 
0; 37; 1; 1; 4; 5; 0.91015625; 0.022214999999999999; 1; 1; 2.2812073230743408; 0.9537594347048447; 1; 0; 2.2812073230743408; 0; 2.950088282680376; 3; 9.0943807819123901; 1; 6; 0.075888999999999998; 1; 
0; 37; 1; 1; 4; 5; 1.1875; 0.022280999999999999; 1; 1; 2.2812073230743408; 0.9537594347048447; 1; 0; 2.2812073230743408; 0; 2.950088282680376; 3; 9.0943807819123901; 1; 6; 0.075900999999999996; 1; 
0; 37; 1; 1; 4; 5; 1.20703125; 0.022341; 1; 1; 2.2812073230743408; 0.9537594347048447; 1; 0; 2.2812073230743408; 0; 2.950088282680376; 3; 9.0943807819123901; 1; 6; 0.075897000000000006; 1; 
0; 37; 1; 1; 4; 5; 1.23046875; 0.021885999999999999; 1; 1; 2.2812073230743408; 0.9537594347048447; 1; 0; 2.2812073230743408; 0; 2.9465441477553571; 3; 8.4538276341192038; 1; 6; 0.077034000000000005; 1; 
0; 37; 1; 1; 4; 5; 1.25; 0.021793; 1; 1; 2.2812073230743408; 0.9537594347048447; 1; 0; 2.2812073230743408; 0; 2.9465441477553571; 3; 8.4538276341192038; 1; 6; 0.075884999999999994; 1; 
0; 37; 1; 1; 4; 5; 1.53125; 0.021846999999999998; 1; 1; 2.2812073230743408; 0.9537594347048447; 1; 0; 2.2812073230743408; 0; 2.9465441477553571; 3; 8.4538276341192038; 1; 6; 0.074793999999999999; 1; 
0; 37; 1; 1; 4; 5; 1.55078125; 0.021964000000000001; 1; 1; 2.2812073230743408; 0.9537594347048447; 1; 0; 2.2812073230743408; 0; 2.9465441477553571; 3; 8.4538276341192038; 1; 6; 0.075925999999999993; 1; 
0; 37; 1; 1; 4; 5; 1.57421875; 0.021878000000000002; 1; 1; 2.2812073230743408; 0.9537594347048447; 1; 0; 2.2812073230743408; 0; 2.9465441477553571; 3; 8.4538276341192038; 1; 6; 0.075896000000000005; 1; 
0; 37; 1; 1; 4; 5; 1.59375; 0.021780000000000001; 1; 1; 2.2812073230743408; 0.9537594347048447; 1; 0; 2.2812073230743408; 0; 2.9465441477553571; 3; 8.4538276341192038; 1; 6; 0.075943999999999998; 1; 
0; 37; 1; 1; 4; 5; 1.87109375; 0.021752000000000001; 1; 1; 2.2812073230743408; 0.9537594347048447; 1; 0; 2.2812073230743408; 0; 2.9465441477553571; 3; 8.4538276341192038; 1; 6; 0.075883000000000006; 1; 
0; 40; 1; 1; 4; 5; 1.89453125; 0.022852000000000001; 1; 1; 2.2812073230743408; 0.9537594347048447; 1; 0; 2.2812073230743408; 0; 2.9444089140694505; 3; 8.1881843759116055; 1; 6; 0.082276000000000002; 1; 
0; 40; 1; 1; 4; 5; 1.91796875; 0.021845; 1; 1; 2.2812073230743408; 0.9537594347048447; 1; 0; 2.2812073230743408; 0; 2.9444089140694505; 3; 8.1881843759116055; 1; 6; 0.083353999999999998; 1; 
0; 40; 1; 1; 4; 5; 1.94140625; 0.020147999999999999; 1; 1; 2.2812073230743408; 0.9537594347048447; 1; 0; 2.2812073230743408; 0; 2.9444089140694505; 3; 8.1881843759116055; 1; 6; 0.073703000000000005; 1; 
0; 40; 1; 1; 4; 5; 2.22265625; 0.021047; 1; 1; 2.2812073230743408; 0.9537594347048447; 1; 0; 2.2812073230743408; 0; 2.9444089140694505; 3; 8.1881843759116055; 1; 6; 0.082286999999999999; 1; 
0; 40; 1; 1; 4; 5; 2.24609375; 0.022875; 1; 1; 2.2812073230743408; 0.9537594347048447; 1; 0; 2.2812073230743408; 0; 2.9444089140694505; 3; 8.1881843759116055; 1; 6; 0.082240999999999995; 1; 
0; 40; 1; 1; 4; 5; 2.26953125; 0.021462999999999999; 1; 1; 2.2812073230743408; 0.9537594347048447; 1; 0; 2.2812073230743408; 0; 2.9444089140694505; 3; 8.1881843759116055; 1; 6; 0.083280999999999994; 1; 
0; 46; 1; 1; 4; 5; 2.546875; 0.019122; 1; 1; 2.2812073230743408; 0.9537594347048447; 1; 0; 2.2812073230743408; 0; 2.9537455893969571; 3; 10.321082370378058; 1; 6; 0.093982999999999997; 1; 
0; 46; 1; 1; 4; 5; 2.57421875; 0.020171999999999999; 1; 1; 2.2812073230743408; 0.9537594347048447; 1; 0; 2.2812073230743408; 0; 2.9537455893969571; 3; 10.321082370378058; 1; 6; 0.093981999999999996; 1; 
0; 46; 1; 1; 4; 5; 2.6015625; 0.019792000000000001; 1; 1; 2.2812073230743408; 0.9537594347048447; 1; 0; 2.2812073230743408; 0; 2.9537455893969571; 3; 10.321082370378058; 1; 6; 0.095132999999999995; 1; 
0; 46; 1; 1; 4; 5; 2.62890625; 0.020220999999999999; 1; 1; 2.2812073230743408; 0.9537594347048447; 1; 0; 2.2812073230743408; 0; 2.9537455893969571; 3; 10.321082370378058; 1; 6; 0.093925999999999996; 1; 
0; 46; 1; 1; 4; 5; 2.9140625; 0.020008999999999999; 1; 1; 2.2812073230743408; 0.9537594347048447; 1; 0; 2.2812073230743408; 0; 2.9537455893969571; 3; 10.321082370378058; 1; 6; 0.093965000000000007; 1; 
0; 46; 1; 1; 4; 5; 2.94140625; 0.021783; 1; 1; 2.2812073230743408; 0.9537594347048447; 1; 0; 2.2812073230743408; 0; 2.9537455893969571; 3; 10.321082370378058; 1; 6; 0.093980999999999995; 1; 
0; 46; 1; 1; 4; 5; 2.96875; 0.020465000000000001; 1; 1; 2.2812073230743408; 0.9537594347048447; 1; 0; 2.2812073230743408; 0; 2.9537455893969571; 3; 10.321082370378058; 1; 6; 0.094012999999999999; 1; 
0; 37; 1; 1; 4; 5; 2.99609375; 0.021097999999999999; 1; 1; 2.2812073230743408; 0.9537594347048447; 1; 0; 2.2812073230743408; 0; 2.9494204305589276; 3; 8.9487832893600814; 1; 6; 0.075857999999999995; 1; 
0; 37; 1; 1; 4; 5; 3.2734375; 0.021366; 1; 1; 2.2812073230743408; 0.9537594347048447; 1; 0; 2.2812073230743408; 0; 2.9494204305589276; 3; 8.9487832893600814; 1; 6; 0.075903999999999999; 1; 
0; 37; 1; 1; 4; 5; 3.29296875; 0.021802999999999999; 1; 1; 2.2812073230743408; 0.9537594347048447; 1; 0; 2.2812073230743408; 0; 2.9494204305589276; 3; 8.9487832893600814; 1; 6; 0.075850000000000001; 1; 
0; 37; 1; 1; 4; 5; 3.31640625; 0.021316000000000002; 1; 1; 2.2812073230743408; 0.9537594347048447; 1; 0; 2.2812073230743408; 0; 2.9494204305589276; 3; 8.9487832893600814; 1; 6; 0.075882000000000005; 1; 
0; 37; 1; 1; 4; 5; 3.3359375; 0.021784999999999999; 1; 1; 2.2812073230743408; 0.9537594347048447; 1; 0; 2.2812073230743408; 0; 2.9494204305589276; 3; 8.9487832893600814; 1; 6; 0.075891; 1; 
0; 37; 1; 1; 4; 5; 3.6171875; 0.021909999999999999; 1; 1; 2.2812073230743408; 0.9537594347048447; 1; 0; 2.2812073230743408; 0; 2.9494204305589276; 3; 8.9487832893600814; 1; 6; 0.075885999999999995; 1; 
0; 37; 1; 1; 4; 5; 3.63671875; 0.021826000000000002; 1; 1; 2.2812073230743408; 0.9537594347048447; 1; 0; 2.2812073230743408; 0; 2.9494204305589276; 3; 8.9487832893600814; 1; 6; 0.075895000000000004; 1; 
0; 40; 1; 1; 4; 5; 3.66015625; 0.021402000000000001; 1; 1; 2.2812073230743408; 0.9537594347048447; 1; 0; 2.2812073230743408; 0; 2.9356268831352805; 3; 7.5667977667637256; 1; 6; 0.082267999999999994; 1; 
0; 40; 1; 1; 4; 5; 3.68359375; 0.021499999999999998; 1; 1; 2.2812073230743408; 0.9537594347048447; 1; 0; 2.2812073230743408; 0; 2.9356268831352805; 3; 7.5667977667637256; 1; 6; 0.082246; 1; 
0; 40; 1; 1; 4; 5; 3.96484375; 0.021253999999999999; 1; 1; 2.2812073230743408; 0.9537594347048447; 1; 0; 2.2812073230743408; 0; 2.9356268831352805; 3; 7.5667977667637256; 1; 6; 0.082272999999999999; 1; 
0; 40; 1; 1; 4; 5; 3.984375; 0.021267000000000001; 1; 1; 2.2812073230743408; 0.9537594347048447; 1; 0; 2.2812073230743408; 0; 2.9356268831352805; 3; 7.5667977667637256; 1; 6; 0.083307000000000006; 1; 
0; 40; 1; 1; 4; 5; 4.0078125; 0.021343999999999998; 1; 1; 2.2812073230743408; 0.9537594347048447; 1; 0; 2.2812073230743408; 0; 2.9356268831352805; 3; 7.5667977667637256; 1; 6; 0.082278000000000004; 1; 
0; 40; 1; 1; 4; 5; 4.03125; 0.021403999999999999; 1; 1; 2.2812073230743408; 0.9537594347048447; 1; 0; 2.2812073230743408; 0; 2.9356268831352805; 3; 7.5667977667637256; 1; 6; 0.082251000000000005; 1; 
0; 40; 1; 1; 4; 5; 4.3125; 0.023012000000000001; 1; 1; 2.2812073230743408; 0.9537594347048447; 1; 0; 2.2812073230743408; 0; 2.9404708640921786; 3; 7.8416338689352258; 1; 6; 0.082360000000000003; 1; 
0; 40; 1; 1; 4; 5; 4.3359375; 0.022192; 1; 1; 2.2812073230743408; 0.9537594347048447; 1; 0; 2.2812073230743408; 0; 2.9404708640921786; 3; 7.8416338689352258; 1; 6; 0.082284999999999997; 1; 
0; 40; 1; 1; 4; 5; 4.359375; 0.021486999999999999; 1; 1; 2.2812073230743408; 0.9537594347048447; 1; 0; 2.2812073230743408; 0; 2.9404708640921786; 3; 7.8416338689352258; 1; 6; 0.082322000000000006; 1; 
0; 40; 1; 1; 4; 5; 4.640625; 0.021260999999999999; 1; 1; 2.2812073230743408; 0.9537594347048447; 1; 0; 2.2812073230743408; 0; 2.9404708640921786; 3; 7.8416338689352258; 1; 6; 0.082238000000000006; 1; 
0; 40; 1; 1; 4; 5; 4.6640625; 0.021336999999999998; 1; 1; 2.2812073230743408; 0.9537594347048447; 1; 0; 2.2812073230743408; 0; 2.9404708640921786; 3; 7.8416338689352258; 1; 6; 0.082189999999999999; 1; 
0; 40; 1; 1; 4; 5; 4.6875; 0.021436; 1; 1; 2.2812073230743408; 0.9537594347048447; 1; 0; 2.2812073230743408; 0; 2.9404708640921786; 3; 7.8416338689352258; 1; 6; 0.082258999999999999; 1; 
0; 40; 1; 1; 4; 5; 4.7109375; 0.021222000000000001; 1; 1; 2.2812073230743408; 0.9537594347048447; 1; 0; 2.2812073230743408; 0; 2.9404708640921786; 3; 7.8416338689352258; 1; 6; 0.082284999999999997; 1; 
0; 46; 1; 1; 4; 5; 4.9921875; 0.020104; 1; 1; 2.2812073230743408; 0.9537594347048447; 1; 0; 2.2812073230743408; 0; 2.9524892370207931; 3; 9.7811698773522249; 1; 6; 0.093858999999999998; 1; 
0; 46; 1; 1; 4; 5; 5.01953125; 0.020146000000000001; 1; 1; 2.2812073230743408; 0.9537594347048447; 1; 0; 2.2812073230743408; 0; 2.9524892370207931; 3; 9.7811698773522249; 1; 6; 0.093982999999999997; 1; 
0; 46; 1; 1; 4; 5; 5.04296875; 0.020181000000000001; 1; 1; 2.2812073230743408; 0.9537594347048447; 1; 0; 2.2812073230743408; 0; 2.9524892370207931; 3; 9.7811698773522249; 1; 6; 0.093977000000000005; 1; 
0; 46; 1; 1; 4; 5; 5.0703125; 0.020247999999999999; 1; 1; 2.2812073230743408; 0.9537594347048447; 1; 0; 2.2812073230743408; 0; 2.9524892370207931; 3; 9.7811698773522249; 1; 6; 0.093955999999999998; 1; 
0; 46; 1; 1; 4; 5; 5.35546875; 0.019657000000000001; 1; 1; 2.2812073230743408; 0.9537594347048447; 1; 0; 2.2812073230743408; 0; 2.9524892370207931; 3; 9.7811698773522249; 1; 6; 0.093913999999999997; 1; 
0; 46; 1; 1; 4; 5; 5.3828125; 0.019737000000000001; 1; 1; 2.2812073230743408; 0.9537594347048447; 1; 0; 2.2812073230743408; 0; 2.9524892370207931; 3; 9.7811698773522249; 1; 6; 0.094015000000000001; 1; 
0; 37; 1; 1; 4; 5; 5.66796875; 0.021287; 1; 1; 2.2812073230743408; 0.9537594347048447; 1; 0; 2.2812073230743408; 0; 2.9483018669826979; 3; 8.733476111772676; 1; 6; 0.075906000000000001; 1; 
0; 37; 1; 1; 4; 5; 5.6875; 0.021817; 1; 1; 2.2812073230743408; 0.9537594347048447; 1; 0; 2.2812073230743408; 0; 2.9483018669826979; 3; 8.733476111772676; 1; 6; 0.075909000000000004; 1; 
0; 37; 1; 1; 4; 5; 5.7109375; 0.021897; 1; 1; 2.2812073230743408; 0.9537594347048447; 1; 0; 2.2812073230743408; 0; 2.9483018669826979; 3; 8.733476111772676; 1; 6; 0.077013999999999999; 1; 
0; 37; 1; 1; 4; 5; 5.73046875; 0.021812999999999999; 1; 1; 2.2812073230743408; 0.9537594347048447; 1; 0; 2.2812073230743408; 0; 2.9483018669826979; 3; 8.733476111772676; 1; 6; 0.075897000000000006; 1; 
0; 37; 1; 1; 4; 5; 5.75390625; 0.02196; 1; 1; 2.2812073230743408; 0.9537594347048447; 1; 0; 2.2812073230743408; 0; 2.9483018669826979; 3; 8.733476111772676; 1; 6; 0.076876; 1; 
0; 37; 1; 1; 4; 5; 6.03125; 0.023439000000000002; 1; 1; 2.2812073230743408; 0.9537594347048447; 1; 0; 2.2812073230743408; 0; 2.9483018669826979; 3; 8.733476111772676; 1; 6; 0.076960000000000001; 1; 
0; 37; 1; 1; 4; 5; 6.05078125; 0.020993999999999999; 1; 1; 2.2812073230743408; 0.9537594347048447; 1; 0; 2.2812073230743408; 0; 2.9483018669826979; 3; 8.733476111772676; 1; 6; 0.075967000000000007; 1; 
0; 40; 1; 1; 4; 5; 6.07421875; 0.020594000000000001; 1; 1; 2.2812073230743408; 0.9537594347048447; 1; 0; 2.2812073230743408; 0; 2.3637520881096448; 3; 10.570304747407032; 1; 6; 0.080173999999999995; 1; 
0; 40; 1; 1; 4; 5; 6.09765625; 0.021058; 1; 1; 2.2812073230743408; 0.9537594347048447; 1; 0; 2.2812073230743408; 0; 2.3637520881096448; 3; 10.570304747407032; 1; 6; 0.082239999999999994; 1; 
0; 40; 1; 1; 4; 5; 6.37890625; 0.020964; 1; 1; 2.2812073230743408; 0.9537594347048447; 1; 0; 2.2812073230743408; 0; 2.3637520881096448; 3; 10.570304747407032; 1; 6; 0.082290000000000002; 1; 
0; 40; 1; 1; 4; 5; 6.40234375; 0.020882000000000001; 1; 1; 2.2812073230743408; 0.9537594347048447; 1; 0; 2.2812073230743408; 0; 2.3637520881096448; 3; 10.570304747407032; 1; 6; 0.082256999999999997; 1; 
0; 40; 1; 1; 4; 5; 6.42578125; 0.021054; 1; 1; 2.2812073230743408; 0.9537594347048447; 1; 0; 2.2812073230743408; 0; 2.3637520881096448; 3; 10.570304747407032; 1; 6; 0.082278000000000004; 1; 
0; 40; 1; 1; 4; 5; 6.4453125; 0.020553999999999999; 1; 1; 2.2812073230743408; 0.9537594347048447; 1; 0; 2.2812073230743408; 0; 2.3637520881096448; 3; 10.570304747407032; 1; 6; 0.082272999999999999; 1; 
0; 40; 1; 1; 4; 5; 6.7265625; 0.020954; 1; 1; 2.2812073230743408; 0.9537594347048447; 1; 0; 2.2812073230743408; 0; 2.3637520881096448; 3; 10.570304747407032; 1; 6; 0.082427; 1; 
0; 40; 1; 1; 4; 5; 6.75; 0.020607; 1; 1; 2.2812073230743408; 0.9537594347048447; 1; 0; 2.2812073230743408; 0; 2.9291757104648424; 3; 7.3371610657527571; 1; 6; 0.043503; 1; 
0; 40; 1; 1; 4; 5; 6.7734375; 0.020958999999999998; 1; 1; 2.2812073230743408; 0.9537594347048447; 1; 0; 2.2812073230743408; 0; 2.9291757104648424; 3; 7.3371610657527571; 1; 6; 0.082255999999999996; 1; 
0; 40; 1; 1; 4; 5; 6.796875; 0.020874; 1; 1; 2.2812073230743408; 0.9537594347048447; 1; 0; 2.2812073230743408; 0; 2.9291757104648424; 3; 7.3371610657527571; 1; 6; 0.082261000000000001; 1; 
0; 40; 1; 1; 4; 5; 7.078125; 0.021118000000000001; 1; 1; 2.2812073230743408; 0.9537594347048447; 1; 0; 2.2812073230743408; 0; 2.9291757104648424; 3; 7.3371610657527571; 1; 6; 0.082310999999999995; 1; 
0; 40; 1; 1; 4; 5; 7.1015625; 0.020916000000000001; 1; 1; 2.2812073230743408; 0.9537594347048447; 1; 0; 2.2812073230743408; 0; 2.9291757104648424; 3; 7.3371610657527571; 1; 6; 0.082268999999999995; 1; 
0; 40; 1; 1; 4; 5; 7.125; 0.020858000000000002; 1; 1; 2.2812073230743408; 0.9537594347048447; 1; 0; 2.2812073230743408; 0; 2.9291757104648424; 3; 7.3371610657527571; 1; 6; 0.082291000000000003; 1; 
0; 40; 1; 1; 4; 5; 7.40625; 0.021049999999999999; 1; 1; 2.2812073230743408; 0.9537594347048447; 1; 0; 2.2812073230743408; 0; 2.9291757104648424; 3; 7.3371610657527571; 1; 6; 0.082239000000000007; 1; 
0; 37; 1; 1; 4; 5; 7.4296875; 0.021323999999999999; 1; 1; 2.2812073230743408; 0.9537594347048447; 1; 0; 2.2812073230743408; 0; 1.7544619902251504; 3; 52.205455443389461; 1; 6; 0.074875999999999998; 1; 
0; 37; 1; 1; 4; 5; 7.44921875; 0.021836999999999999; 1; 1; 2.2812073230743408; 0.9537594347048447; 1; 0; 2.2812073230743408; 0; 1.7544619902251504; 3; 52.205455443389461; 1; 6; 0.074943999999999997; 1; 
0; 37; 1; 1; 4; 5; 7.47265625; 0.021101999999999999; 1; 1; 2.2812073230743408; 0.9537594347048447; 1; 0; 2.2812073230743408; 0; 1.7544619902251504; 3; 52.205455443389461; 1; 6; 0.038227999999999998; 1; 
0; 37; 1; 1; 4; 5; 7.75; 0.021409000000000001; 1; 1; 2.2812073230743408; 0.9537594347048447; 1; 0; 2.2812073230743408; 0; 1.7544619902251504; 3; 52.205455443389461; 1; 6; 0.074801999999999993; 1; 
0; 37; 1; 1; 4; 5; 7.7734375; 0.021113; 1; 1; 2.2812073230743408; 0.9537594347048447; 1; 0; 2.2812073230743408; 0; 1.7544619902251504; 3; 52.205455443389461; 1; 6; 0.074801999999999993; 1; 
0; 37; 1; 1; 4; 5; 7.79296875; 0.021055000000000001; 1; 1; 2.2812073230743408; 0.9537594347048447; 1; 0; 2.2812073230743408; 0; 1.7544619902251504; 3; 52.205455443389461; 1; 6; 0.074842000000000006; 1; 
0; 37; 1; 1; 4; 5; 7.8125; 0.021361999999999999; 1; 1; 2.2812073230743408; 0.9537594347048447; 1; 0; 2.2812073230743408; 0; 1.7544619902251504; 3; 52.205455443389461; 1; 6; 0.074817999999999996; 1; 
0; 37; 1; 1; 4; 5; 8.09375; 0.021794999999999998; 1; 1; 2.2812073230743408; 0.9537594347048447; 1; 0; 2.2812073230743408; 0; 2.9460246769405813; 3; 8.3825988757137093; 1; 6; 0.075867000000000004; 1; 
0; 37; 1; 1; 4; 5; 8.11328125; 0.021305999999999999; 1; 1; 2.2812073230743408; 0.9537594347048447; 1; 0; 2.2812073230743408; 0; 2.9460246769405813; 3; 8.3825988757137093; 1; 6; 0.075923000000000004; 1; 
0; 37; 1; 1; 4; 5; 8.13671875; 0.021791999999999999; 1; 1; 2.2812073230743408; 0.9537594347048447; 1; 0; 2.2812073230743408; 0; 2.9460246769405813; 3; 8.3825988757137093; 1; 6; 0.075883999999999993; 1; 
0; 37; 1; 1; 4; 5; 8.15625; 0.021604000000000002; 1; 1; 2.2812073230743408; 0.9537594347048447; 1; 0; 2.2812073230743408; 0; 2.9460246769405813; 3; 8.3825988757137093; 1; 6; 0.078126000000000001; 1; 
0; 37; 1; 1; 4; 5; 8.4375; 0.023512999999999999; 1; 1; 2.2812073230743408; 0.9537594347048447; 1; 0; 2.2812073230743408; 0; 2.9460246769405813; 3; 8.3825988757137093; 1; 6; 0.075886999999999996; 1; 
0; 37; 1; 1; 4; 5; 8.45703125; 0.022290999999999998; 1; 1; 2.2812073230743408; 0.9537594347048447; 1; 0; 2.2812073230743408; 0; 2.9460246769405813; 3; 8.3825988757137093; 1; 6; 0.077002000000000001; 1; 
.
