Experiment experiment
Running on nestor-UL30A
Starting at 2015-02-26T23:54:45.310227
<<<|
Properties of the state space 'CompoundSpace5'
  - signature: 10 0 6 0 6 5 6 1 3 3 3 
  - dimension: 6
  - extent: 1415.78
  - sanity checks for state space passed
  - probability of valid states: 0.879
  - average length of a valid motion: 200.677
  - average number of samples drawn per second: sampleUniform()=12437.7 sampleUniformNear()=1197.39 sampleGaussian()=1.88679e+07
Settings for the state space 'CompoundSpace5'
  - state validity check resolution: 1%
  - valid segment count factor: 1
  - state space:
Compound state space 'CompoundSpace5' of dimension 6 [
Compound state space 'ssRobot0' of dimension 6 [
Compound state space 'ssRobot0_SE3' of dimension 6 (locked) [
Real vector state space 'RealVectorSpace2' of dimension 3 with bounds: 
  - min: 0 0 0 
  - max: 1000 1000 0.001 
 of weight 1
SO(3) state space 'SO3Space3' (represented using quaternions)
 of weight 1
]
Registered projections:
  - <default>
Projection of dimension 3
Cell sizes (computed defaults): [50 50 5e-05]
  - drawprojection
Projection of dimension 3
Cell sizes (computed defaults): [50 50 5e-05]
 of weight 1
]
Registered projections:
  - <default>
Projection of dimension 3
Cell sizes (computed defaults): [50 50 5e-05]
  - drawprojection
Projection of dimension 3
Cell sizes (computed defaults): [50 50 5e-05]
 of weight 1
]
Registered projections:
  - <default>
Projection of dimension 3
Cell sizes (computed defaults): [50 50 5e-05]
  - drawprojection0
Projection of dimension 3
Cell sizes (computed defaults): [50 50 5e-05]

Declared parameters:
longest_valid_segment_fraction = 0.01
projection.cellsize.0 = 50
projection.cellsize.1 = 50
projection.cellsize.2 = 5.0000000000000002e-05
projection.cellsize_factor = 
projection.drawprojection0.cellsize.0 = 50
projection.drawprojection0.cellsize.1 = 50
projection.drawprojection0.cellsize.2 = 5.0000000000000002e-05
projection.drawprojection0.cellsize_factor = 
valid_segment_count_factor = 1
Valid state sampler named kautham sampler with parameters:
nr_attempts = 100
Planner myPCARRT specs:
Multithreaded:                 No
Reports approximate solutions: Yes
Can optimize solutions:        No
Aware of the following parameters: goal_bias pmdBias range timeStep
Declared parameters for planner myPCARRT:
goal_bias = 0.05000000074505806
pmdBias = 1
range = 0.5
timeStep = 0.05000000074505806
Start states:
Compound state [
Compound state [
Compound state [
RealVectorState [370 810 5e-06]
SO3State [8.65956e-17 -0.707107 0.707107 -4.37114e-08]
]
]
]
Goal state, threshold = 2.22045e-16, memory address = 0x9a8080, state = 
Compound state [
Compound state [
Compound state [
RealVectorState [200 170 5e-06]
SO3State [8.65956e-17 -0.707107 0.707107 -4.37114e-08]
]
]
]
There are 0 solutions

Properties of benchmarked planners:
Planner RRT specs:
Multithreaded:                 No
Reports approximate solutions: Yes
Can optimize solutions:        No
Aware of the following parameters: goal_bias range
Planner myPCARRT specs:
Multithreaded:                 No
Reports approximate solutions: Yes
Can optimize solutions:        No
Aware of the following parameters: goal_bias pmdBias range timeStep
|>>>
1951170757 is the random seed
20 seconds per run
1000 MB per run
100 runs per planner
125.299 seconds spent to collect the data
1 enum type
status|Unknown status|Invalid start|Invalid goal|Unrecognized goal type|Timeout|Approximate solution|Exact solution|Crash
2 planners
geometric_RRT
12 common properties
goal_bias = 0.05000000074505806
longest_valid_segment_fraction = 0.01
projection.cellsize.0 = 50
projection.cellsize.1 = 50
projection.cellsize.2 = 5.0000000000000002e-05
projection.cellsize_factor = 
projection.drawprojection0.cellsize.0 = 50
projection.drawprojection0.cellsize.1 = 50
projection.drawprojection0.cellsize.2 = 5.0000000000000002e-05
projection.drawprojection0.cellsize_factor = 
range = 7
valid_segment_count_factor = 1
22 properties for each run
approximate solution BOOLEAN
correct solution BOOLEAN
correct solution strict BOOLEAN
graph motions INTEGER
graph states INTEGER
memory REAL
simplification time REAL
simplified correct solution BOOLEAN
simplified correct solution strict BOOLEAN
simplified solution clearance REAL
simplified solution length REAL
simplified solution segments INTEGER
simplified solution smoothness REAL
solution clearance REAL
solution difference REAL
solution length REAL
solution segments INTEGER
solution smoothness REAL
solved BOOLEAN
status ENUM
time REAL
valid segment fraction REAL
100 runs
0; 1; 1; 7041; 7042; 50.82421875; 0.30069000000000001; 1; 1; 0; 2363.616376453238; 24; 0.0025835374537403117; 0; 0; 2820.0456158342654; 404; 3.4258738733971814; 1; 6; 6.0480140000000002; 0.37216554786193773; 
0; 1; 1; 7966; 7967; 112.03125; 0.284557; 1; 1; 0; 1332.6716477901186; 8; 0.00028310539542551088; 0; 0; 1619.6366529612594; 233; 2.0691175960433186; 1; 6; 7.3864260000000002; 0.36491067338524963; 
0; 1; 1; 8514; 8515; 175.34765625; 0.26399400000000001; 1; 1; 0; 1395.7498911792989; 32; 0.0047422297091253693; 0; 0; 1738.0426483026063; 249; 2.9096288859606427; 1; 6; 7.6470019999999996; 0.37125539615401387; 
0; 1; 1; 6984; 6985; 231.9140625; 0.30537199999999998; 1; 1; 0; 2434.6056274528896; 40; 0.0071991275038511774; 0; 0; 2964.8891758357167; 424; 3.8196496893124068; 1; 6; 6.057849; 0.36093023255813955; 
0; 1; 1; 6421; 6422; 282.25; 0.201764; 1; 1; 0; 1329.4157526073755; 10; 0.027660387026200568; 0; 0; 1697.8923740790708; 243; 2.5311472782563533; 1; 6; 5.6149550000000001; 0.35729786878860387; 
0; 1; 1; 6969; 6970; 334.41015625; 0.23236999999999999; 1; 1; 0; 1381.9147614615692; 32; 0.011624298140682164; 0; 0; 1777.8026866902353; 254; 3.0540548925866697; 1; 6; 6.0988239999999996; 0.36754390591213543; 
0; 1; 1; 6752; 6753; 386.92578125; 1.2812589999999999; 0; 0; 0; 1325.899263689156; 48; 1.7652574602438902; 0; 0; 1719.4054454947918; 246; 2.8501282196652622; 1; 6; 6.0127459999999999; 0.36070302900795981; 
0; 1; 1; 5638; 5639; 440.68359375; 0.27532899999999999; 1; 1; 0; 1372.4819503666972; 32; 0.005625948569235999; 0; 0; 1666.2502634262949; 239; 2.3780924261501202; 1; 6; 5.1232519999999999; 0.35345746348191337; 
0; 1; 1; 7249; 7250; 499.125; 0.32719399999999998; 1; 1; 0; 2375.8359947162198; 40; 0.018635737605766391; 0; 0; 2893.0112851380577; 414; 3.9654734443866415; 1; 6; 6.5055100000000001; 0.35911027444763699; 
0; 1; 1; 7334; 7335; 557.4375; 0.25064500000000001; 1; 1; 0; 2340.6080451826811; 10; 0.00018246863480727771; 0; 0; 2830.5027347500745; 407; 4.2816488440656553; 1; 6; 6.6256180000000002; 0.3577211979319091; 
0; 1; 1; 6058; 6059; 604.5546875; 0.84521100000000005; 0; 0; 0; 2364.5518660169669; 12; 0.00026941867132309087; 0; 0; 2882.4690015963097; 412; 4.1746342922760089; 1; 6; 5.353523; 0.36177963571215288; 
0; 1; 1; 7610; 7611; 667.8359375; 0.38021700000000003; 1; 1; 0; 2368.1446191662981; 96; 0.075689988835768468; 0; 0; 2939.847418668543; 421; 4.3018761403579378; 1; 6; 6.7777659999999997; 0.36572472126105343; 
0; 1; 1; 7128; 7129; 724.80078125; 0.90424400000000005; 0; 0; 0; 2344.346114953029; 48; 0.015750210617915102; 0; 0; 2875.9048875907806; 412; 3.9151170566308364; 1; 6; 6.4244560000000002; 0.36499564749859181; 
0; 1; 1; 6199; 6200; 783.734375; 1.058797; 0; 0; 0; 2346.1919376776914; 14; 0.02493901021973393; 0; 0; 2891.2172923452513; 414; 3.9393678715175078; 1; 6; 5.8977940000000002; 0.35630532245085644; 
0; 1; 1; 6699; 6700; 841.66015625; 0.32957999999999998; 1; 1; 0; 2396.1410797788067; 28; 0.0097613997663985024; 0; 0; 2882.4754633832517; 412; 4.6581937054229394; 1; 6; 6.2875209999999999; 0.35525269130826748; 
0; 1; 1; 6721; 6722; 894.46875; 0.25967000000000001; 1; 1; 0; 1326.0730623989616; 40; 0.28689444962825145; 0; 0; 1632.7065050429658; 234; 2.5294478346313811; 1; 6; 5.9213399999999998; 0.36690686756196089; 
0; 1; 1; 7456; 7457; 949.671875; 0.23794399999999999; 1; 1; 0; 1345.8731553322798; 32; 0.01072180533678478; 0; 0; 1607.5662209420523; 231; 2.1966844260540985; 1; 6; 6.588419; 0.37229739851200877; 
1; 1; 1; 6613; 6614; 1000.18359375; 0.159882; 1; 1; 0; 941.5267633319188; 32; 0.0054035966938795676; 0; 58.312786926791219; 1143.2520187240104; 164; 1.7026294610537887; 0; 5; 5.5271840000000001; 0.3606959746918294; 
; ; ; 0; 1; 1003.1171875; ; ; ; ; ; ; ; ; ; ; ; ; 0; 4; 0.013492000000000001; 0; 
; ; ; 0; 1; 1003.1171875; ; ; ; ; ; ; ; ; ; ; ; ; 0; 4; 0.001232; 0; 
; ; ; 0; 1; 1003.1171875; ; ; ; ; ; ; ; ; ; ; ; ; 0; 4; 0.0012719999999999999; 0; 
; ; ; 0; 1; 1003.1171875; ; ; ; ; ; ; ; ; ; ; ; ; 0; 4; 0.0012719999999999999; 0; 
; ; ; 0; 1; 1003.1171875; ; ; ; ; ; ; ; ; ; ; ; ; 0; 4; 0.001268; 0; 
; ; ; 0; 1; 1003.1171875; ; ; ; ; ; ; ; ; ; ; ; ; 0; 4; 0.001256; 0; 
; ; ; 0; 1; 1003.1171875; ; ; ; ; ; ; ; ; ; ; ; ; 0; 4; 0.0012620000000000001; 0; 
; ; ; 0; 1; 1003.1171875; ; ; ; ; ; ; ; ; ; ; ; ; 0; 4; 0.00134; 0; 
; ; ; 0; 1; 1003.1171875; ; ; ; ; ; ; ; ; ; ; ; ; 0; 4; 0.0013190000000000001; 0; 
1; 1; 1; 9; 10; 1003.1171875; 0.00055599999999999996; 1; 1; 0; 11.006452028841522; 1; 0; 0; 651.40338013295423; 13.999999999999975; 2; 0.036230509365697182; 0; 5; 0.0044510000000000001; 1; 
; ; ; 0; 1; 1003.1171875; ; ; ; ; ; ; ; ; ; ; ; ; 0; 4; 0.0012800000000000001; 0; 
; ; ; 0; 1; 1003.1171875; ; ; ; ; ; ; ; ; ; ; ; ; 0; 4; 0.0012700000000000001; 0; 
; ; ; 0; 1; 1003.1171875; ; ; ; ; ; ; ; ; ; ; ; ; 0; 4; 0.001256; 0; 
; ; ; 0; 1; 1003.1171875; ; ; ; ; ; ; ; ; ; ; ; ; 0; 4; 0.0012650000000000001; 0; 
; ; ; 0; 1; 1003.1171875; ; ; ; ; ; ; ; ; ; ; ; ; 0; 4; 0.001704; 0; 
; ; ; 0; 1; 1003.1171875; ; ; ; ; ; ; ; ; ; ; ; ; 0; 4; 0.002222; 0; 
1; 1; 1; 1; 2; 1003.1171875; 0.00037399999999999998; 1; 1; 0; 7.0000000000000107; 1; 0; 0; 657.66494267154815; 7.0000000000000107; 1; 0; 0; 5; 0.001944; 1; 
; ; ; 0; 1; 1003.1171875; ; ; ; ; ; ; ; ; ; ; ; ; 0; 4; 0.001305; 0; 
; ; ; 0; 1; 1003.1171875; ; ; ; ; ; ; ; ; ; ; ; ; 0; 4; 0.0012899999999999999; 0; 
; ; ; 0; 1; 1003.1171875; ; ; ; ; ; ; ; ; ; ; ; ; 0; 4; 0.001291; 0; 
; ; ; 0; 1; 1003.1171875; ; ; ; ; ; ; ; ; ; ; ; ; 0; 4; 0.001338; 0; 
; ; ; 0; 1; 1003.1171875; ; ; ; ; ; ; ; ; ; ; ; ; 0; 4; 0.0014; 0; 
; ; ; 0; 1; 1003.1171875; ; ; ; ; ; ; ; ; ; ; ; ; 0; 4; 0.0012899999999999999; 0; 
; ; ; 0; 1; 1003.1171875; ; ; ; ; ; ; ; ; ; ; ; ; 0; 4; 0.001338; 0; 
; ; ; 0; 1; 1003.1171875; ; ; ; ; ; ; ; ; ; ; ; ; 0; 4; 0.001341; 0; 
; ; ; 0; 1; 1003.1171875; ; ; ; ; ; ; ; ; ; ; ; ; 0; 4; 0.0013439999999999999; 0; 
1; 1; 1; 1; 2; 1003.1171875; 0.00037100000000000002; 1; 1; 0; 7.0000000000000107; 1; 0; 0; 657.66494267154815; 7.0000000000000107; 1; 0; 0; 5; 0.0016750000000000001; 1; 
; ; ; 0; 1; 1003.1171875; ; ; ; ; ; ; ; ; ; ; ; ; 0; 4; 0.0013450000000000001; 0; 
1; 1; 1; 2; 3; 1003.1171875; 0.00037500000000000001; 1; 1; 0; 7.0000000000000107; 1; 0; 0; 657.66494267154815; 7.0000000000000107; 1; 0; 0; 5; 0.004653; 1; 
; ; ; 0; 1; 1003.1171875; ; ; ; ; ; ; ; ; ; ; ; ; 0; 4; 0.0013339999999999999; 0; 
; ; ; 0; 1; 1003.1171875; ; ; ; ; ; ; ; ; ; ; ; ; 0; 4; 0.001217; 0; 
; ; ; 0; 1; 1003.1171875; ; ; ; ; ; ; ; ; ; ; ; ; 0; 4; 0.0012160000000000001; 0; 
; ; ; 0; 1; 1003.1171875; ; ; ; ; ; ; ; ; ; ; ; ; 0; 4; 0.0012669999999999999; 0; 
; ; ; 0; 1; 1003.1171875; ; ; ; ; ; ; ; ; ; ; ; ; 0; 4; 0.0012689999999999999; 0; 
; ; ; 0; 1; 1003.1171875; ; ; ; ; ; ; ; ; ; ; ; ; 0; 4; 0.0012719999999999999; 0; 
; ; ; 0; 1; 1003.1171875; ; ; ; ; ; ; ; ; ; ; ; ; 0; 4; 0.0012669999999999999; 0; 
; ; ; 0; 1; 1003.1171875; ; ; ; ; ; ; ; ; ; ; ; ; 0; 4; 0.00123; 0; 
; ; ; 0; 1; 1003.1171875; ; ; ; ; ; ; ; ; ; ; ; ; 0; 4; 0.001292; 0; 
; ; ; 0; 1; 1003.1171875; ; ; ; ; ; ; ; ; ; ; ; ; 0; 4; 0.0013470000000000001; 0; 
; ; ; 0; 1; 1003.1171875; ; ; ; ; ; ; ; ; ; ; ; ; 0; 4; 0.0013389999999999999; 0; 
; ; ; 0; 1; 1003.1171875; ; ; ; ; ; ; ; ; ; ; ; ; 0; 4; 0.00134; 0; 
; ; ; 0; 1; 1003.1171875; ; ; ; ; ; ; ; ; ; ; ; ; 0; 4; 0.0013439999999999999; 0; 
; ; ; 0; 1; 1003.1171875; ; ; ; ; ; ; ; ; ; ; ; ; 0; 4; 0.001366; 0; 
; ; ; 0; 1; 1003.1171875; ; ; ; ; ; ; ; ; ; ; ; ; 0; 4; 0.003418; 0; 
1; 1; 1; 1; 2; 1003.1171875; 0.00046999999999999999; 1; 1; 0; 7.0000000000000107; 1; 0; 0; 657.66494267154815; 7.0000000000000107; 1; 0; 0; 5; 0.0019269999999999999; 1; 
; ; ; 0; 1; 1003.1171875; ; ; ; ; ; ; ; ; ; ; ; ; 0; 4; 0.001354; 0; 
; ; ; 0; 1; 1003.1171875; ; ; ; ; ; ; ; ; ; ; ; ; 0; 4; 0.0012960000000000001; 0; 
; ; ; 0; 1; 1003.1171875; ; ; ; ; ; ; ; ; ; ; ; ; 0; 4; 0.0013439999999999999; 0; 
; ; ; 0; 1; 1003.1171875; ; ; ; ; ; ; ; ; ; ; ; ; 0; 4; 0.0013389999999999999; 0; 
; ; ; 0; 1; 1003.1171875; ; ; ; ; ; ; ; ; ; ; ; ; 0; 4; 0.001276; 0; 
; ; ; 0; 1; 1003.1171875; ; ; ; ; ; ; ; ; ; ; ; ; 0; 4; 0.001341; 0; 
; ; ; 0; 1; 1003.1171875; ; ; ; ; ; ; ; ; ; ; ; ; 0; 4; 0.00134; 0; 
; ; ; 0; 1; 1003.1171875; ; ; ; ; ; ; ; ; ; ; ; ; 0; 4; 0.0013489999999999999; 0; 
; ; ; 0; 1; 1003.1171875; ; ; ; ; ; ; ; ; ; ; ; ; 0; 4; 0.0013439999999999999; 0; 
; ; ; 0; 1; 1003.1171875; ; ; ; ; ; ; ; ; ; ; ; ; 0; 4; 0.001346; 0; 
; ; ; 0; 1; 1003.1171875; ; ; ; ; ; ; ; ; ; ; ; ; 0; 4; 0.0013389999999999999; 0; 
; ; ; 0; 1; 1003.1171875; ; ; ; ; ; ; ; ; ; ; ; ; 0; 4; 0.001384; 0; 
; ; ; 0; 1; 1003.1171875; ; ; ; ; ; ; ; ; ; ; ; ; 0; 4; 0.0030630000000000002; 0; 
; ; ; 0; 1; 1003.1171875; ; ; ; ; ; ; ; ; ; ; ; ; 0; 4; 0.0014779999999999999; 0; 
; ; ; 0; 1; 1003.1171875; ; ; ; ; ; ; ; ; ; ; ; ; 0; 4; 0.0013810000000000001; 0; 
; ; ; 0; 1; 1003.1171875; ; ; ; ; ; ; ; ; ; ; ; ; 0; 4; 0.001193; 0; 
; ; ; 0; 1; 1003.1171875; ; ; ; ; ; ; ; ; ; ; ; ; 0; 4; 0.001274; 0; 
; ; ; 0; 1; 1003.1171875; ; ; ; ; ; ; ; ; ; ; ; ; 0; 4; 0.001273; 0; 
; ; ; 0; 1; 1003.1171875; ; ; ; ; ; ; ; ; ; ; ; ; 0; 4; 0.001266; 0; 
; ; ; 0; 1; 1003.1171875; ; ; ; ; ; ; ; ; ; ; ; ; 0; 4; 0.0012160000000000001; 0; 
; ; ; 0; 1; 1003.1171875; ; ; ; ; ; ; ; ; ; ; ; ; 0; 4; 0.0012719999999999999; 0; 
; ; ; 0; 1; 1003.1171875; ; ; ; ; ; ; ; ; ; ; ; ; 0; 4; 0.0012459999999999999; 0; 
; ; ; 0; 1; 1003.1171875; ; ; ; ; ; ; ; ; ; ; ; ; 0; 4; 0.0014139999999999999; 0; 
; ; ; 0; 1; 1003.1171875; ; ; ; ; ; ; ; ; ; ; ; ; 0; 4; 0.0013140000000000001; 0; 
; ; ; 0; 1; 1003.1171875; ; ; ; ; ; ; ; ; ; ; ; ; 0; 4; 0.0013420000000000001; 0; 
; ; ; 0; 1; 1003.1171875; ; ; ; ; ; ; ; ; ; ; ; ; 0; 4; 0.001343; 0; 
; ; ; 0; 1; 1003.1171875; ; ; ; ; ; ; ; ; ; ; ; ; 0; 4; 0.00134; 0; 
; ; ; 0; 1; 1003.1171875; ; ; ; ; ; ; ; ; ; ; ; ; 0; 4; 0.001338; 0; 
; ; ; 0; 1; 1003.1171875; ; ; ; ; ; ; ; ; ; ; ; ; 0; 4; 0.0013389999999999999; 0; 
; ; ; 0; 1; 1003.1171875; ; ; ; ; ; ; ; ; ; ; ; ; 0; 4; 0.003222; 0; 
1; 1; 1; 4; 5; 1003.1171875; 0.00042099999999999999; 1; 1; 0; 7.0000000000000107; 1; 0; 0; 657.66494267154815; 7.0000000000000107; 1; 0; 0; 5; 0.0030010000000000002; 1; 
; ; ; 0; 1; 1003.1171875; ; ; ; ; ; ; ; ; ; ; ; ; 0; 4; 0.0013680000000000001; 0; 
; ; ; 0; 1; 1003.1171875; ; ; ; ; ; ; ; ; ; ; ; ; 0; 4; 0.0012769999999999999; 0; 
; ; ; 0; 1; 1003.1171875; ; ; ; ; ; ; ; ; ; ; ; ; 0; 4; 0.0012700000000000001; 0; 
; ; ; 0; 1; 1003.1171875; ; ; ; ; ; ; ; ; ; ; ; ; 0; 4; 0.0012689999999999999; 0; 
; ; ; 0; 1; 1003.1171875; ; ; ; ; ; ; ; ; ; ; ; ; 0; 4; 0.001214; 0; 
; ; ; 0; 1; 1003.1171875; ; ; ; ; ; ; ; ; ; ; ; ; 0; 4; 0.001189; 0; 
.
geometric_myPCARRT
14 common properties
goal_bias = 0.05000000074505806
longest_valid_segment_fraction = 0.01
pmdBias = 1
projection.cellsize.0 = 50
projection.cellsize.1 = 50
projection.cellsize.2 = 5.0000000000000002e-05
projection.cellsize_factor = 
projection.drawprojection0.cellsize.0 = 50
projection.drawprojection0.cellsize.1 = 50
projection.drawprojection0.cellsize.2 = 5.0000000000000002e-05
projection.drawprojection0.cellsize_factor = 
range = 0.5
timeStep = 0.05000000074505806
valid_segment_count_factor = 1
22 properties for each run
approximate solution BOOLEAN
correct solution BOOLEAN
correct solution strict BOOLEAN
graph motions INTEGER
graph states INTEGER
memory REAL
simplification time REAL
simplified correct solution BOOLEAN
simplified correct solution strict BOOLEAN
simplified solution clearance REAL
simplified solution length REAL
simplified solution segments INTEGER
simplified solution smoothness REAL
solution clearance REAL
solution difference REAL
solution length REAL
solution segments INTEGER
solution smoothness REAL
solved BOOLEAN
status ENUM
time REAL
valid segment fraction REAL
100 runs
; ; ; 0; 1; 1003.1171875; ; ; ; ; ; ; ; ; ; ; ; ; 0; 4; 0.001189; 0; 
; ; ; 0; 1; 1003.125; ; ; ; ; ; ; ; ; ; ; ; ; 0; 4; 0.0012600000000000001; 0; 
; ; ; 0; 1; 1003.125; ; ; ; ; ; ; ; ; ; ; ; ; 0; 4; 0.0012669999999999999; 0; 
; ; ; 0; 1; 1003.125; ; ; ; ; ; ; ; ; ; ; ; ; 0; 4; 0.001291; 0; 
; ; ; 0; 1; 1003.125; ; ; ; ; ; ; ; ; ; ; ; ; 0; 4; 0.001341; 0; 
; ; ; 0; 1; 1003.125; ; ; ; ; ; ; ; ; ; ; ; ; 0; 4; 0.001333; 0; 
; ; ; 0; 1; 1003.125; ; ; ; ; ; ; ; ; ; ; ; ; 0; 4; 0.0013259999999999999; 0; 
1; 1; 1; 4; 5; 1003.125; 0.00036099999999999999; 1; 1; 0; 0.85870863286998322; 1; 0; 0; 662.31579830747557; 1.0000000000000238; 2; 4.6319978439110203; 0; 5; 0.0057070000000000003; 0.66666666666666663; 
; ; ; 0; 1; 1003.171875; ; ; ; ; ; ; ; ; ; ; ; ; 0; 4; 0.0012650000000000001; 0; 
; ; ; 0; 1; 1003.171875; ; ; ; ; ; ; ; ; ; ; ; ; 0; 4; 0.001286; 0; 
; ; ; 0; 1; 1003.171875; ; ; ; ; ; ; ; ; ; ; ; ; 0; 4; 0.001273; 0; 
; ; ; 0; 1; 1003.171875; ; ; ; ; ; ; ; ; ; ; ; ; 0; 4; 0.0012290000000000001; 0; 
; ; ; 0; 1; 1003.171875; ; ; ; ; ; ; ; ; ; ; ; ; 0; 4; 0.0012329999999999999; 0; 
; ; ; 0; 1; 1003.171875; ; ; ; ; ; ; ; ; ; ; ; ; 0; 4; 0.001274; 0; 
; ; ; 0; 1; 1003.171875; ; ; ; ; ; ; ; ; ; ; ; ; 0; 4; 0.0012310000000000001; 0; 
; ; ; 0; 1; 1003.171875; ; ; ; ; ; ; ; ; ; ; ; ; 0; 4; 0.001268; 0; 
; ; ; 0; 1; 1003.171875; ; ; ; ; ; ; ; ; ; ; ; ; 0; 4; 0.0012509999999999999; 0; 
; ; ; 0; 1; 1003.171875; ; ; ; ; ; ; ; ; ; ; ; ; 0; 4; 0.0012869999999999999; 0; 
; ; ; 0; 1; 1003.171875; ; ; ; ; ; ; ; ; ; ; ; ; 0; 4; 0.001341; 0; 
; ; ; 0; 1; 1003.171875; ; ; ; ; ; ; ; ; ; ; ; ; 0; 4; 0.00134; 0; 
; ; ; 0; 1; 1003.171875; ; ; ; ; ; ; ; ; ; ; ; ; 0; 4; 0.00134; 0; 
; ; ; 0; 1; 1003.171875; ; ; ; ; ; ; ; ; ; ; ; ; 0; 4; 0.0013420000000000001; 0; 
; ; ; 0; 1; 1003.171875; ; ; ; ; ; ; ; ; ; ; ; ; 0; 4; 0.004071; 0; 
; ; ; 0; 1; 1003.171875; ; ; ; ; ; ; ; ; ; ; ; ; 0; 4; 0.0031120000000000002; 0; 
; ; ; 0; 1; 1003.171875; ; ; ; ; ; ; ; ; ; ; ; ; 0; 4; 0.001315; 0; 
; ; ; 0; 1; 1003.171875; ; ; ; ; ; ; ; ; ; ; ; ; 0; 4; 0.0012880000000000001; 0; 
; ; ; 0; 1; 1003.171875; ; ; ; ; ; ; ; ; ; ; ; ; 0; 4; 0.0013420000000000001; 0; 
; ; ; 0; 1; 1003.171875; ; ; ; ; ; ; ; ; ; ; ; ; 0; 4; 0.0013090000000000001; 0; 
; ; ; 0; 1; 1003.171875; ; ; ; ; ; ; ; ; ; ; ; ; 0; 4; 0.0013270000000000001; 0; 
; ; ; 0; 1; 1003.171875; ; ; ; ; ; ; ; ; ; ; ; ; 0; 4; 0.0012689999999999999; 0; 
; ; ; 0; 1; 1003.171875; ; ; ; ; ; ; ; ; ; ; ; ; 0; 4; 0.00133; 0; 
; ; ; 0; 1; 1003.171875; ; ; ; ; ; ; ; ; ; ; ; ; 0; 4; 0.00134; 0; 
; ; ; 0; 1; 1003.171875; ; ; ; ; ; ; ; ; ; ; ; ; 0; 4; 0.0013619999999999999; 0; 
; ; ; 0; 1; 1003.171875; ; ; ; ; ; ; ; ; ; ; ; ; 0; 4; 0.0013370000000000001; 0; 
; ; ; 0; 1; 1003.171875; ; ; ; ; ; ; ; ; ; ; ; ; 0; 4; 0.001304; 0; 
; ; ; 0; 1; 1003.171875; ; ; ; ; ; ; ; ; ; ; ; ; 0; 4; 0.0013699999999999999; 0; 
; ; ; 0; 1; 1003.171875; ; ; ; ; ; ; ; ; ; ; ; ; 0; 4; 0.0014909999999999999; 0; 
; ; ; 0; 1; 1003.171875; ; ; ; ; ; ; ; ; ; ; ; ; 0; 4; 0.0024620000000000002; 0; 
1; 1; 1; 4; 5; 1003.171875; 0.00035799999999999997; 1; 1; 0; 0.85870863286998322; 1; 0; 0; 662.31579830747557; 1.0000000000000238; 2; 4.6319978439110203; 0; 5; 0.0039050000000000001; 0.80000000000000004; 
; ; ; 0; 1; 1003.171875; ; ; ; ; ; ; ; ; ; ; ; ; 0; 4; 0.0012899999999999999; 0; 
; ; ; 0; 1; 1003.171875; ; ; ; ; ; ; ; ; ; ; ; ; 0; 4; 0.001238; 0; 
; ; ; 0; 1; 1003.171875; ; ; ; ; ; ; ; ; ; ; ; ; 0; 4; 0.001274; 0; 
; ; ; 0; 1; 1003.171875; ; ; ; ; ; ; ; ; ; ; ; ; 0; 4; 0.0012669999999999999; 0; 
; ; ; 0; 1; 1003.171875; ; ; ; ; ; ; ; ; ; ; ; ; 0; 4; 0.0011969999999999999; 0; 
; ; ; 0; 1; 1003.171875; ; ; ; ; ; ; ; ; ; ; ; ; 0; 4; 0.0012149999999999999; 0; 
; ; ; 0; 1; 1003.171875; ; ; ; ; ; ; ; ; ; ; ; ; 0; 4; 0.0012719999999999999; 0; 
; ; ; 0; 1; 1003.171875; ; ; ; ; ; ; ; ; ; ; ; ; 0; 4; 0.001284; 0; 
; ; ; 0; 1; 1003.171875; ; ; ; ; ; ; ; ; ; ; ; ; 0; 4; 0.0012800000000000001; 0; 
; ; ; 0; 1; 1003.171875; ; ; ; ; ; ; ; ; ; ; ; ; 0; 4; 0.001235; 0; 
; ; ; 0; 1; 1003.171875; ; ; ; ; ; ; ; ; ; ; ; ; 0; 4; 0.0012639999999999999; 0; 
; ; ; 0; 1; 1003.171875; ; ; ; ; ; ; ; ; ; ; ; ; 0; 4; 0.001268; 0; 
; ; ; 0; 1; 1003.171875; ; ; ; ; ; ; ; ; ; ; ; ; 0; 4; 0.0012210000000000001; 0; 
; ; ; 0; 1; 1003.171875; ; ; ; ; ; ; ; ; ; ; ; ; 0; 4; 0.0013010000000000001; 0; 
; ; ; 0; 1; 1003.171875; ; ; ; ; ; ; ; ; ; ; ; ; 0; 4; 0.0047029999999999997; 0; 
; ; ; 0; 1; 1003.171875; ; ; ; ; ; ; ; ; ; ; ; ; 0; 4; 0.001371; 0; 
; ; ; 0; 1; 1003.171875; ; ; ; ; ; ; ; ; ; ; ; ; 0; 4; 0.001346; 0; 
; ; ; 0; 1; 1003.171875; ; ; ; ; ; ; ; ; ; ; ; ; 0; 4; 0.0015529999999999999; 0; 
; ; ; 0; 1; 1003.171875; ; ; ; ; ; ; ; ; ; ; ; ; 0; 4; 0.001297; 0; 
; ; ; 0; 1; 1003.171875; ; ; ; ; ; ; ; ; ; ; ; ; 0; 4; 0.00134; 0; 
; ; ; 0; 1; 1003.171875; ; ; ; ; ; ; ; ; ; ; ; ; 0; 4; 0.001364; 0; 
; ; ; 0; 1; 1003.171875; ; ; ; ; ; ; ; ; ; ; ; ; 0; 4; 0.0013110000000000001; 0; 
; ; ; 0; 1; 1003.171875; ; ; ; ; ; ; ; ; ; ; ; ; 0; 4; 0.001346; 0; 
; ; ; 0; 1; 1003.171875; ; ; ; ; ; ; ; ; ; ; ; ; 0; 4; 0.0013389999999999999; 0; 
; ; ; 0; 1; 1003.171875; ; ; ; ; ; ; ; ; ; ; ; ; 0; 4; 0.00134; 0; 
; ; ; 0; 1; 1003.171875; ; ; ; ; ; ; ; ; ; ; ; ; 0; 4; 0.001315; 0; 
; ; ; 0; 1; 1003.171875; ; ; ; ; ; ; ; ; ; ; ; ; 0; 4; 0.0013489999999999999; 0; 
; ; ; 0; 1; 1003.171875; ; ; ; ; ; ; ; ; ; ; ; ; 0; 4; 0.0013439999999999999; 0; 
; ; ; 0; 1; 1003.171875; ; ; ; ; ; ; ; ; ; ; ; ; 0; 4; 0.0013439999999999999; 0; 
; ; ; 0; 1; 1003.171875; ; ; ; ; ; ; ; ; ; ; ; ; 0; 4; 0.001346; 0; 
; ; ; 0; 1; 1003.171875; ; ; ; ; ; ; ; ; ; ; ; ; 0; 4; 0.0046979999999999999; 0; 
; ; ; 0; 1; 1003.171875; ; ; ; ; ; ; ; ; ; ; ; ; 0; 4; 0.0025720000000000001; 0; 
; ; ; 0; 1; 1003.171875; ; ; ; ; ; ; ; ; ; ; ; ; 0; 4; 0.001354; 0; 
; ; ; 0; 1; 1003.171875; ; ; ; ; ; ; ; ; ; ; ; ; 0; 4; 0.0013439999999999999; 0; 
; ; ; 0; 1; 1003.171875; ; ; ; ; ; ; ; ; ; ; ; ; 0; 4; 0.001304; 0; 
; ; ; 0; 1; 1003.171875; ; ; ; ; ; ; ; ; ; ; ; ; 0; 4; 0.001341; 0; 
; ; ; 0; 1; 1003.171875; ; ; ; ; ; ; ; ; ; ; ; ; 0; 4; 0.001291; 0; 
; ; ; 0; 1; 1003.171875; ; ; ; ; ; ; ; ; ; ; ; ; 0; 4; 0.0012110000000000001; 0; 
; ; ; 0; 1; 1003.171875; ; ; ; ; ; ; ; ; ; ; ; ; 0; 4; 0.0011900000000000001; 0; 
; ; ; 0; 1; 1003.171875; ; ; ; ; ; ; ; ; ; ; ; ; 0; 4; 0.0012650000000000001; 0; 
; ; ; 0; 1; 1003.171875; ; ; ; ; ; ; ; ; ; ; ; ; 0; 4; 0.0012049999999999999; 0; 
; ; ; 0; 1; 1003.171875; ; ; ; ; ; ; ; ; ; ; ; ; 0; 4; 0.0011900000000000001; 0; 
; ; ; 0; 1; 1003.171875; ; ; ; ; ; ; ; ; ; ; ; ; 0; 4; 0.0012290000000000001; 0; 
; ; ; 0; 1; 1003.171875; ; ; ; ; ; ; ; ; ; ; ; ; 0; 4; 0.001335; 0; 
; ; ; 0; 1; 1003.171875; ; ; ; ; ; ; ; ; ; ; ; ; 0; 4; 0.001289; 0; 
; ; ; 0; 1; 1003.171875; ; ; ; ; ; ; ; ; ; ; ; ; 0; 4; 0.00134; 0; 
; ; ; 0; 1; 1003.171875; ; ; ; ; ; ; ; ; ; ; ; ; 0; 4; 0.002447; 0; 
; ; ; 0; 1; 1003.171875; ; ; ; ; ; ; ; ; ; ; ; ; 0; 4; 0.002637; 0; 
1; 1; 1; 2; 3; 1003.171875; 0.00055199999999999997; 1; 1; 0; 0.85870863286998322; 1; 0; 0; 662.31579830747557; 1.0000000000000238; 2; 4.6319978439110203; 0; 5; 0.0029299999999999999; 0.66666666666666663; 
; ; ; 0; 1; 1003.171875; ; ; ; ; ; ; ; ; ; ; ; ; 0; 4; 0.00141; 0; 
; ; ; 0; 1; 1003.171875; ; ; ; ; ; ; ; ; ; ; ; ; 0; 4; 0.0014239999999999999; 0; 
; ; ; 0; 1; 1003.171875; ; ; ; ; ; ; ; ; ; ; ; ; 0; 4; 0.0013179999999999999; 0; 
; ; ; 0; 1; 1003.171875; ; ; ; ; ; ; ; ; ; ; ; ; 0; 4; 0.0013309999999999999; 0; 
; ; ; 0; 1; 1003.171875; ; ; ; ; ; ; ; ; ; ; ; ; 0; 4; 0.001361; 0; 
; ; ; 0; 1; 1003.171875; ; ; ; ; ; ; ; ; ; ; ; ; 0; 4; 0.00133; 0; 
; ; ; 0; 1; 1003.171875; ; ; ; ; ; ; ; ; ; ; ; ; 0; 4; 0.001343; 0; 
; ; ; 0; 1; 1003.171875; ; ; ; ; ; ; ; ; ; ; ; ; 0; 4; 0.0013240000000000001; 0; 
1; 1; 1; 1; 2; 1003.171875; 0.00037399999999999998; 1; 1; 0; 37.382546344320389; 1; 0; 0; 627.54337083216126; 37.382546344320389; 1; 0; 0; 5; 0.001637; 1; 
; ; ; 0; 1; 1003.171875; ; ; ; ; ; ; ; ; ; ; ; ; 0; 4; 0.0013929999999999999; 0; 
1; 1; 1; 1; 2; 1003.171875; 0.00038299999999999999; 1; 1; 0; 0.50000000000000022; 1; 0; 0; 662.50803311807636; 0.50000000000000022; 1; 0; 0; 5; 0.0039329999999999999; 0.5; 
; ; ; 0; 1; 1003.171875; ; ; ; ; ; ; ; ; ; ; ; ; 0; 4; 0.0012930000000000001; 0; 
.
