Experiment experiment
Running on nestor-UL30A
Starting at 2015-02-26T23:54:38.111276
<<<|
Properties of the state space 'CompoundSpace5'
  - signature: 10 0 6 0 6 5 6 1 3 3 3 
  - dimension: 6
  - extent: 1415.78
  - sanity checks for state space passed
  - probability of valid states: 0.867
  - average length of a valid motion: 216.851
  - average number of samples drawn per second: sampleUniform()=12119.4 sampleUniformNear()=1144.74 sampleGaussian()=2.04082e+07
Settings for the state space 'CompoundSpace5'
  - state validity check resolution: 1%
  - valid segment count factor: 1
  - state space:
Compound state space 'CompoundSpace5' of dimension 6 [
Compound state space 'ssRobot0' of dimension 6 [
Compound state space 'ssRobot0_SE3' of dimension 6 (locked) [
Real vector state space 'RealVectorSpace2' of dimension 3 with bounds: 
  - min: 0 0 0 
  - max: 1000 1000 0.001 
 of weight 1
SO(3) state space 'SO3Space3' (represented using quaternions)
 of weight 1
]
Registered projections:
  - <default>
Projection of dimension 3
Cell sizes (computed defaults): [50 50 5e-05]
  - drawprojection
Projection of dimension 3
Cell sizes (computed defaults): [50 50 5e-05]
 of weight 1
]
Registered projections:
  - <default>
Projection of dimension 3
Cell sizes (computed defaults): [50 50 5e-05]
  - drawprojection
Projection of dimension 3
Cell sizes (computed defaults): [50 50 5e-05]
 of weight 1
]
Registered projections:
  - <default>
Projection of dimension 3
Cell sizes (computed defaults): [50 50 5e-05]
  - drawprojection0
Projection of dimension 3
Cell sizes (computed defaults): [50 50 5e-05]

Declared parameters:
longest_valid_segment_fraction = 0.01
projection.cellsize.0 = 50
projection.cellsize.1 = 50
projection.cellsize.2 = 5.0000000000000002e-05
projection.cellsize_factor = 
projection.drawprojection0.cellsize.0 = 50
projection.drawprojection0.cellsize.1 = 50
projection.drawprojection0.cellsize.2 = 5.0000000000000002e-05
projection.drawprojection0.cellsize_factor = 
valid_segment_count_factor = 1
Valid state sampler named kautham sampler with parameters:
nr_attempts = 100
Planner myPCARRT specs:
Multithreaded:                 No
Reports approximate solutions: Yes
Can optimize solutions:        No
Aware of the following parameters: goal_bias pmdBias range timeStep
Declared parameters for planner myPCARRT:
goal_bias = 0.05000000074505806
pmdBias = 1
range = 0.5
timeStep = 0.05000000074505806
Start states:
Compound state [
Compound state [
Compound state [
RealVectorState [370 810 5e-06]
SO3State [8.65956e-17 -0.707107 0.707107 -4.37114e-08]
]
]
]
Goal state, threshold = 2.22045e-16, memory address = 0x1083080, state = 
Compound state [
Compound state [
Compound state [
RealVectorState [200 170 5e-06]
SO3State [8.65956e-17 -0.707107 0.707107 -4.37114e-08]
]
]
]
There are 0 solutions

Properties of benchmarked planners:
Planner RRT specs:
Multithreaded:                 No
Reports approximate solutions: Yes
Can optimize solutions:        No
Aware of the following parameters: goal_bias range
Planner myPCARRT specs:
Multithreaded:                 No
Reports approximate solutions: Yes
Can optimize solutions:        No
Aware of the following parameters: goal_bias pmdBias range timeStep
|>>>
1943964188 is the random seed
20 seconds per run
1000 MB per run
100 runs per planner
129.208 seconds spent to collect the data
1 enum type
status|Unknown status|Invalid start|Invalid goal|Unrecognized goal type|Timeout|Approximate solution|Exact solution|Crash
2 planners
geometric_RRT
12 common properties
goal_bias = 0.05000000074505806
longest_valid_segment_fraction = 0.01
projection.cellsize.0 = 50
projection.cellsize.1 = 50
projection.cellsize.2 = 5.0000000000000002e-05
projection.cellsize_factor = 
projection.drawprojection0.cellsize.0 = 50
projection.drawprojection0.cellsize.1 = 50
projection.drawprojection0.cellsize.2 = 5.0000000000000002e-05
projection.drawprojection0.cellsize_factor = 
range = 7
valid_segment_count_factor = 1
22 properties for each run
approximate solution BOOLEAN
correct solution BOOLEAN
correct solution strict BOOLEAN
graph motions INTEGER
graph states INTEGER
memory REAL
simplification time REAL
simplified correct solution BOOLEAN
simplified correct solution strict BOOLEAN
simplified solution clearance REAL
simplified solution length REAL
simplified solution segments INTEGER
simplified solution smoothness REAL
solution clearance REAL
solution difference REAL
solution length REAL
solution segments INTEGER
solution smoothness REAL
solved BOOLEAN
status ENUM
time REAL
valid segment fraction REAL
100 runs
0; 1; 1; 6668; 6669; 48.01171875; 0.22132599999999999; 1; 1; 0; 1350.2864074392392; 32; 0.0085335785606221754; 0; 0; 1704.3460853608497; 244; 2.7948559296617823; 1; 6; 5.6894039999999997; 0.37422830845212707; 
0; 1; 1; 6391; 6392; 98.3359375; 0.74409800000000004; 0; 0; 0; 2343.9372405327927; 48; 0.023113331457018146; 0; 0; 2919.2331264301142; 418; 4.1124329279423497; 1; 6; 5.9514889999999996; 0.3501150432781856; 
0; 1; 1; 7919; 7920; 165.80859375; 0.24238100000000001; 1; 1; 0; 1335.0825326128772; 32; 0.012310451839176437; 0; 0; 1631.4451503222249; 234; 2.2956331891968205; 1; 6; 6.8895759999999999; 0.36317358404035771; 
0; 1; 1; 7494; 7495; 219.90625; 0.21149799999999999; 1; 1; 0; 1351.2402007867347; 8; 0.00026431478998972124; 0; 0; 1725.9727162799265; 248; 2.8968474691639101; 1; 6; 6.8333640000000004; 0.36751508018243345; 
0; 1; 1; 6122; 6123; 268.1796875; 0.304419; 1; 1; 0; 2371.8629974679238; 28; 0.0043522752104089273; 0; 0; 2867.3475317027142; 410; 4.1306482171210712; 1; 6; 5.5279220000000002; 0.3643180195191621; 
0; 1; 1; 6118; 6119; 317.79296875; 0.31253900000000001; 1; 1; 0; 1358.7752276390127; 8; 0.00026421826010319347; 0; 0; 1680.0884345175514; 241; 2.7367127123064861; 1; 6; 5.6146909999999997; 0.35386662039447048; 
0; 1; 1; 6324; 6325; 371.16796875; 0.79123900000000003; 0; 0; 0; 2328.5835767653184; 48; 0.10641778404818049; 0; 0; 2810.7513018551972; 402; 4.3200508015348307; 1; 6; 5.5430599999999997; 0.36778133178249489; 
0; 1; 1; 7147; 7148; 427.37109375; 0.29709600000000003; 1; 1; 0; 2453.7364948871959; 20; 0.0010702047478657712; 0; 0; 2951.1210688220581; 422; 4.1003137940102734; 1; 6; 6.6644439999999996; 0.36501532175689477; 
0; 1; 1; 9198; 9199; 495.84765625; 0.254081; 1; 1; 0; 1362.9374604698994; 32; 0.0100989748438544; 0; 0; 1719.1697088687879; 247; 2.7022376050885044; 1; 6; 8.0517389999999995; 0.37673561335244726; 
0; 1; 1; 6447; 6448; 549.17578125; 0.349439; 1; 1; 0; 2383.4837091262957; 24; 0.0056929656199907171; 0; 0; 2888.9438727377542; 414; 4.4509037397229045; 1; 6; 5.8680089999999998; 0.34952561669829224; 
0; 1; 1; 7757; 7758; 607.19921875; 0.85877499999999996; 0; 0; 0; 2382.235128258751; 56; 0.0092783952456892901; 0; 0; 2948.6522310077999; 423; 4.5712820022440441; 1; 6; 6.9388870000000002; 0.37246710842216463; 
0; 1; 1; 5795; 5796; 659.14453125; 0.91251199999999999; 0; 0; 0; 2395.596750440739; 48; 0.043036079831940001; 0; 0; 2931.2022653492759; 419; 4.3298457209275663; 1; 6; 5.2085790000000003; 0.35519460619062215; 
0; 1; 1; 7853; 7854; 724.95703125; 0.21842500000000001; 1; 1; 0; 1334.2245816186246; 8; 0.00025580772500054602; 0; 0; 1717.7647097205486; 248; 3.0532688432911668; 1; 6; 6.8716549999999996; 0.36974433824568009; 
0; 1; 1; 7206; 7207; 782.671875; 0.26576300000000003; 1; 1; 0; 2365.156999267193; 10; 0.0001773635820658987; 0; 0; 2878.6430931208292; 412; 4.3292992311650513; 1; 6; 6.7018560000000003; 0.36769058067149707; 
0; 1; 1; 6516; 6517; 831.68359375; 0.33933000000000002; 1; 1; 0; 2444.265445808689; 20; 0.0026882193886979783; 0; 0; 2935.457741272156; 421; 4.0394058208325587; 1; 6; 6.0502729999999998; 0.35863283614948538; 
0; 1; 1; 6546; 6547; 883.14453125; 0.86336100000000005; 0; 0; 0; 2362.7803348587827; 112; 0.12344102882993796; 0; 0; 2876.3265672949415; 413; 3.8019971234503651; 1; 6; 5.8753270000000004; 0.36549413735343383; 
0; 1; 1; 6563; 6564; 940.46875; 0.80736300000000005; 0; 0; 0; 1329.2020043784787; 48; 0.16012446122082868; 0; 0; 1633.1000443669395; 235; 2.2916607605440831; 1; 6; 5.7581290000000003; 0.36076297273526825; 
0; 1; 1; 7492; 7493; 1000.31640625; 0.18479300000000001; 1; 1; 0; 1339.1910006632095; 8; 0.00028600161247029716; 0; 0; 1634.6549181066637; 235; 2.4736514066722215; 1; 6; 6.5624279999999997; 0.3753883154624712; 
; ; ; 0; 1; 1004.65625; ; ; ; ; ; ; ; ; ; ; ; ; 0; 4; 0.014840000000000001; 0; 
1; 1; 1; 31; 32; 1004.65625; 0.00076900000000000004; 1; 1; 0; 67.699631069085399; 1; 0; 0; 607.80336788609361; 76.999999999999957; 11; 0.096280275361280865; 0; 5; 0.011413; 0.72093023255813948; 
1; 1; 1; 25; 26; 1004.65625; 0.00083699999999999996; 1; 1; 0; 67.907367485450536; 1; 0; 0; 600.47301855840158; 76.999999999999901; 11; 0.094352478037886475; 0; 5; 0.007737; 0.80645161290322576; 
1; 1; 1; 32; 33; 1004.65625; 0.00086499999999999999; 1; 1; 0; 65.771017473198086; 1; 0; 0; 607.90887488711792; 76.999999999999844; 11; 0.095987915927679357; 0; 5; 0.010560999999999999; 0.72727272727272729; 
1; 1; 1; 29; 30; 1004.65625; 0.00085400000000000005; 1; 1; 0; 65.24948787786434; 1; 0; 0; 597.01567810795882; 77.000000000000071; 11; 0.097066706534022398; 0; 5; 0.0084270000000000005; 0.8529411764705882; 
1; 1; 1; 27; 28; 1004.65625; 0.00087699999999999996; 1; 1; 0; 66.382457541601227; 1; 0; 0; 606.26671539702636; 76.999999999999886; 11; 0.10976805794777936; 0; 5; 0.0086540000000000002; 0.75; 
1; 1; 1; 24; 25; 1004.65625; 0.00089999999999999998; 1; 1; 0; 67.649137465942658; 1; 0; 0; 607.63327655394255; 76.99999999999973; 11; 0.074502325734136607; 0; 5; 0.0073949999999999997; 0.80000000000000004; 
1; 1; 1; 29; 30; 1004.65625; 0.00076099999999999996; 1; 1; 0; 67.664875728766802; 1; 0; 0; 607.63659579111413; 76.999999999999929; 11; 0.07494782884580789; 0; 5; 0.0095189999999999997; 0.74358974358974361; 
1; 1; 1; 28; 29; 1004.65625; 0.00075799999999999999; 1; 1; 0; 67.699631069085399; 1; 0; 0; 607.80336788609361; 76.999999999999957; 11; 0.096280275361280865; 0; 5; 0.0091179999999999994; 0.77777777777777779; 
1; 1; 1; 28; 29; 1004.65625; 0.00077099999999999998; 1; 1; 0; 67.649137465942658; 1; 0; 0; 607.63327655394255; 76.99999999999973; 11; 0.074502325734136607; 0; 5; 0.0087840000000000001; 0.80000000000000004; 
1; 1; 1; 29; 30; 1004.65625; 0.00077200000000000001; 1; 1; 0; 67.669270108461404; 1; 0; 0; 607.63689090189155; 76.999999999999801; 11; 0.076628627474718991; 0; 5; 0.011658999999999999; 0.76315789473684215; 
1; 1; 1; 27; 28; 1004.67578125; 0.00076400000000000003; 1; 1; 0; 67.635806104288491; 1; 0; 0; 607.58136062471431; 76.999999999999858; 11; 0.13915754286207502; 0; 5; 0.0084119999999999993; 0.81818181818181823; 
1; 1; 1; 27; 28; 1004.734375; 0.00078700000000000005; 1; 1; 0; 67.651557057559302; 1; 0; 0; 607.63328671038596; 76.999999999999758; 11; 0.073421328934374738; 0; 5; 0.0088819999999999993; 0.77142857142857146; 
1; 1; 1; 27; 28; 1004.79296875; 0.00085099999999999998; 1; 1; 0; 66.407263325519551; 1; 0; 0; 601.12127767659217; 76.999999999999986; 11; 0.12037652301955958; 0; 5; 0.0085400000000000007; 0.84375; 
1; 1; 1; 30; 31; 1004.84765625; 0.0011460000000000001; 1; 1; 0; 72.192369890167996; 1; 0; 0; 590.04948544922047; 83.999999999999886; 12; 0.054666554122975171; 0; 5; 0.012482999999999999; 0.83333333333333337; 
; ; ; 0; 1; 1004.90625; ; ; ; ; ; ; ; ; ; ; ; ; 0; 4; 0.0013010000000000001; 0; 
1; 1; 1; 25; 26; 1004.9140625; 0.00079299999999999998; 1; 1; 0; 65.771017473198086; 1; 0; 0; 607.90887488711792; 76.999999999999844; 11; 0.095987915927679357; 0; 5; 0.0079310000000000005; 0.8928571428571429; 
1; 1; 1; 26; 27; 1004.95703125; 0.00090300000000000005; 1; 1; 0; 66.422076247529716; 1; 0; 0; 600.92677715270918; 76.999999999999844; 11; 0.11072109891048348; 0; 5; 0.0081960000000000002; 0.8125; 
1; 1; 1; 24; 25; 1005.0078125; 0.00093499999999999996; 1; 1; 0; 67.723568596710408; 1; 0; 0; 607.82383520321332; 76.999999999999886; 11; 0.080892403955990413; 0; 5; 0.0076490000000000004; 0.82758620689655171; 
1; 1; 1; 25; 26; 1005.0546875; 0.00092199999999999997; 1; 1; 0; 67.871626999674049; 1; 0; 0; 600.54382645677572; 76.999999999999929; 11; 0.13442451965771274; 0; 5; 0.0079679999999999994; 0.80645161290322576; 
1; 1; 1; 24; 25; 1005.109375; 0.00089599999999999999; 1; 1; 0; 67.669270108461404; 1; 0; 0; 607.63689090189155; 76.999999999999801; 11; 0.076628627474718991; 0; 5; 0.0075570000000000003; 0.82758620689655171; 
1; 1; 1; 26; 27; 1005.15625; 0.00092199999999999997; 1; 1; 0; 67.723568596710408; 1; 0; 0; 607.82383520321332; 76.999999999999886; 11; 0.080892403955990413; 0; 5; 0.0081969999999999994; 0.8125; 
1; 1; 1; 25; 26; 1005.2109375; 0.00092800000000000001; 1; 1; 0; 67.635806104288491; 1; 0; 0; 607.58136062471431; 76.999999999999858; 11; 0.13915754286207502; 0; 5; 0.0075789999999999998; 0.86206896551724133; 
1; 1; 1; 24; 25; 1005.2578125; 0.00089999999999999998; 1; 1; 0; 66.397854757543598; 1; 0; 0; 601.0447364911879; 76.999999999999972; 11; 0.11558592243878768; 0; 5; 0.0075620000000000001; 0.82758620689655171; 
1; 1; 1; 26; 27; 1005.30859375; 0.00090499999999999999; 1; 1; 0; 67.651557057559302; 1; 0; 0; 607.63328671038596; 76.999999999999758; 11; 0.073421328934374738; 0; 5; 0.0083490000000000005; 0.83870967741935487; 
1; 1; 1; 23; 24; 1005.359375; 0.00092500000000000004; 1; 1; 0; 69.339618009732291; 1; 0; 0; 596.39862841409661; 76.99999999999973; 11; 0.041165491255504574; 0; 5; 0.0074159999999999998; 0.76666666666666672; 
1; 1; 1; 24; 25; 1005.40625; 0.00094799999999999995; 1; 1; 0; 67.635806104288491; 1; 0; 0; 607.58136062471431; 76.999999999999858; 11; 0.13915754286207502; 0; 5; 0.0073930000000000003; 0.8571428571428571; 
1; 1; 1; 26; 27; 1005.45703125; 0.0010679999999999999; 1; 1; 0; 71.402227752652394; 1; 0; 0; 594.97821217372041; 98.000000000000071; 14; 0.12903120167861185; 0; 5; 0.0082419999999999993; 0.8666666666666667; 
1; 1; 1; 26; 27; 1005.5078125; 0.00093099999999999997; 1; 1; 0; 65.771017473198086; 1; 0; 0; 607.90887488711792; 76.999999999999844; 11; 0.095987915927679357; 0; 5; 0.0082170000000000003; 0.8666666666666667; 
1; 1; 1; 26; 27; 1005.55859375; 0.00093300000000000002; 1; 1; 0; 67.723568596710408; 1; 0; 0; 607.82383520321332; 76.999999999999886; 11; 0.080892403955990413; 0; 5; 0.0083269999999999993; 0.8125; 
1; 1; 1; 26; 27; 1005.61328125; 0.00097199999999999999; 1; 1; 0; 65.771017473198086; 1; 0; 0; 607.90887488711792; 76.999999999999844; 11; 0.095987915927679357; 0; 5; 0.0089870000000000002; 0.8666666666666667; 
1; 1; 1; 25; 26; 1005.921875; 0.00095200000000000005; 1; 1; 0; 65.771017473198086; 1; 0; 0; 607.90887488711792; 76.999999999999844; 11; 0.095987915927679357; 0; 5; 0.0076899999999999998; 0.86206896551724133; 
1; 1; 1; 25; 26; 1005.97265625; 0.00096699999999999998; 1; 1; 0; 67.651557057559302; 1; 0; 0; 607.63328671038596; 76.999999999999758; 11; 0.073421328934374738; 0; 5; 0.0083040000000000006; 0.80645161290322576; 
1; 1; 1; 26; 27; 1006.0234375; 0.00095299999999999996; 1; 1; 0; 65.771017473198086; 1; 0; 0; 607.90887488711792; 76.999999999999844; 11; 0.095987915927679357; 0; 5; 0.0082450000000000006; 0.83870967741935487; 
1; 1; 1; 26; 27; 1006.3359375; 0.00097900000000000005; 1; 1; 0; 66.409446760934287; 1; 0; 0; 601.05126362574686; 76.99999999999973; 11; 0.14959398773278271; 0; 5; 0.0090360000000000006; 0.83870967741935487; 
1; 1; 1; 25; 26; 1006.38671875; 0.00095699999999999995; 1; 1; 0; 67.685544085415984; 1; 0; 0; 607.75381971563945; 76.999999999999972; 11; 0.11010180201450546; 0; 5; 0.0078549999999999991; 0.86206896551724133; 
1; 1; 1; 26; 27; 1006.4375; 0.00097799999999999992; 1; 1; 0; 67.649137465942658; 1; 0; 0; 607.63327655394255; 76.99999999999973; 11; 0.074502325734136607; 0; 5; 0.0082850000000000007; 0.83870967741935487; 
1; 1; 1; 26; 27; 1006.75; 0.00093499999999999996; 1; 1; 0; 65.771017473198086; 1; 0; 0; 607.90887488711792; 76.999999999999844; 11; 0.095987915927679357; 0; 5; 0.008286; 0.83870967741935487; 
1; 1; 1; 25; 26; 1006.80078125; 0.0010089999999999999; 1; 1; 0; 66.355470706934824; 1; 0; 0; 606.07841792580689; 76.999999999999829; 11; 0.10551054251044815; 0; 5; 0.0090060000000000001; 0.80645161290322576; 
1; 1; 1; 25; 26; 1006.85546875; 0.00095799999999999998; 1; 1; 0; 65.771017473198086; 1; 0; 0; 607.90887488711792; 76.999999999999844; 11; 0.095987915927679357; 0; 5; 0.007757; 0.86206896551724133; 
1; 1; 1; 25; 26; 1007.1640625; 0.0010679999999999999; 1; 1; 0; 71.402227752652394; 1; 0; 0; 594.97821217372041; 98.000000000000071; 14; 0.12903120167861185; 0; 5; 0.0090629999999999999; 0.8928571428571429; 
1; 1; 1; 24; 25; 1007.2109375; 0.000977; 1; 1; 0; 65.771017473198086; 1; 0; 0; 607.90887488711792; 76.999999999999844; 11; 0.095987915927679357; 0; 5; 0.0079080000000000001; 0.88888888888888884; 
1; 1; 1; 25; 26; 1007.515625; 0.00096100000000000005; 1; 1; 0; 67.649137465942658; 1; 0; 0; 607.63327655394255; 76.99999999999973; 11; 0.074502325734136607; 0; 5; 0.0082970000000000006; 0.83333333333333337; 
1; 1; 1; 24; 25; 1007.56640625; 0.00091500000000000001; 1; 1; 0; 65.771017473198086; 1; 0; 0; 607.90887488711792; 76.999999999999844; 11; 0.095987915927679357; 0; 5; 0.0078949999999999992; 0.8571428571428571; 
1; 1; 1; 23; 24; 1007.6171875; 0.00092100000000000005; 1; 1; 0; 67.723568596710408; 1; 0; 0; 607.82383520321332; 76.999999999999886; 11; 0.080892403955990413; 0; 5; 0.0078410000000000007; 0.85185185185185186; 
1; 1; 1; 25; 26; 1007.921875; 0.00098499999999999998; 1; 1; 0; 67.616918047859087; 1; 0; 0; 607.45436947602627; 76.999999999999901; 11; 0.083421993793387605; 0; 5; 0.0081290000000000008; 0.86206896551724133; 
1; 1; 1; 24; 25; 1007.97265625; 0.00095399999999999999; 1; 1; 0; 67.883556156798804; 1; 0; 0; 600.54739783670971; 76.999999999999886; 11; 0.13770368358889495; 0; 5; 0.0090670000000000004; 0.75; 
1; 1; 1; 23; 24; 1008.28125; 0.000803; 1; 1; 0; 67.616918047859087; 1; 0; 0; 607.45436947602627; 76.999999999999901; 11; 0.083421993793387605; 0; 5; 0.0079970000000000006; 0.85185185185185186; 
1; 1; 1; 27; 28; 1008.33203125; 0.00080900000000000004; 1; 1; 0; 66.429499579903123; 1; 0; 0; 600.92994355542908; 76.999999999999943; 11; 0.11226639795182722; 0; 5; 0.0085019999999999991; 0.84375; 
1; 1; 1; 26; 27; 1008.38671875; 0.00082700000000000004; 1; 1; 0; 67.666772599273131; 1; 0; 0; 607.71042284840848; 76.999999999999929; 11; 0.11826244792734468; 0; 5; 0.0083759999999999998; 0.83870967741935487; 
1; 1; 1; 25; 26; 1008.4375; 0.00082100000000000001; 1; 1; 0; 65.771017473198086; 1; 0; 0; 607.90887488711792; 76.999999999999844; 11; 0.095987915927679357; 0; 5; 0.0089359999999999995; 0.86206896551724133; 
1; 1; 1; 23; 24; 1008.74609375; 0.00091; 1; 1; 0; 67.723568596710408; 1; 0; 0; 607.82383520321332; 76.999999999999886; 11; 0.080892403955990413; 0; 5; 0.0076990000000000001; 0.8214285714285714; 
1; 1; 1; 24; 25; 1008.796875; 0.001091; 1; 1; 0; 67.649137465942658; 1; 0; 0; 607.63327655394255; 76.99999999999973; 11; 0.074502325734136607; 0; 5; 0.0076800000000000002; 0.8571428571428571; 
1; 1; 1; 24; 25; 1008.84375; 0.00095799999999999998; 1; 1; 0; 66.41406163510149; 1; 0; 0; 601.00781073742394; 76.999999999999858; 11; 0.15775963022654721; 0; 5; 0.0074530000000000004; 0.82758620689655171; 
1; 1; 1; 26; 27; 1009.1484375; 0.00095; 1; 1; 0; 65.771017473198086; 1; 0; 0; 607.90887488711792; 76.999999999999844; 11; 0.095987915927679357; 0; 5; 0.0084049999999999993; 0.83870967741935487; 
1; 1; 1; 25; 26; 1009.203125; 0.00091600000000000004; 1; 1; 0; 67.616918047859087; 1; 0; 0; 607.45436947602627; 76.999999999999901; 11; 0.083421993793387605; 0; 5; 0.0082120000000000005; 0.83333333333333337; 
1; 1; 1; 26; 27; 1009.2578125; 0.00091399999999999999; 1; 1; 0; 65.771017473198086; 1; 0; 0; 607.90887488711792; 76.999999999999844; 11; 0.095987915927679357; 0; 5; 0.0084659999999999996; 0.83870967741935487; 
1; 1; 1; 26; 27; 1009.5703125; 0.001; 1; 1; 0; 65.771017473198086; 1; 0; 0; 607.90887488711792; 76.999999999999844; 11; 0.095987915927679357; 0; 5; 0.0082500000000000004; 0.83870967741935487; 
1; 1; 1; 26; 27; 1009.625; 0.00094799999999999995; 1; 1; 0; 66.398625814202944; 1; 0; 0; 601.04768273845389; 76.999999999999929; 11; 0.14631864210454942; 0; 5; 0.0090100000000000006; 0.8125; 
1; 1; 1; 25; 26; 1009.67578125; 0.00093899999999999995; 1; 1; 0; 67.616918047859087; 1; 0; 0; 607.45436947602627; 76.999999999999901; 11; 0.083421993793387605; 0; 5; 0.0081969999999999994; 0.83333333333333337; 
1; 1; 1; 26; 27; 1009.98828125; 0.00090499999999999999; 1; 1; 0; 67.645752251974045; 1; 0; 0; 607.49734031010473; 76.999999999999886; 11; 0.11176197870066334; 0; 5; 0.0082319999999999997; 0.83870967741935487; 
1; 1; 1; 24; 25; 1010.0390625; 0.00094799999999999995; 1; 1; 0; 67.616918047859087; 1; 0; 0; 607.45436947602627; 76.999999999999901; 11; 0.083421993793387605; 0; 5; 0.00745; 0.8571428571428571; 
1; 1; 1; 24; 25; 1010.0859375; 0.00092800000000000001; 1; 1; 0; 67.651557057559302; 1; 0; 0; 607.63328671038596; 76.999999999999758; 11; 0.073421328934374738; 0; 5; 0.0074660000000000004; 0.8571428571428571; 
1; 1; 1; 25; 26; 1010.39453125; 0.00092800000000000001; 1; 1; 0; 65.771017473198086; 1; 0; 0; 607.90887488711792; 76.999999999999844; 11; 0.095987915927679357; 0; 5; 0.0077990000000000004; 0.8928571428571429; 
1; 1; 1; 29; 30; 1010.44140625; 0.0010300000000000001; 1; 1; 0; 72.224283275641881; 1; 0; 0; 590.01746147475376; 84.000000000000057; 12; 0.085141098611416666; 0; 5; 0.008293; 0.90625; 
1; 1; 1; 26; 27; 1010.49609375; 0.00093000000000000005; 1; 1; 0; 66.355470706934824; 1; 0; 0; 606.07841792580689; 76.999999999999829; 11; 0.10551054251044815; 0; 5; 0.0083979999999999992; 0.78787878787878785; 
1; 1; 1; 25; 26; 1010.80859375; 0.00094499999999999998; 1; 1; 0; 67.666772599273131; 1; 0; 0; 607.71042284840848; 76.999999999999929; 11; 0.11826244792734468; 0; 5; 0.007659; 0.86206896551724133; 
1; 1; 1; 25; 26; 1010.859375; 0.00092400000000000002; 1; 1; 0; 67.699631069085399; 1; 0; 0; 607.80336788609361; 76.999999999999957; 11; 0.096280275361280865; 0; 5; 0.0082229999999999994; 0.83333333333333337; 
1; 1; 1; 26; 27; 1010.91015625; 0.00092500000000000004; 1; 1; 0; 66.382457541601227; 1; 0; 0; 606.26671539702636; 76.999999999999886; 11; 0.10976805794777936; 0; 5; 0.0083979999999999992; 0.78787878787878785; 
1; 1; 1; 26; 27; 1011.22265625; 0.00093499999999999996; 1; 1; 0; 67.649137465942658; 1; 0; 0; 607.63327655394255; 76.99999999999973; 11; 0.074502325734136607; 0; 5; 0.0082100000000000003; 0.8125; 
1; 1; 1; 25; 26; 1011.27734375; 0.00093400000000000004; 1; 1; 0; 65.771017473198086; 1; 0; 0; 607.90887488711792; 76.999999999999844; 11; 0.095987915927679357; 0; 5; 0.0076169999999999996; 0.8928571428571429; 
1; 1; 1; 26; 27; 1011.32421875; 0.00092199999999999997; 1; 1; 0; 67.666772599273131; 1; 0; 0; 607.71042284840848; 76.999999999999929; 11; 0.11826244792734468; 0; 5; 0.0086779999999999999; 0.8125; 
1; 1; 1; 26; 27; 1011.63671875; 0.00092100000000000005; 1; 1; 0; 66.420430849495673; 1; 0; 0; 600.92679765423713; 76.999999999999901; 11; 0.11198441375991432; 0; 5; 0.0082579999999999997; 0.8125; 
1; 1; 1; 27; 28; 1011.69140625; 0.00093199999999999999; 1; 1; 0; 66.401628326628838; 1; 0; 0; 601.00424455525604; 77.000000000000099; 11; 0.15557807955831957; 0; 5; 0.0083320000000000009; 0.81818181818181823; 
1; 1; 1; 24; 25; 1011.74609375; 0.00094700000000000003; 1; 1; 0; 67.666772599273131; 1; 0; 0; 607.71042284840848; 76.999999999999929; 11; 0.11826244792734468; 0; 5; 0.0074770000000000001; 0.8571428571428571; 
1; 1; 1; 24; 25; 1012.05078125; 0.00094399999999999996; 1; 1; 0; 67.669270108461404; 1; 0; 0; 607.63689090189155; 76.999999999999801; 11; 0.076628627474718991; 0; 5; 0.007391; 0.8571428571428571; 
1; 1; 1; 26; 27; 1012.09765625; 0.00091799999999999998; 1; 1; 0; 67.616918047859087; 1; 0; 0; 607.45436947602627; 76.999999999999901; 11; 0.083421993793387605; 0; 5; 0.0084639999999999993; 0.83870967741935487; 
1; 1; 1; 26; 27; 1012.15234375; 0.00093999999999999997; 1; 1; 0; 67.649137465942658; 1; 0; 0; 607.63327655394255; 76.99999999999973; 11; 0.074502325734136607; 0; 5; 0.0082660000000000008; 0.8125; 
1; 1; 1; 26; 27; 1012.46484375; 0.0012099999999999999; 1; 1; 0; 65.771017473198086; 1; 0; 0; 607.90887488711792; 76.999999999999844; 11; 0.095987915927679357; 0; 5; 0.011245; 0.83870967741935487; 
1; 1; 1; 25; 26; 1012.51953125; 0.00094399999999999996; 1; 1; 0; 67.649137465942658; 1; 0; 0; 607.63327655394255; 76.99999999999973; 11; 0.074502325734136607; 0; 5; 0.0075960000000000003; 0.86206896551724133; 
1; 1; 1; 26; 27; 1012.82421875; 0.00092800000000000001; 1; 1; 0; 67.666772599273131; 1; 0; 0; 607.71042284840848; 76.999999999999929; 11; 0.11826244792734468; 0; 5; 0.0083280000000000003; 0.8125; 
1; 1; 1; 27; 28; 1012.8984375; 0.00093000000000000005; 1; 1; 0; 67.645752251974045; 1; 0; 0; 607.49734031010473; 76.999999999999886; 11; 0.11176197870066334; 0; 5; 0.0083199999999999993; 0.81818181818181823; 
.
geometric_myPCARRT
14 common properties
goal_bias = 0.05000000074505806
longest_valid_segment_fraction = 0.01
pmdBias = 1
projection.cellsize.0 = 50
projection.cellsize.1 = 50
projection.cellsize.2 = 5.0000000000000002e-05
projection.cellsize_factor = 
projection.drawprojection0.cellsize.0 = 50
projection.drawprojection0.cellsize.1 = 50
projection.drawprojection0.cellsize.2 = 5.0000000000000002e-05
projection.drawprojection0.cellsize_factor = 
range = 0.5
timeStep = 0.05000000074505806
valid_segment_count_factor = 1
22 properties for each run
approximate solution BOOLEAN
correct solution BOOLEAN
correct solution strict BOOLEAN
graph motions INTEGER
graph states INTEGER
memory REAL
simplification time REAL
simplified correct solution BOOLEAN
simplified correct solution strict BOOLEAN
simplified solution clearance REAL
simplified solution length REAL
simplified solution segments INTEGER
simplified solution smoothness REAL
solution clearance REAL
solution difference REAL
solution length REAL
solution segments INTEGER
solution smoothness REAL
solved BOOLEAN
status ENUM
time REAL
valid segment fraction REAL
100 runs
1; 1; 1; 5; 6; 1012.984375; 0.0097529999999999995; 1; 1; 0; 446.87245773745155; 8; 2.0378459357992386e-05; 0; 402.53575792311386; 450.36759840731781; 2; 3.2850241073291661e-06; 0; 5; 0.0079089999999999994; 0.625; 
1; 1; 1; 7; 8; 1013.37890625; 0.000252; 1; 1; 0; 396.71230775413795; 1; 0; 0; 490.47304462762992; 396.71230775413795; 1; 0; 0; 5; 0.0087060000000000002; 0.58333333333333337; 
1; 1; 1; 12; 13; 1013.72265625; 0.00034499999999999998; 1; 1; 0; 98.170462804034742; 1; 0; 0; 602.83897883866632; 98.170462804034742; 1; 0; 0; 5; 0.0079970000000000006; 0.59999999999999998; 
1; 1; 1; 8; 9; 1013.796875; 0.00040900000000000002; 1; 1; 0; 153.84742293615312; 1; 0; 0; 571.8065026074554; 153.84742293615312; 1; 0; 0; 5; 0.007711; 0.5714285714285714; 
1; 1; 1; 6; 7; 1014.12890625; 0.016039999999999999; 1; 1; 0; 490.75810598354667; 16; 0.00064091101742278986; 0; 386.65459461500063; 514.36502197919447; 2; 1.7089645533554862e-05; 0; 5; 0.0081860000000000006; 0.66666666666666663; 
1; 1; 1; 6; 7; 1014.46484375; 0.00039300000000000001; 1; 1; 0; 353.97754894919024; 1; 0; 0; 497.20299170768203; 353.97754894919024; 1; 0; 0; 5; 0.0084320000000000003; 0.5; 
1; 1; 1; 12; 13; 1014.8046875; 0.0022569999999999999; 1; 1; 0; 264.16431789905459; 1; 0; 0; 520.93610288856405; 265.88499234596054; 5; 9.7491057610949579; 0; 5; 0.0083610000000000004; 0.8571428571428571; 
1; 1; 1; 18; 19; 1015.1484375; 0.0012489999999999999; 1; 1; 0; 107.82262714849179; 1; 0; 0; 561.90177402670031; 108.71022495400589; 7; 4.4110110181712816; 0; 5; 0.0073740000000000003; 0.94736842105263153; 
1; 1; 1; 6; 7; 1015.21484375; 0.00062; 1; 1; 0; 127.68801745412972; 1; 0; 0; 585.9299721330483; 127.68801745412972; 1; 0; 0; 5; 0.0087340000000000004; 0.5; 
1; 1; 1; 14; 15; 1015.28515625; 0.001485; 1; 1; 0; 146.08892118595551; 1; 0; 0; 547.20316686142951; 149.48697877689355; 5; 0.51091604695961024; 0; 5; 0.0078120000000000004; 0.69999999999999996; 
1; 1; 1; 9; 10; 1015.6171875; 0.001126; 1; 1; 0; 69.524166884071846; 1; 0; 0; 594.56173027678483; 70.349836838779737; 3; 0.18897036943158746; 0; 5; 0.0079279999999999993; 0.47368421052631576; 
1; 1; 1; 5; 6; 1015.6796875; 0.020867; 1; 1; 0; 515.37630490375841; 16; 0.0005591862681975535; 0; 294.63720908297483; 559.0036040988; 2; 2.1359688430809531e-05; 0; 5; 0.0092720000000000007; 0.55555555555555558; 
1; 1; 1; 6; 7; 1016.2890625; 0.00024600000000000002; 1; 1; 0; 0.49999999999997885; 1; 0; 0; 661.9073021017482; 0.49999999999997885; 1; 0; 0; 5; 0.0082660000000000008; 0.35294117647058826; 
1; 1; 1; 5; 6; 1016.36328125; 0.000243; 1; 1; 0; 0.49999999999997885; 1; 0; 0; 661.9073021017482; 0.49999999999997885; 1; 0; 0; 5; 0.0079660000000000009; 0.38461538461538464; 
1; 1; 1; 9; 10; 1016.44140625; 0.00075600000000000005; 1; 1; 0; 46.645039329894004; 1; 0; 0; 619.58489097684151; 47.045944898787056; 2; 0.0034245103795689253; 0; 5; 0.0080190000000000001; 0.47368421052631576; 
1; 1; 1; 5; 6; 1016.515625; 0.000241; 1; 1; 0; 0.49999999999997885; 1; 0; 0; 661.9073021017482; 0.49999999999997885; 1; 0; 0; 5; 0.010800000000000001; 0.35714285714285715; 
1; 1; 1; 5; 6; 1016.59375; 0.017526; 1; 1; 0; 513.66442109159743; 16; 0.0002781204884943586; 0; 343.8176760587358; 533.81487796785768; 2; 1.1194272842858321e-05; 0; 5; 0.0084119999999999993; 0.625; 
1; 1; 1; 5; 6; 1017.1953125; 0.00024800000000000001; 1; 1; 0; 0.49999999999997885; 1; 0; 0; 661.9073021017482; 0.49999999999997885; 1; 0; 0; 5; 0.0081709999999999994; 0.38461538461538464; 
1; 1; 1; 9; 10; 1017.2734375; 0.0027460000000000002; 1; 1; 0; 304.15624512982521; 1; 0; 0; 500.85919220917833; 304.72478902281983; 2; 8.8879849001784814e-07; 0; 5; 0.0075729999999999999; 0.6428571428571429; 
1; 1; 1; 9; 10; 1017.6015625; 0.00024899999999999998; 1; 1; 0; 0.49999999999997885; 1; 0; 0; 661.9073021017482; 0.49999999999997885; 1; 0; 0; 5; 0.0085869999999999991; 0.45000000000000001; 
1; 1; 1; 14; 15; 1017.6796875; 0.0022929999999999999; 1; 1; 0; 144.39022485038294; 1; 0; 0; 543.60945784636033; 144.95022911155476; 3; 0.0015396667905995551; 0; 5; 0.0085629999999999994; 0.66666666666666663; 
1; 1; 1; 9; 10; 1017.76171875; 0.00035100000000000002; 1; 1; 0; 87.075429140192625; 1; 0; 0; 603.45429141911973; 87.075429140192625; 1; 0; 0; 5; 0.0083079999999999994; 0.59999999999999998; 
1; 1; 1; 10; 11; 1018.09765625; 0.001472; 1; 1; 0; 154.68027562120295; 1; 0; 0; 539.9209943418831; 162.77079410452822; 7; 5.7100897719825561; 0; 5; 0.0086890000000000005; 0.7142857142857143; 
1; 1; 1; 9; 10; 1018.1796875; 0.0011329999999999999; 1; 1; 0; 98.386900667908193; 1; 0; 0; 571.78898761117921; 100.60857092347057; 5; 1.0338556102547571; 0; 5; 0.0076360000000000004; 0.5625; 
1; 1; 1; 8; 9; 1018.25; 0.00046099999999999998; 1; 1; 0; 147.50001359862165; 1; 0; 0; 559.10295282289655; 147.50001359862165; 1; 0; 0; 5; 0.0088800000000000007; 0.5714285714285714; 
1; 1; 1; 8; 9; 1018.58984375; 0.00045899999999999999; 1; 1; 0; 3.2757906453872869; 1; 0; 0; 661.50050608491722; 3.4999999999999751; 7; 5.7382465271066652; 0; 5; 0.0074120000000000002; 0.5714285714285714; 
1; 1; 1; 11; 12; 1018.66015625; 0.00092900000000000003; 1; 1; 0; 70.306712324610515; 1; 0; 0; 594.05292054217966; 74.123415092597838; 8; 5.7461055511936534; 0; 5; 0.0078930000000000007; 0.61111111111111116; 
1; 1; 1; 9; 10; 1018.73828125; 0.00093000000000000005; 1; 1; 0; 59.206961506424122; 1; 0; 0; 609.17206004300419; 62.548445663769208; 6; 5.7109159562324363; 0; 5; 0.0081939999999999999; 0.5625; 
1; 1; 1; 8; 9; 1019.0703125; 0.00051199999999999998; 1; 1; 0; 3.2757906453872869; 1; 0; 0; 661.50050608491722; 3.4999999999999751; 7; 5.7382465271066652; 0; 5; 0.0083239999999999998; 0.53333333333333333; 
1; 1; 1; 7; 8; 1019.15234375; 0.000377; 1; 1; 0; 64.96306011702687; 1; 0; 0; 612.07298983532053; 64.96306011702687; 1; 0; 0; 5; 0.0079729999999999992; 0.58333333333333337; 
1; 1; 1; 7; 8; 1019.2265625; 0.0011479999999999999; 1; 1; 0; 96.24567106943546; 1; 0; 0; 573.80055929804735; 99.867645598772569; 7; 5.7329683854797455; 0; 5; 0.007541; 0.5; 
1; 1; 1; 11; 12; 1019.30078125; 0.00094200000000000002; 1; 1; 0; 60.215364542273392; 1; 0; 0; 607.43756191796194; 64.013746149511405; 7; 5.7135685624766896; 0; 5; 0.0077289999999999998; 0.61111111111111116; 
1; 1; 1; 11; 12; 1019.6328125; 0.0010020000000000001; 1; 1; 0; 64.908395928812567; 1; 0; 0; 610.28769979323522; 68.606987276883714; 6; 5.710982000066017; 0; 5; 0.0079939999999999994; 0.57894736842105265; 
1; 1; 1; 8; 9; 1019.7109375; 0.00090399999999999996; 1; 1; 0; 58.688360014805575; 1; 0; 0; 611.63636797627146; 59.176504176362421; 2; 0.0027490098714086386; 0; 5; 0.0079769999999999997; 0.66666666666666663; 
1; 1; 1; 13; 14; 1019.77734375; 0.0013290000000000001; 1; 1; 0; 122.29330030099628; 1; 0; 0; 559.41496586759683; 122.44871521758725; 3; 0.0003442694489663009; 0; 5; 0.0083250000000000008; 0.72222222222222221; 
1; 1; 1; 10; 11; 1020.11328125; 0.00049399999999999997; 1; 1; 0; 3.2757906453872869; 1; 0; 0; 661.50050608491722; 3.4999999999999751; 7; 5.7382465271066652; 0; 5; 0.0079590000000000008; 0.55555555555555558; 
1; 1; 1; 8; 9; 1020.1875; 0.000495; 1; 1; 0; 3.2757906453872869; 1; 0; 0; 661.50050608491722; 3.4999999999999751; 7; 5.7382465271066652; 0; 5; 0.0083070000000000001; 0.53333333333333333; 
1; 1; 1; 8; 9; 1020.2734375; 0.00029399999999999999; 1; 1; 0; 215.59648837246755; 1; 0; 0; 513.40635326045947; 215.59648837246755; 1; 0; 0; 5; 0.010172; 0.61538461538461542; 
1; 1; 1; 12; 13; 1020.3671875; 0.0014840000000000001; 1; 1; 0; 139.88021973162142; 1; 0; 0; 539.23108140810655; 145.1099362008286; 11; 10.8949354074485; 0; 5; 0.0081880000000000008; 0.75; 
1; 1; 1; 7; 8; 1020.70703125; 0.001176; 1; 1; 0; 95.857493044057122; 1; 0; 0; 576.92238474605904; 99.650114197186667; 7; 5.7330510644519741; 0; 5; 0.0074720000000000003; 0.53846153846153844; 
1; 1; 1; 9; 10; 1020.77734375; 0.0010759999999999999; 1; 1; 0; 93.803781792011051; 1; 0; 0; 579.11993282898436; 97.620653691073187; 7; 5.7331051436813087; 0; 5; 0.012215; 0.52941176470588236; 
1; 1; 1; 14; 15; 1021.125; 0.0013849999999999999; 1; 1; 0; 117.90012454387566; 1; 0; 0; 555.15678848638163; 119.4948182015607; 4; 0.0058022626473579961; 0; 5; 0.0084569999999999992; 0.69999999999999996; 
1; 1; 1; 11; 12; 1021.19921875; 0.00092400000000000002; 1; 1; 0; 70.085897560296615; 1; 0; 0; 594.97616709680199; 71.413972736492852; 4; 0.12265190352669519; 0; 5; 0.0079299999999999995; 0.61111111111111116; 
1; 1; 1; 8; 9; 1021.26953125; 0.00048500000000000003; 1; 1; 0; 3.2757906453872869; 1; 0; 0; 661.50050608491722; 3.4999999999999751; 7; 5.7382465271066652; 0; 5; 0.0074739999999999997; 0.5; 
1; 1; 1; 17; 18; 1021.33984375; 0.0013649999999999999; 1; 1; 0; 116.13440378069274; 1; 0; 0; 555.13907026091067; 120.69693323810985; 13; 14.380538536816067; 0; 5; 0.0080689999999999998; 0.80952380952380953; 
1; 1; 1; 9; 10; 1021.67578125; 0.00025700000000000001; 1; 1; 0; 178.31383102456059; 1; 0; 0; 537.8179690887107; 178.31383102456059; 1; 0; 0; 5; 0.0086339999999999993; 0.6428571428571429; 
1; 1; 1; 14; 15; 1021.74609375; 0.0012340000000000001; 1; 1; 0; 113.13881060414899; 1; 0; 0; 561.72023750026915; 117.30624086833558; 8; 5.7128707175200608; 0; 5; 0.0085089999999999992; 0.69999999999999996; 
1; 1; 1; 10; 11; 1022.08203125; 0.000408; 1; 1; 0; 146.68021163208044; 1; 0; 0; 559.68200639162046; 146.68021163208044; 1; 0; 0; 5; 0.0084580000000000002; 0.625; 
1; 1; 1; 10; 11; 1022.16015625; 0.00050600000000000005; 1; 1; 0; 3.2757906453872869; 1; 0; 0; 661.50050608491722; 3.4999999999999751; 7; 5.7382465271066652; 0; 5; 0.0075360000000000002; 0.52631578947368418; 
1; 1; 1; 9; 10; 1022.234375; 0.00036900000000000002; 1; 1; 0; 105.29070832931716; 1; 0; 0; 589.7306673197171; 105.29070832931716; 1; 0; 0; 5; 0.0078709999999999995; 0.6428571428571429; 
1; 1; 1; 10; 11; 1022.30078125; 0.001328; 1; 1; 0; 132.16247361140796; 1; 0; 0; 607.26682573886274; 141.46573839901993; 2; 0.00010927027170158898; 0; 5; 0.0082480000000000001; 0.66666666666666663; 
1; 1; 1; 9; 10; 1022.640625; 0.001085; 1; 1; 0; 91.155380670458641; 1; 0; 0; 580.01525265903103; 92.896196636362021; 4; 0.91219853439590115; 0; 5; 0.0081390000000000004; 0.52941176470588236; 
1; 1; 1; 10; 11; 1022.7109375; 0.000386; 1; 1; 0; 3.2757906453872869; 1; 0; 0; 661.50050608491722; 3.4999999999999751; 7; 5.7382465271066652; 0; 5; 0.007894; 0.52631578947368418; 
1; 1; 1; 8; 9; 1022.78515625; 0.00093199999999999999; 1; 1; 0; 72.451214731212488; 1; 0; 0; 602.61944696480373; 76.60262687792121; 7; 5.7340676746302348; 0; 5; 0.0078949999999999992; 0.66666666666666663; 
1; 1; 1; 11; 12; 1023.1171875; 0.0010150000000000001; 1; 1; 0; 90.379780694009185; 1; 0; 0; 572.21269008165598; 90.882261657341814; 5; 4.4743232944308691; 0; 5; 0.0077559999999999999; 0.61111111111111116; 
1; 1; 1; 11; 12; 1023.1875; 0.001031; 1; 1; 0; 91.665478626310104; 1; 0; 0; 571.39559342541168; 94.701068896104616; 10; 8.1341044944342844; 0; 5; 0.0081499999999999993; 0.6875; 
1; 1; 1; 9; 10; 1023.26171875; 0.0022130000000000001; 1; 1; 0; 241.98837014835325; 1; 0; 0; 493.1522125032717; 247.04299484540823; 8; 5.7338645605374037; 0; 5; 0.011391; 0.6428571428571429; 
1; 1; 1; 9; 10; 1023.60546875; 0.00038400000000000001; 1; 1; 0; 100.98455675355531; 1; 0; 0; 592.94709167749545; 100.98455675355531; 1; 0; 0; 5; 0.0086119999999999999; 0.59999999999999998; 
1; 1; 1; 9; 10; 1023.68359375; 0.001011; 1; 1; 0; 97.592102885763651; 1; 0; 0; 572.6606072530991; 99.819691410681997; 5; 1.0326852690700477; 0; 5; 0.0093430000000000006; 0.5625; 
1; 1; 1; 11; 12; 1024.03125; 0.00027099999999999997; 1; 1; 0; 76.291485212109336; 1; 0; 0; 611.73040088068592; 76.291485212109336; 1; 0; 0; 5; 0.0087500000000000008; 0.61111111111111116; 
1; 1; 1; 8; 9; 1024.109375; 0.00025500000000000002; 1; 1; 0; 84.480753664641071; 1; 0; 0; 605.4348444166169; 84.480753664641071; 1; 0; 0; 5; 0.0081379999999999994; 0.53333333333333333; 
1; 1; 1; 11; 12; 1024.1796875; 0.0010679999999999999; 1; 1; 0; 73.241144326494606; 1; 0; 0; 590.5861177746865; 76.943510849499248; 8; 5.7477614764594716; 0; 5; 0.0082660000000000008; 0.61111111111111116; 
1; 1; 1; 8; 9; 1024.25390625; 0.00042499999999999998; 1; 1; 0; 3.2757906453872869; 1; 0; 0; 661.50050608491722; 3.4999999999999751; 7; 5.7382465271066652; 0; 5; 0.0099279999999999993; 0.47058823529411764; 
1; 1; 1; 11; 12; 1024.6015625; 0.00085599999999999999; 1; 1; 0; 62.223781330849597; 1; 0; 0; 604.28376508364045; 67.001793651284572; 9; 7.0044498544993372; 0; 5; 0.0075849999999999997; 0.57894736842105265; 
1; 1; 1; 8; 9; 1024.67578125; 0.00038400000000000001; 1; 1; 0; 3.2757906453872869; 1; 0; 0; 661.50050608491722; 3.4999999999999751; 7; 5.7382465271066652; 0; 5; 0.0085719999999999998; 0.53333333333333333; 
1; 1; 1; 10; 11; 1024.76171875; 0.00036200000000000002; 1; 1; 0; 3.2757906453872869; 1; 0; 0; 661.50050608491722; 3.4999999999999751; 7; 5.7382465271066652; 0; 5; 0.0080510000000000009; 0.58823529411764708; 
1; 1; 1; 14; 15; 1025.0859375; 0.001469; 1; 1; 0; 142.97799922169287; 1; 0; 0; 539.68286019107745; 146.86429312523083; 10; 17.390167055996201; 0; 5; 0.0079640000000000006; 0.82352941176470584; 
1; 1; 1; 11; 12; 1025.16015625; 0.0021570000000000001; 1; 1; 0; 225.7623618588116; 1; 0; 0; 501.90528102404863; 231.34474316118303; 9; 5.7339330905760706; 0; 5; 0.0077079999999999996; 0.73333333333333328; 
1; 1; 1; 8; 9; 1025.23046875; 0.00037399999999999998; 1; 1; 0; 3.2757906453872869; 1; 0; 0; 661.50050608491722; 3.4999999999999751; 7; 5.7382465271066652; 0; 5; 0.010448000000000001; 0.53333333333333333; 
1; 1; 1; 11; 12; 1025.5625; 0.001292; 1; 1; 0; 124.20290181017116; 1; 0; 0; 552.68945229363317; 129.15818873879027; 9; 5.7463562602644593; 0; 5; 0.0081440000000000002; 0.6875; 
1; 1; 1; 7; 8; 1025.62890625; 0.00093899999999999995; 1; 1; 0; 65.503561200401407; 1; 0; 0; 609.53790514601121; 69.187934381045011; 6; 5.7109214907905921; 0; 5; 0.0079950000000000004; 0.58333333333333337; 
1; 1; 1; 10; 11; 1025.70703125; 0.00097900000000000005; 1; 1; 0; 56.263854773190438; 1; 0; 0; 613.90272021781186; 59.768676533899324; 6; 5.7114104791365792; 0; 5; 0.0085059999999999997; 0.625; 
1; 1; 1; 10; 11; 1026.03515625; 0.00045199999999999998; 1; 1; 0; 3.2757906453872869; 1; 0; 0; 661.50050608491722; 3.4999999999999751; 7; 5.7382465271066652; 0; 5; 0.0085030000000000001; 0.55555555555555558; 
1; 1; 1; 8; 9; 1026.125; 0.00043300000000000001; 1; 1; 0; 3.2757906453872869; 1; 0; 0; 661.50050608491722; 3.4999999999999751; 7; 5.7382465271066652; 0; 5; 0.0077889999999999999; 0.53333333333333333; 
1; 1; 1; 11; 12; 1026.19140625; 0.00085999999999999998; 1; 1; 0; 57.556966056905772; 1; 0; 0; 613.44039169333473; 61.626574213130638; 7; 5.7350972231538; 0; 5; 0.0079279999999999993; 0.55000000000000004; 
1; 1; 1; 12; 13; 1026.265625; 0.0017459999999999999; 1; 1; 0; 175.65628787008401; 1; 0; 0; 521.33278342164465; 183.2138175510207; 3; 0.00063414163588981374; 0; 5; 0.0078110000000000002; 0.75; 
1; 1; 1; 9; 10; 1026.59375; 0.0010330000000000001; 1; 1; 0; 96.151134673595891; 1; 0; 0; 576.60881837298029; 99.940373866377286; 7; 5.7330436755933123; 0; 5; 0.010135999999999999; 0.59999999999999998; 
1; 1; 1; 10; 11; 1026.6640625; 0.00039599999999999998; 1; 1; 0; 3.2757906453872869; 1; 0; 0; 661.50050608491722; 3.4999999999999751; 7; 5.7382465271066652; 0; 5; 0.02606; 0.52631578947368418; 
1; 1; 1; 5; 6; 1026.74609375; 0.00106; 1; 1; 0; 89.809909136587137; 1; 0; 0; 572.72998275284203; 90.102854310800751; 2; 0.00064748924566284999; 0; 5; 0.0085109999999999995; 0.55555555555555558; 
1; 1; 1; 8; 9; 1027.046875; 0.00027099999999999997; 1; 1; 0; 80.609457099887663; 1; 0; 0; 608.40233525002384; 80.609457099887663; 1; 0; 0; 5; 0.0080149999999999996; 0.53333333333333333; 
1; 1; 1; 9; 10; 1027.12890625; 0.002859; 1; 1; 0; 82.260031243156845; 1; 0; 0; 591.64731827276523; 86.235982732724182; 7; 5.7335100726189649; 0; 5; 0.0080770000000000008; 0.6428571428571429; 
1; 1; 1; 18; 19; 1027.203125; 0.001178; 1; 1; 0; 86.342753138954151; 1; 0; 0; 576.36299944901361; 89.374396331207308; 13; 15.616618051926213; 0; 5; 0.0082570000000000005; 0.81818181818181823; 
1; 1; 1; 10; 11; 1027.546875; 0.000484; 1; 1; 0; 3.2757906453872869; 1; 0; 0; 661.50050608491722; 3.4999999999999751; 7; 5.7382465271066652; 0; 5; 0.0075310000000000004; 0.55555555555555558; 
1; 1; 1; 7; 8; 1027.60546875; 0.00052999999999999998; 1; 1; 0; 2.7978975642594897; 1; 0; 0; 661.73412474061865; 3.0000000000000102; 6; 5.7320860484013281; 0; 5; 0.0076519999999999999; 0.58333333333333337; 
1; 1; 1; 7; 8; 1027.6796875; 0.0013489999999999999; 1; 1; 0; 3.2757906453872869; 1; 0; 0; 661.50050608491722; 3.4999999999999751; 7; 5.7382465271066652; 0; 5; 0.0081930000000000006; 0.4375; 
1; 1; 1; 7; 8; 1027.7578125; 0.000359; 1; 1; 0; 3.2757906453872869; 1; 0; 0; 661.50050608491722; 3.4999999999999751; 7; 5.7382465271066652; 0; 5; 0.0077340000000000004; 0.53846153846153844; 
1; 1; 1; 11; 12; 1028.08984375; 0.00091600000000000004; 1; 1; 0; 78.835125619319584; 1; 0; 0; 595.43619961508921; 82.867330140394031; 7; 5.7336754559615741; 0; 5; 0.0081799999999999998; 0.55000000000000004; 
1; 1; 1; 8; 9; 1028.1640625; 0.000397; 1; 1; 0; 3.2757906453872869; 1; 0; 0; 661.50050608491722; 3.4999999999999751; 7; 5.7382465271066652; 0; 5; 0.0086020000000000003; 0.5714285714285714; 
1; 1; 1; 10; 11; 1028.24609375; 0.0022360000000000001; 1; 1; 0; 3.2757906453872869; 1; 0; 0; 661.50050608491722; 3.4999999999999751; 7; 5.7382465271066652; 0; 5; 0.0083510000000000008; 0.52631578947368418; 
1; 1; 1; 9; 10; 1028.3203125; 0.00031399999999999999; 1; 1; 0; 116.89660912493214; 1; 0; 0; 581.14612872803093; 116.89660912493214; 1; 0; 0; 5; 0.01035; 0.59999999999999998; 
1; 1; 1; 9; 10; 1028.67578125; 0.00078399999999999997; 1; 1; 0; 62.965378745198215; 1; 0; 0; 605.33209421297408; 66.731708887445492; 7; 5.7342862964835835; 0; 5; 0.00792; 0.5625; 
1; 1; 1; 13; 14; 1028.74609375; 0.001243; 1; 1; 0; 122.54251305819031; 1; 0; 0; 548.92993012104489; 126.31796281882367; 9; 12.107752841425771; 0; 5; 0.0078600000000000007; 0.76470588235294112; 
1; 1; 1; 9; 10; 1028.8203125; 0.00079500000000000003; 1; 1; 0; 58.487228091845893; 1; 0; 0; 611.98078410821927; 58.978065057423571; 2; 0.0027868465399909087; 0; 5; 0.010841; 0.52941176470588236; 
1; 1; 1; 6; 7; 1029.15625; 0.00041399999999999998; 1; 1; 0; 2.7978975642594897; 1; 0; 0; 661.73412474061865; 3.0000000000000102; 6; 5.7320860484013281; 0; 5; 0.007561; 0.5; 
1; 1; 1; 9; 10; 1029.23046875; 0.00091399999999999999; 1; 1; 0; 71.334813994332933; 1; 0; 0; 603.29137350041617; 72.749396915000432; 3; 0.91229473432640329; 0; 5; 0.0079880000000000003; 0.5625; 
1; 1; 1; 15; 16; 1029.30078125; 0.0010480000000000001; 1; 1; 0; 88.258976301315158; 1; 0; 0; 574.52931410338476; 89.018642099898102; 9; 15.481963098041597; 0; 5; 0.0080020000000000004; 0.78947368421052633; 
1; 1; 1; 8; 9; 1029.37890625; 0.00061799999999999995; 1; 1; 0; 91.569241260136025; 1; 0; 0; 600.0395800165154; 91.569241260136025; 1; 0; 0; 5; 0.010798; 0.61538461538461542; 
1; 1; 1; 12; 13; 1029.7109375; 0.0016050000000000001; 1; 1; 0; 152.36478400904292; 1; 0; 0; 536.93794606156462; 156.53406297842776; 8; 5.7333566215222502; 0; 5; 0.0082950000000000003; 0.66666666666666663; 
1; 1; 1; 9; 10; 1029.79296875; 0.001036; 1; 1; 0; 79.639282681222383; 1; 0; 0; 583.36082315765668; 83.131379527239304; 8; 5.7517199538373465; 0; 5; 0.0075469999999999999; 0.59999999999999998; 
1; 1; 1; 17; 18; 1029.86328125; 0.001354; 1; 1; 0; 104.01656297107058; 1; 0; 0; 565.6725762257164; 106.32833696618599; 10; 14.595553233038569; 0; 5; 0.0079080000000000001; 0.80952380952380953; 
.
