Experiment experiment
Running on sonar
Starting at 2015-07-30T13:10:20.370826
<<<|
Properties of the state space 'CompoundSpace15'
  - signature: 10 0 6 0 6 5 6 1 3 3 3 
  - dimension: 6
  - extent: 4.39922
  - sanity checks for state space passed
  - probability of valid states: 1
  - average length of a valid motion: 1.06289
  - average number of samples drawn per second: sampleUniform()=33424.7 sampleUniformNear()=6757.72 sampleGaussian()=1.42857e+08
Settings for the state space 'CompoundSpace15'
  - state validity check resolution: 1%
  - valid segment count factor: 1
  - state space:
Compound state space 'CompoundSpace15' of dimension 6 [
Compound state space 'ssRobot0' of dimension 6 [
Compound state space 'ssRobot0_SE3' of dimension 6 (locked) [
Real vector state space 'RealVectorSpace12' of dimension 3 with bounds: 
  - min: -1 -1 -0.001 
  - max: 1 1 0.001 
 of weight 1
SO(3) state space 'SO3Space13' (represented using quaternions)
 of weight 1
]
Registered projections:
  - <default>
Projection of dimension 3
Cell sizes (computed defaults): [0.1 0.1 0.0001]
  - drawprojection
Projection of dimension 3
Cell sizes (computed defaults): [0.1 0.1 0.0001]
 of weight 1
]
Registered projections:
  - <default>
Projection of dimension 3
Cell sizes (computed defaults): [0.1 0.1 0.0001]
  - drawprojection
Projection of dimension 3
Cell sizes (computed defaults): [0.1 0.1 0.0001]
 of weight 1
]
Registered projections:
  - <default>
Projection of dimension 3
Cell sizes (computed defaults): [0.1 0.1 0.0001]
  - drawprojection0
Projection of dimension 3
Cell sizes (computed defaults): [0.1 0.1 0.0001]

Declared parameters:
longest_valid_segment_fraction = 0.01
projection.cellsize.0 = 0.10000000000000001
projection.cellsize.1 = 0.10000000000000001
projection.cellsize.2 = 0.00010000000474974513
projection.cellsize_factor = 
projection.drawprojection0.cellsize.0 = 0.10000000000000001
projection.drawprojection0.cellsize.1 = 0.10000000000000001
projection.drawprojection0.cellsize.2 = 0.00010000000474974513
projection.drawprojection0.cellsize_factor = 
valid_segment_count_factor = 1
Valid state sampler named kautham sampler with parameters:
nr_attempts = 100
Planner RRTConnect specs:
Multithreaded:                 No
Reports approximate solutions: No
Can optimize solutions:        No
Aware of the following parameters: range
Declared parameters for planner RRTConnect:
range = 0.079999998211860657
Start states:
Compound state [
Compound state [
Compound state [
RealVectorState [-0.7 -0.7 0]
SO3State [8.65956e-17 -0.707107 0.707107 -4.37114e-08]
]
]
]
Goal state, threshold = 2.22045e-16, memory address = 0x91f5e70, state = 
Compound state [
Compound state [
Compound state [
RealVectorState [0.7 0.7 0]
SO3State [8.65956e-17 -0.707107 0.707107 -4.37114e-08]
]
]
]
Average state cost: 0.05
There are 0 solutions

Properties of benchmarked planners:
Planner RRTConnect specs:
Multithreaded:                 No
Reports approximate solutions: No
Can optimize solutions:        No
Aware of the following parameters: range
|>>>
1176405227 is the random seed
20 seconds per run
7000 MB per run
100 runs per planner
2.19271 seconds spent to collect the data
1 enum type
status|Unknown status|Invalid start|Invalid goal|Unrecognized goal type|Timeout|Approximate solution|Exact solution|Crash
1 planners
geometric_RRTConnect
11 common properties
longest_valid_segment_fraction = 0.01
projection.cellsize.0 = 0.10000000000000001
projection.cellsize.1 = 0.10000000000000001
projection.cellsize.2 = 0.00010000000474974513
projection.cellsize_factor = 
projection.drawprojection0.cellsize.0 = 0.10000000000000001
projection.drawprojection0.cellsize.1 = 0.10000000000000001
projection.drawprojection0.cellsize.2 = 0.00010000000474974513
projection.drawprojection0.cellsize_factor = 
range = 0.079999998211860657
valid_segment_count_factor = 1
30 properties for each run
MW  cost REAL
PID cost REAL
approximate solution BOOLEAN
collision checks INTEGER
correct solution BOOLEAN
correct solution strict BOOLEAN
graph motions INTEGER
graph states INTEGER
memory REAL
path cost REAL
path cost mean REAL
simplification time REAL
simplified correct solution BOOLEAN
simplified correct solution strict BOOLEAN
simplified solution clearance REAL
simplified solution length REAL
simplified solution segments INTEGER
simplified solution smoothness REAL
solution clearance REAL
solution difference REAL
solution length REAL
solution segments INTEGER
solution smoothness REAL
solved BOOLEAN
state cost max REAL
state cost mean REAL
state cost min REAL
status ENUM
time REAL
valid segment fraction REAL
100 runs
0; -nan; 0; 471; 1; 1; 27; 28; 0; 1.03557; 0.517198; 0.003173; 1; 1; 3.4028234663852886e+38; 1.9798990378985513; 1; 0; 3.4028234663852886e+38; 0; 2.0022651099664537; 26; 360.25138554785917; 1; 0.05; 0.05; 0.05; 6; 0.12565899999999999; 1; 
0; -nan; 0; 471; 1; 1; 27; 28; 0.91015625; 1.03557; 0.517198; 0.0027690000000000002; 1; 1; 3.4028234663852886e+38; 1.9798990378985513; 1; 0; 3.4028234663852886e+38; 0; 2.0022651099664537; 26; 360.25138554785917; 1; 0.05; 0.05; 0.05; 6; 0.0055259999999999997; 1; 
0; -nan; 0; 471; 1; 1; 27; 28; 1.24609375; 1.03557; 0.517198; 0.0025270000000000002; 1; 1; 3.4028234663852886e+38; 1.9798990378985513; 1; 0; 3.4028234663852886e+38; 0; 2.0022651099664537; 26; 360.25138554785917; 1; 0.05; 0.05; 0.05; 6; 0.0055409999999999999; 1; 
0; -nan; 0; 471; 1; 1; 27; 28; 1.5859375; 1.03557; 0.517198; 0.0022799999999999999; 1; 1; 3.4028234663852886e+38; 1.9798990378985513; 1; 0; 3.4028234663852886e+38; 0; 2.0022651099664537; 26; 360.25138554785917; 1; 0.05; 0.05; 0.05; 6; 0.0055399999999999998; 1; 
0; -nan; 0; 471; 1; 1; 27; 28; 1.921875; 1.03557; 0.517198; 0.002186; 1; 1; 3.4028234663852886e+38; 1.9798990378985513; 1; 0; 3.4028234663852886e+38; 0; 2.0022651099664537; 26; 360.25138554785917; 1; 0.05; 0.05; 0.05; 6; 0.0054819999999999999; 1; 
0; -nan; 0; 471; 1; 1; 27; 28; 2.2578125; 1.03557; 0.517198; 0.0020070000000000001; 1; 1; 3.4028234663852886e+38; 1.9798990378985513; 1; 0; 3.4028234663852886e+38; 0; 2.0022651099664537; 26; 360.25138554785917; 1; 0.05; 0.05; 0.05; 6; 0.0055170000000000002; 1; 
0; -nan; 0; 471; 1; 1; 27; 28; 2.8515625; 1.03557; 0.517198; 0.001921; 1; 1; 3.4028234663852886e+38; 1.9798990378985513; 1; 0; 3.4028234663852886e+38; 0; 2.0022651099664537; 26; 360.25138554785917; 1; 0.05; 0.05; 0.05; 6; 0.00447; 1; 
0; -nan; 0; 471; 1; 1; 27; 28; 3.1875; 1.03557; 0.517198; 0.0018600000000000001; 1; 1; 3.4028234663852886e+38; 1.9798990378985513; 1; 0; 3.4028234663852886e+38; 0; 2.0022651099664537; 26; 360.25138554785917; 1; 0.05; 0.05; 0.05; 6; 0.0044250000000000001; 1; 
0; -nan; 0; 471; 1; 1; 27; 28; 3.5234375; 1.03557; 0.517198; 0.001804; 1; 1; 3.4028234663852886e+38; 1.9798990378985513; 1; 0; 3.4028234663852886e+38; 0; 2.0022651099664537; 26; 360.25138554785917; 1; 0.05; 0.05; 0.05; 6; 0.0044609999999999997; 1; 
0; -nan; 0; 471; 1; 1; 27; 28; 3.859375; 1.03557; 0.517198; 0.001727; 1; 1; 3.4028234663852886e+38; 1.9798990378985513; 1; 0; 3.4028234663852886e+38; 0; 2.0022651099664537; 26; 360.25138554785917; 1; 0.05; 0.05; 0.05; 6; 0.0044530000000000004; 1; 
0; -nan; 0; 471; 1; 1; 27; 28; 4.453125; 1.03557; 0.517198; 0.0016789999999999999; 1; 1; 3.4028234663852886e+38; 1.9798990378985513; 1; 0; 3.4028234663852886e+38; 0; 2.0022651099664537; 26; 360.25138554785917; 1; 0.05; 0.05; 0.05; 6; 0.0044470000000000004; 1; 
0; -nan; 0; 471; 1; 1; 27; 28; 4.7890625; 1.03557; 0.517198; 0.0016169999999999999; 1; 1; 3.4028234663852886e+38; 1.9798990378985513; 1; 0; 3.4028234663852886e+38; 0; 2.0022651099664537; 26; 360.25138554785917; 1; 0.05; 0.05; 0.05; 6; 0.0044990000000000004; 1; 
0; -nan; 0; 471; 1; 1; 27; 28; 5.12890625; 1.03557; 0.517198; 0.0015740000000000001; 1; 1; 3.4028234663852886e+38; 1.9798990378985513; 1; 0; 3.4028234663852886e+38; 0; 2.0022651099664537; 26; 360.25138554785917; 1; 0.05; 0.05; 0.05; 6; 0.004424; 1; 
0; -nan; 0; 471; 1; 1; 27; 28; 5.46484375; 1.03557; 0.517198; 0.0015120000000000001; 1; 1; 3.4028234663852886e+38; 1.9798990378985513; 1; 0; 3.4028234663852886e+38; 0; 2.0022651099664537; 26; 360.25138554785917; 1; 0.05; 0.05; 0.05; 6; 0.0033660000000000001; 1; 
0; -nan; 0; 471; 1; 1; 27; 28; 6.05859375; 1.03557; 0.517198; 0.0014679999999999999; 1; 1; 3.4028234663852886e+38; 1.9798990378985513; 1; 0; 3.4028234663852886e+38; 0; 2.0022651099664537; 26; 360.25138554785917; 1; 0.05; 0.05; 0.05; 6; 0.003385; 1; 
0; -nan; 0; 471; 1; 1; 27; 28; 6.39453125; 1.03557; 0.517198; 0.0014319999999999999; 1; 1; 3.4028234663852886e+38; 1.9798990378985513; 1; 0; 3.4028234663852886e+38; 0; 2.0022651099664537; 26; 360.25138554785917; 1; 0.05; 0.05; 0.05; 6; 0.0033319999999999999; 1; 
0; -nan; 0; 471; 1; 1; 27; 28; 6.73046875; 1.03557; 0.517198; 0.0013860000000000001; 1; 1; 3.4028234663852886e+38; 1.9798990378985513; 1; 0; 3.4028234663852886e+38; 0; 2.0022651099664537; 26; 360.25138554785917; 1; 0.05; 0.05; 0.05; 6; 0.0033809999999999999; 1; 
0; -nan; 0; 471; 1; 1; 27; 28; 7.06640625; 1.03557; 0.517198; 0.0013619999999999999; 1; 1; 3.4028234663852886e+38; 1.9798990378985513; 1; 0; 3.4028234663852886e+38; 0; 2.0022651099664537; 26; 360.25138554785917; 1; 0.05; 0.05; 0.05; 6; 0.0033830000000000002; 1; 
0; -nan; 0; 471; 1; 1; 27; 28; 7.40234375; 1.03557; 0.517198; 0.001343; 1; 1; 3.4028234663852886e+38; 1.9798990378985513; 1; 0; 3.4028234663852886e+38; 0; 2.0022651099664537; 26; 360.25138554785917; 1; 0.05; 0.05; 0.05; 6; 0.0033860000000000001; 1; 
0; -nan; 0; 471; 1; 1; 27; 28; 7.99609375; 1.03557; 0.517198; 0.0013159999999999999; 1; 1; 3.4028234663852886e+38; 1.9798990378985513; 1; 0; 3.4028234663852886e+38; 0; 2.0022651099664537; 26; 360.25138554785917; 1; 0.05; 0.05; 0.05; 6; 0.0033730000000000001; 1; 
0; -nan; 0; 471; 1; 1; 27; 28; 8.33203125; 1.03557; 0.517198; 0.0013290000000000001; 1; 1; 3.4028234663852886e+38; 1.9798990378985513; 1; 0; 3.4028234663852886e+38; 0; 2.0022651099664537; 26; 360.25138554785917; 1; 0.05; 0.05; 0.05; 6; 0.003398; 1; 
0; -nan; 0; 471; 1; 1; 27; 28; 8.671875; 1.03557; 0.517198; 0.001315; 1; 1; 3.4028234663852886e+38; 1.9798990378985513; 1; 0; 3.4028234663852886e+38; 0; 2.0022651099664537; 26; 360.25138554785917; 1; 0.05; 0.05; 0.05; 6; 0.003362; 1; 
0; -nan; 0; 471; 1; 1; 27; 28; 9.0078125; 1.03557; 0.517198; 0.00132; 1; 1; 3.4028234663852886e+38; 1.9798990378985513; 1; 0; 3.4028234663852886e+38; 0; 2.0022651099664537; 26; 360.25138554785917; 1; 0.05; 0.05; 0.05; 6; 0.0033790000000000001; 1; 
0; -nan; 0; 471; 1; 1; 27; 28; 9.6015625; 1.03557; 0.517198; 0.00131; 1; 1; 3.4028234663852886e+38; 1.9798990378985513; 1; 0; 3.4028234663852886e+38; 0; 2.0022651099664537; 26; 360.25138554785917; 1; 0.05; 0.05; 0.05; 6; 0.0033029999999999999; 1; 
0; -nan; 0; 471; 1; 1; 27; 28; 9.9375; 1.03557; 0.517198; 0.0013190000000000001; 1; 1; 3.4028234663852886e+38; 1.9798990378985513; 1; 0; 3.4028234663852886e+38; 0; 2.0022651099664537; 26; 360.25138554785917; 1; 0.05; 0.05; 0.05; 6; 0.0033609999999999998; 1; 
0; -nan; 0; 471; 1; 1; 27; 28; 10.2734375; 1.03557; 0.517198; 0.0013129999999999999; 1; 1; 3.4028234663852886e+38; 1.9798990378985513; 1; 0; 3.4028234663852886e+38; 0; 2.0022651099664537; 26; 360.25138554785917; 1; 0.05; 0.05; 0.05; 6; 0.0033600000000000001; 1; 
0; -nan; 0; 471; 1; 1; 27; 28; 10.609375; 1.03557; 0.517198; 0.0013190000000000001; 1; 1; 3.4028234663852886e+38; 1.9798990378985513; 1; 0; 3.4028234663852886e+38; 0; 2.0022651099664537; 26; 360.25138554785917; 1; 0.05; 0.05; 0.05; 6; 0.0033990000000000001; 1; 
0; -nan; 0; 471; 1; 1; 27; 28; 11.203125; 1.03557; 0.517198; 0.0013090000000000001; 1; 1; 3.4028234663852886e+38; 1.9798990378985513; 1; 0; 3.4028234663852886e+38; 0; 2.0022651099664537; 26; 360.25138554785917; 1; 0.05; 0.05; 0.05; 6; 0.0033660000000000001; 1; 
0; -nan; 0; 471; 1; 1; 27; 28; 11.5390625; 1.03557; 0.517198; 0.0013309999999999999; 1; 1; 3.4028234663852886e+38; 1.9798990378985513; 1; 0; 3.4028234663852886e+38; 0; 2.0022651099664537; 26; 360.25138554785917; 1; 0.05; 0.05; 0.05; 6; 0.0033999999999999998; 1; 
0; -nan; 0; 471; 1; 1; 27; 28; 11.875; 1.03557; 0.517198; 0.0013079999999999999; 1; 1; 3.4028234663852886e+38; 1.9798990378985513; 1; 0; 3.4028234663852886e+38; 0; 2.0022651099664537; 26; 360.25138554785917; 1; 0.05; 0.05; 0.05; 6; 0.0033639999999999998; 1; 
0; -nan; 0; 471; 1; 1; 27; 28; 12.21875; 1.03557; 0.517198; 0.0013259999999999999; 1; 1; 3.4028234663852886e+38; 1.9798990378985513; 1; 0; 3.4028234663852886e+38; 0; 2.0022651099664537; 26; 360.25138554785917; 1; 0.05; 0.05; 0.05; 6; 0.0033969999999999998; 1; 
0; -nan; 0; 471; 1; 1; 27; 28; 12.55078125; 1.03557; 0.517198; 0.001312; 1; 1; 3.4028234663852886e+38; 1.9798990378985513; 1; 0; 3.4028234663852886e+38; 0; 2.0022651099664537; 26; 360.25138554785917; 1; 0.05; 0.05; 0.05; 6; 0.0033760000000000001; 1; 
0; -nan; 0; 471; 1; 1; 27; 28; 13.14453125; 1.03557; 0.517198; 0.001323; 1; 1; 3.4028234663852886e+38; 1.9798990378985513; 1; 0; 3.4028234663852886e+38; 0; 2.0022651099664537; 26; 360.25138554785917; 1; 0.05; 0.05; 0.05; 6; 0.0033930000000000002; 1; 
0; -nan; 0; 471; 1; 1; 27; 28; 13.48046875; 1.03557; 0.517198; 0.0013309999999999999; 1; 1; 3.4028234663852886e+38; 1.9798990378985513; 1; 0; 3.4028234663852886e+38; 0; 2.0022651099664537; 26; 360.25138554785917; 1; 0.05; 0.05; 0.05; 6; 0.0033730000000000001; 1; 
0; -nan; 0; 471; 1; 1; 27; 28; 13.81640625; 1.03557; 0.517198; 0.0013450000000000001; 1; 1; 3.4028234663852886e+38; 1.9798990378985513; 1; 0; 3.4028234663852886e+38; 0; 2.0022651099664537; 26; 360.25138554785917; 1; 0.05; 0.05; 0.05; 6; 0.003405; 1; 
0; -nan; 0; 471; 1; 1; 27; 28; 14.15234375; 1.03557; 0.517198; 0.001341; 1; 1; 3.4028234663852886e+38; 1.9798990378985513; 1; 0; 3.4028234663852886e+38; 0; 2.0022651099664537; 26; 360.25138554785917; 1; 0.05; 0.05; 0.05; 6; 0.0033739999999999998; 1; 
0; -nan; 0; 471; 1; 1; 27; 28; 14.74609375; 1.03557; 0.517198; 0.0013470000000000001; 1; 1; 3.4028234663852886e+38; 1.9798990378985513; 1; 0; 3.4028234663852886e+38; 0; 2.0022651099664537; 26; 360.25138554785917; 1; 0.05; 0.05; 0.05; 6; 0.003336; 1; 
0; -nan; 0; 471; 1; 1; 27; 28; 15.08203125; 1.03557; 0.517198; 0.0013240000000000001; 1; 1; 3.4028234663852886e+38; 1.9798990378985513; 1; 0; 3.4028234663852886e+38; 0; 2.0022651099664537; 26; 360.25138554785917; 1; 0.05; 0.05; 0.05; 6; 0.0044759999999999999; 1; 
0; -nan; 0; 471; 1; 1; 27; 28; 15.41796875; 1.03557; 0.517198; 0.00134; 1; 1; 3.4028234663852886e+38; 1.9798990378985513; 1; 0; 3.4028234663852886e+38; 0; 2.0022651099664537; 26; 360.25138554785917; 1; 0.05; 0.05; 0.05; 6; 0.0044460000000000003; 1; 
0; -nan; 0; 471; 1; 1; 27; 28; 15.7578125; 1.03557; 0.517198; 0.0013339999999999999; 1; 1; 3.4028234663852886e+38; 1.9798990378985513; 1; 0; 3.4028234663852886e+38; 0; 2.0022651099664537; 26; 360.25138554785917; 1; 0.05; 0.05; 0.05; 6; 0.0044770000000000001; 1; 
0; -nan; 0; 471; 1; 1; 27; 28; 16.3515625; 1.03557; 0.517198; 0.0013320000000000001; 1; 1; 3.4028234663852886e+38; 1.9798990378985513; 1; 0; 3.4028234663852886e+38; 0; 2.0022651099664537; 26; 360.25138554785917; 1; 0.05; 0.05; 0.05; 6; 0.0044380000000000001; 1; 
0; -nan; 0; 471; 1; 1; 27; 28; 16.6875; 1.03557; 0.517198; 0.0013259999999999999; 1; 1; 3.4028234663852886e+38; 1.9798990378985513; 1; 0; 3.4028234663852886e+38; 0; 2.0022651099664537; 26; 360.25138554785917; 1; 0.05; 0.05; 0.05; 6; 0.004463; 1; 
0; -nan; 0; 471; 1; 1; 27; 28; 17.0234375; 1.03557; 0.517198; 0.0013129999999999999; 1; 1; 3.4028234663852886e+38; 1.9798990378985513; 1; 0; 3.4028234663852886e+38; 0; 2.0022651099664537; 26; 360.25138554785917; 1; 0.05; 0.05; 0.05; 6; 0.0044429999999999999; 1; 
0; -nan; 0; 471; 1; 1; 27; 28; 17.359375; 1.03557; 0.517198; 0.00133; 1; 1; 3.4028234663852886e+38; 1.9798990378985513; 1; 0; 3.4028234663852886e+38; 0; 2.0022651099664537; 26; 360.25138554785917; 1; 0.05; 0.05; 0.05; 6; 0.0033909999999999999; 1; 
0; -nan; 0; 471; 1; 1; 27; 28; 17.6953125; 1.03557; 0.517198; 0.0013060000000000001; 1; 1; 3.4028234663852886e+38; 1.9798990378985513; 1; 0; 3.4028234663852886e+38; 0; 2.0022651099664537; 26; 360.25138554785917; 1; 0.05; 0.05; 0.05; 6; 0.0033649999999999999; 1; 
0; -nan; 0; 471; 1; 1; 27; 28; 18.2890625; 1.03557; 0.517198; 0.0013159999999999999; 1; 1; 3.4028234663852886e+38; 1.9798990378985513; 1; 0; 3.4028234663852886e+38; 0; 2.0022651099664537; 26; 360.25138554785917; 1; 0.05; 0.05; 0.05; 6; 0.0033809999999999999; 1; 
0; -nan; 0; 471; 1; 1; 27; 28; 18.625; 1.03557; 0.517198; 0.0013110000000000001; 1; 1; 3.4028234663852886e+38; 1.9798990378985513; 1; 0; 3.4028234663852886e+38; 0; 2.0022651099664537; 26; 360.25138554785917; 1; 0.05; 0.05; 0.05; 6; 0.0033790000000000001; 1; 
0; -nan; 0; 471; 1; 1; 27; 28; 18.9609375; 1.03557; 0.517198; 0.0013259999999999999; 1; 1; 3.4028234663852886e+38; 1.9798990378985513; 1; 0; 3.4028234663852886e+38; 0; 2.0022651099664537; 26; 360.25138554785917; 1; 0.05; 0.05; 0.05; 6; 0.003375; 1; 
0; -nan; 0; 471; 1; 1; 27; 28; 19.296875; 1.03557; 0.517198; 0.0013159999999999999; 1; 1; 3.4028234663852886e+38; 1.9798990378985513; 1; 0; 3.4028234663852886e+38; 0; 2.0022651099664537; 26; 360.25138554785917; 1; 0.05; 0.05; 0.05; 6; 0.0033790000000000001; 1; 
0; -nan; 0; 471; 1; 1; 27; 28; 19.8984375; 1.03557; 0.517198; 0.0013470000000000001; 1; 1; 3.4028234663852886e+38; 1.9798990378985513; 1; 0; 3.4028234663852886e+38; 0; 2.0022651099664537; 26; 360.25138554785917; 1; 0.05; 0.05; 0.05; 6; 0.0033679999999999999; 1; 
0; -nan; 0; 471; 1; 1; 27; 28; 20.23046875; 1.03557; 0.517198; 0.0013439999999999999; 1; 1; 3.4028234663852886e+38; 1.9798990378985513; 1; 0; 3.4028234663852886e+38; 0; 2.0022651099664537; 26; 360.25138554785917; 1; 0.05; 0.05; 0.05; 6; 0.0033779999999999999; 1; 
0; -nan; 0; 471; 1; 1; 27; 28; 20.56640625; 1.03557; 0.517198; 0.001346; 1; 1; 3.4028234663852886e+38; 1.9798990378985513; 1; 0; 3.4028234663852886e+38; 0; 2.0022651099664537; 26; 360.25138554785917; 1; 0.05; 0.05; 0.05; 6; 0.0033219999999999999; 1; 
0; -nan; 0; 471; 1; 1; 27; 28; 20.90234375; 1.03557; 0.517198; 0.0013420000000000001; 1; 1; 3.4028234663852886e+38; 1.9798990378985513; 1; 0; 3.4028234663852886e+38; 0; 2.0022651099664537; 26; 360.25138554785917; 1; 0.05; 0.05; 0.05; 6; 0.0033400000000000001; 1; 
0; -nan; 0; 471; 1; 1; 27; 28; 21.49609375; 1.03557; 0.517198; 0.0013470000000000001; 1; 1; 3.4028234663852886e+38; 1.9798990378985513; 1; 0; 3.4028234663852886e+38; 0; 2.0022651099664537; 26; 360.25138554785917; 1; 0.05; 0.05; 0.05; 6; 0.003333; 1; 
0; -nan; 0; 471; 1; 1; 27; 28; 21.83203125; 1.03557; 0.517198; 0.0013339999999999999; 1; 1; 3.4028234663852886e+38; 1.9798990378985513; 1; 0; 3.4028234663852886e+38; 0; 2.0022651099664537; 26; 360.25138554785917; 1; 0.05; 0.05; 0.05; 6; 0.0055430000000000002; 1; 
0; -nan; 0; 471; 1; 1; 27; 28; 22.16796875; 1.03557; 0.517198; 0.0013500000000000001; 1; 1; 3.4028234663852886e+38; 1.9798990378985513; 1; 0; 3.4028234663852886e+38; 0; 2.0022651099664537; 26; 360.25138554785917; 1; 0.05; 0.05; 0.05; 6; 0.0056259999999999999; 1; 
0; -nan; 0; 467; 1; 1; 26; 27; 22.50390625; 1.02234; 0.514547; 0.001322; 1; 1; 3.4028234663852886e+38; 1.9798990378985513; 1; 0; 3.4028234663852886e+38; 0; 1.9868655993918121; 25; 34.11396782344579; 1; 0.05; 0.05; 0.05; 6; 0.0055310000000000003; 1; 
0; -nan; 0; 467; 1; 1; 26; 27; 22.83984375; 1.02234; 0.514547; 0.001312; 1; 1; 3.4028234663852886e+38; 1.9798990378985513; 1; 0; 3.4028234663852886e+38; 0; 1.9868655993918121; 25; 34.11396782344579; 1; 0.05; 0.05; 0.05; 6; 0.0044479999999999997; 1; 
0; -nan; 0; 467; 1; 1; 26; 27; 23.43359375; 1.02234; 0.514547; 0.0013450000000000001; 1; 1; 3.4028234663852886e+38; 1.9798990378985513; 1; 0; 3.4028234663852886e+38; 0; 1.9868655993918121; 25; 34.11396782344579; 1; 0.05; 0.05; 0.05; 6; 0.0045180000000000003; 1; 
0; -nan; 0; 467; 1; 1; 26; 27; 23.765625; 1.02234; 0.514547; 0.0013209999999999999; 1; 1; 3.4028234663852886e+38; 1.9798990378985513; 1; 0; 3.4028234663852886e+38; 0; 1.9868655993918121; 25; 34.11396782344579; 1; 0.05; 0.05; 0.05; 6; 0.0045050000000000003; 1; 
0; -nan; 0; 467; 1; 1; 26; 27; 24.1015625; 1.02234; 0.514547; 0.001338; 1; 1; 3.4028234663852886e+38; 1.9798990378985513; 1; 0; 3.4028234663852886e+38; 0; 1.9868655993918121; 25; 34.11396782344579; 1; 0.05; 0.05; 0.05; 6; 0.0044460000000000003; 1; 
0; -nan; 0; 467; 1; 1; 26; 27; 24.4375; 1.02234; 0.514547; 0.0013159999999999999; 1; 1; 3.4028234663852886e+38; 1.9798990378985513; 1; 0; 3.4028234663852886e+38; 0; 1.9868655993918121; 25; 34.11396782344579; 1; 0.05; 0.05; 0.05; 6; 0.0044720000000000003; 1; 
0; -nan; 0; 467; 1; 1; 26; 27; 25.03125; 1.02234; 0.514547; 0.0013079999999999999; 1; 1; 3.4028234663852886e+38; 1.9798990378985513; 1; 0; 3.4028234663852886e+38; 0; 1.9868655993918121; 25; 34.11396782344579; 1; 0.05; 0.05; 0.05; 6; 0.0044320000000000002; 1; 
0; -nan; 0; 467; 1; 1; 26; 27; 25.36328125; 1.02234; 0.514547; 0.001353; 1; 1; 3.4028234663852886e+38; 1.9798990378985513; 1; 0; 3.4028234663852886e+38; 0; 1.9868655993918121; 25; 34.11396782344579; 1; 0.05; 0.05; 0.05; 6; 0.0044679999999999997; 1; 
0; -nan; 0; 467; 1; 1; 26; 27; 25.69921875; 1.02234; 0.514547; 0.001315; 1; 1; 3.4028234663852886e+38; 1.9798990378985513; 1; 0; 3.4028234663852886e+38; 0; 1.9868655993918121; 25; 34.11396782344579; 1; 0.05; 0.05; 0.05; 6; 0.0044320000000000002; 1; 
0; -nan; 0; 467; 1; 1; 26; 27; 26.29296875; 1.02234; 0.514547; 0.0013699999999999999; 1; 1; 3.4028234663852886e+38; 1.9798990378985513; 1; 0; 3.4028234663852886e+38; 0; 1.9868655993918121; 25; 34.11396782344579; 1; 0.05; 0.05; 0.05; 6; 0.0033999999999999998; 1; 
0; -nan; 0; 467; 1; 1; 26; 27; 26.3671875; 1.02234; 0.514547; 0.0013110000000000001; 1; 1; 3.4028234663852886e+38; 1.9798990378985513; 1; 0; 3.4028234663852886e+38; 0; 1.9868655993918121; 25; 34.11396782344579; 1; 0.05; 0.05; 0.05; 6; 0.0033739999999999998; 1; 
0; -nan; 0; 467; 1; 1; 26; 27; 26.9609375; 1.02234; 0.514547; 0.0013309999999999999; 1; 1; 3.4028234663852886e+38; 1.9798990378985513; 1; 0; 3.4028234663852886e+38; 0; 1.9868655993918121; 25; 34.11396782344579; 1; 0.05; 0.05; 0.05; 6; 0.003392; 1; 
0; -nan; 0; 467; 1; 1; 26; 27; 27.296875; 1.02234; 0.514547; 0.0013389999999999999; 1; 1; 3.4028234663852886e+38; 1.9798990378985513; 1; 0; 3.4028234663852886e+38; 0; 1.9868655993918121; 25; 34.11396782344579; 1; 0.05; 0.05; 0.05; 6; 0.0033800000000000002; 1; 
0; -nan; 0; 467; 1; 1; 26; 27; 27.6328125; 1.02234; 0.514547; 0.0013359999999999999; 1; 1; 3.4028234663852886e+38; 1.9798990378985513; 1; 0; 3.4028234663852886e+38; 0; 1.9868655993918121; 25; 34.11396782344579; 1; 0.05; 0.05; 0.05; 6; 0.003336; 1; 
0; -nan; 0; 467; 1; 1; 26; 27; 27.96484375; 1.02234; 0.514547; 0.0013389999999999999; 1; 1; 3.4028234663852886e+38; 1.9798990378985513; 1; 0; 3.4028234663852886e+38; 0; 1.9868655993918121; 25; 34.11396782344579; 1; 0.05; 0.05; 0.05; 6; 0.0033400000000000001; 1; 
0; -nan; 0; 467; 1; 1; 26; 27; 28.55859375; 1.02234; 0.514547; 0.0013500000000000001; 1; 1; 3.4028234663852886e+38; 1.9798990378985513; 1; 0; 3.4028234663852886e+38; 0; 1.9868655993918121; 25; 34.11396782344579; 1; 0.05; 0.05; 0.05; 6; 0.0033500000000000001; 1; 
0; -nan; 0; 467; 1; 1; 26; 27; 28.89453125; 1.02234; 0.514547; 0.0013240000000000001; 1; 1; 3.4028234663852886e+38; 1.9798990378985513; 1; 0; 3.4028234663852886e+38; 0; 1.9868655993918121; 25; 34.11396782344579; 1; 0.05; 0.05; 0.05; 6; 0.0054819999999999999; 1; 
0; -nan; 0; 467; 1; 1; 26; 27; 29.234375; 1.02234; 0.514547; 0.00133; 1; 1; 3.4028234663852886e+38; 1.9798990378985513; 1; 0; 3.4028234663852886e+38; 0; 1.9868655993918121; 25; 34.11396782344579; 1; 0.05; 0.05; 0.05; 6; 0.0056959999999999997; 1; 
0; -nan; 0; 467; 1; 1; 26; 27; 29.5625; 1.02234; 0.514547; 0.00133; 1; 1; 3.4028234663852886e+38; 1.9798990378985513; 1; 0; 3.4028234663852886e+38; 0; 1.9868655993918121; 25; 34.11396782344579; 1; 0.05; 0.05; 0.05; 6; 0.0055909999999999996; 1; 
0; -nan; 0; 467; 1; 1; 26; 27; 29.8984375; 1.02234; 0.514547; 0.0013270000000000001; 1; 1; 3.4028234663852886e+38; 1.9798990378985513; 1; 0; 3.4028234663852886e+38; 0; 1.9868655993918121; 25; 34.11396782344579; 1; 0.05; 0.05; 0.05; 6; 0.0045880000000000001; 1; 
0; -nan; 0; 467; 1; 1; 26; 27; 30.4921875; 1.02234; 0.514547; 0.0013389999999999999; 1; 1; 3.4028234663852886e+38; 1.9798990378985513; 1; 0; 3.4028234663852886e+38; 0; 1.9868655993918121; 25; 34.11396782344579; 1; 0.05; 0.05; 0.05; 6; 0.0044260000000000002; 1; 
0; -nan; 0; 467; 1; 1; 26; 27; 30.82421875; 1.02234; 0.514547; 0.001343; 1; 1; 3.4028234663852886e+38; 1.9798990378985513; 1; 0; 3.4028234663852886e+38; 0; 1.9868655993918121; 25; 34.11396782344579; 1; 0.05; 0.05; 0.05; 6; 0.0046030000000000003; 1; 
0; -nan; 0; 467; 1; 1; 26; 27; 31.16015625; 1.02234; 0.514547; 0.00133; 1; 1; 3.4028234663852886e+38; 1.9798990378985513; 1; 0; 3.4028234663852886e+38; 0; 1.9868655993918121; 25; 34.11396782344579; 1; 0.05; 0.05; 0.05; 6; 0.0043899999999999998; 1; 
0; -nan; 0; 467; 1; 1; 26; 27; 31.49609375; 1.02234; 0.514547; 0.00132; 1; 1; 3.4028234663852886e+38; 1.9798990378985513; 1; 0; 3.4028234663852886e+38; 0; 1.9868655993918121; 25; 34.11396782344579; 1; 0.05; 0.05; 0.05; 6; 0.0045300000000000002; 1; 
0; -nan; 0; 467; 1; 1; 26; 27; 32.08984375; 1.02234; 0.514547; 0.001302; 1; 1; 3.4028234663852886e+38; 1.9798990378985513; 1; 0; 3.4028234663852886e+38; 0; 1.9868655993918121; 25; 34.11396782344579; 1; 0.05; 0.05; 0.05; 6; 0.0045129999999999997; 1; 
0; -nan; 0; 467; 1; 1; 26; 27; 32.421875; 1.02234; 0.514547; 0.0013389999999999999; 1; 1; 3.4028234663852886e+38; 1.9798990378985513; 1; 0; 3.4028234663852886e+38; 0; 1.9868655993918121; 25; 34.11396782344579; 1; 0.05; 0.05; 0.05; 6; 0.0045459999999999997; 1; 
0; -nan; 0; 467; 1; 1; 26; 27; 32.7578125; 1.02234; 0.514547; 0.0013079999999999999; 1; 1; 3.4028234663852886e+38; 1.9798990378985513; 1; 0; 3.4028234663852886e+38; 0; 1.9868655993918121; 25; 34.11396782344579; 1; 0.05; 0.05; 0.05; 6; 0.0045100000000000001; 1; 
0; -nan; 0; 467; 1; 1; 26; 27; 33.09375; 1.02234; 0.514547; 0.0013489999999999999; 1; 1; 3.4028234663852886e+38; 1.9798990378985513; 1; 0; 3.4028234663852886e+38; 0; 1.9868655993918121; 25; 34.11396782344579; 1; 0.05; 0.05; 0.05; 6; 0.0033549999999999999; 1; 
0; -nan; 0; 467; 1; 1; 26; 27; 33.4296875; 1.02234; 0.514547; 0.0013420000000000001; 1; 1; 3.4028234663852886e+38; 1.9798990378985513; 1; 0; 3.4028234663852886e+38; 0; 1.9868655993918121; 25; 34.11396782344579; 1; 0.05; 0.05; 0.05; 6; 0.003434; 1; 
0; -nan; 0; 467; 1; 1; 26; 27; 34.01953125; 1.02234; 0.514547; 0.0013470000000000001; 1; 1; 3.4028234663852886e+38; 1.9798990378985513; 1; 0; 3.4028234663852886e+38; 0; 1.9868655993918121; 25; 34.11396782344579; 1; 0.05; 0.05; 0.05; 6; 0.0033530000000000001; 1; 
0; -nan; 0; 467; 1; 1; 26; 27; 34.35546875; 1.02234; 0.514547; 0.001343; 1; 1; 3.4028234663852886e+38; 1.9798990378985513; 1; 0; 3.4028234663852886e+38; 0; 1.9868655993918121; 25; 34.11396782344579; 1; 0.05; 0.05; 0.05; 6; 0.0033409999999999998; 1; 
0; -nan; 0; 467; 1; 1; 26; 27; 34.69140625; 1.02234; 0.514547; 0.001372; 1; 1; 3.4028234663852886e+38; 1.9798990378985513; 1; 0; 3.4028234663852886e+38; 0; 1.9868655993918121; 25; 34.11396782344579; 1; 0.05; 0.05; 0.05; 6; 0.003369; 1; 
0; -nan; 0; 467; 1; 1; 26; 27; 35.02734375; 1.02234; 0.514547; 0.001323; 1; 1; 3.4028234663852886e+38; 1.9798990378985513; 1; 0; 3.4028234663852886e+38; 0; 1.9868655993918121; 25; 34.11396782344579; 1; 0.05; 0.05; 0.05; 6; 0.0055820000000000002; 1; 
0; -nan; 0; 467; 1; 1; 26; 27; 35.6171875; 1.02234; 0.514547; 0.001353; 1; 1; 3.4028234663852886e+38; 1.9798990378985513; 1; 0; 3.4028234663852886e+38; 0; 1.9868655993918121; 25; 34.11396782344579; 1; 0.05; 0.05; 0.05; 6; 0.0056699999999999997; 1; 
0; -nan; 0; 467; 1; 1; 26; 27; 35.953125; 1.02234; 0.514547; 0.00133; 1; 1; 3.4028234663852886e+38; 1.9798990378985513; 1; 0; 3.4028234663852886e+38; 0; 1.9868655993918121; 25; 34.11396782344579; 1; 0.05; 0.05; 0.05; 6; 0.0056049999999999997; 1; 
0; -nan; 0; 467; 1; 1; 26; 27; 36.29296875; 1.02234; 0.514547; 0.0013090000000000001; 1; 1; 3.4028234663852886e+38; 1.9798990378985513; 1; 0; 3.4028234663852886e+38; 0; 1.9868655993918121; 25; 34.11396782344579; 1; 0.05; 0.05; 0.05; 6; 0.0045779999999999996; 1; 
0; -nan; 0; 467; 1; 1; 26; 27; 36.625; 1.02234; 0.514547; 0.0013649999999999999; 1; 1; 3.4028234663852886e+38; 1.9798990378985513; 1; 0; 3.4028234663852886e+38; 0; 1.9868655993918121; 25; 34.11396782344579; 1; 0.05; 0.05; 0.05; 6; 0.0045129999999999997; 1; 
0; -nan; 0; 467; 1; 1; 26; 27; 36.9609375; 1.02234; 0.514547; 0.0013450000000000001; 1; 1; 3.4028234663852886e+38; 1.9798990378985513; 1; 0; 3.4028234663852886e+38; 0; 1.9868655993918121; 25; 34.11396782344579; 1; 0.05; 0.05; 0.05; 6; 0.0044200000000000003; 1; 
0; -nan; 0; 467; 1; 1; 26; 27; 37.5546875; 1.02234; 0.514547; 0.001325; 1; 1; 3.4028234663852886e+38; 1.9798990378985513; 1; 0; 3.4028234663852886e+38; 0; 1.9868655993918121; 25; 34.11396782344579; 1; 0.05; 0.05; 0.05; 6; 0.0045129999999999997; 1; 
0; -nan; 0; 467; 1; 1; 26; 27; 37.890625; 1.02234; 0.514547; 0.00132; 1; 1; 3.4028234663852886e+38; 1.9798990378985513; 1; 0; 3.4028234663852886e+38; 0; 1.9868655993918121; 25; 34.11396782344579; 1; 0.05; 0.05; 0.05; 6; 0.0044400000000000004; 1; 
0; -nan; 0; 467; 1; 1; 26; 27; 38.22265625; 1.02234; 0.514547; 0.0013110000000000001; 1; 1; 3.4028234663852886e+38; 1.9798990378985513; 1; 0; 3.4028234663852886e+38; 0; 1.9868655993918121; 25; 34.11396782344579; 1; 0.05; 0.05; 0.05; 6; 0.0045100000000000001; 1; 
0; -nan; 0; 467; 1; 1; 26; 27; 38.55859375; 1.02234; 0.514547; 0.001358; 1; 1; 3.4028234663852886e+38; 1.9798990378985513; 1; 0; 3.4028234663852886e+38; 0; 1.9868655993918121; 25; 34.11396782344579; 1; 0.05; 0.05; 0.05; 6; 0.004548; 1; 
0; -nan; 0; 467; 1; 1; 26; 27; 39.15234375; 1.02234; 0.514547; 0.00131; 1; 1; 3.4028234663852886e+38; 1.9798990378985513; 1; 0; 3.4028234663852886e+38; 0; 1.9868655993918121; 25; 34.11396782344579; 1; 0.05; 0.05; 0.05; 6; 0.0044489999999999998; 1; 
0; -nan; 0; 467; 1; 1; 26; 27; 39.48828125; 1.02234; 0.514547; 0.00132; 1; 1; 3.4028234663852886e+38; 1.9798990378985513; 1; 0; 3.4028234663852886e+38; 0; 1.9868655993918121; 25; 34.11396782344579; 1; 0.05; 0.05; 0.05; 6; 0.0034030000000000002; 1; 
.
