Experiment experiment
Running on sonar
Starting at 2015-07-30T13:01:04.579819
<<<|
Properties of the state space 'CompoundSpace5'
  - signature: 10 0 6 0 6 5 6 1 3 3 3 
  - dimension: 6
  - extent: 4.39922
  - sanity checks for state space passed
  - probability of valid states: 1
  - average length of a valid motion: 1.15759
  - average number of samples drawn per second: sampleUniform()=32464.4 sampleUniformNear()=7634.87 sampleGaussian()=1.66667e+08
Settings for the state space 'CompoundSpace5'
  - state validity check resolution: 1%
  - valid segment count factor: 1
  - state space:
Compound state space 'CompoundSpace5' of dimension 6 [
Compound state space 'ssRobot0' of dimension 6 [
Compound state space 'ssRobot0_SE3' of dimension 6 (locked) [
Real vector state space 'RealVectorSpace2' of dimension 3 with bounds: 
  - min: -1 -1 -0.001 
  - max: 1 1 0.001 
 of weight 1
SO(3) state space 'SO3Space3' (represented using quaternions)
 of weight 1
]
Registered projections:
  - <default>
Projection of dimension 3
Cell sizes (computed defaults): [0.1 0.1 0.0001]
  - drawprojection
Projection of dimension 3
Cell sizes (computed defaults): [0.1 0.1 0.0001]
 of weight 1
]
Registered projections:
  - <default>
Projection of dimension 3
Cell sizes (computed defaults): [0.1 0.1 0.0001]
  - drawprojection
Projection of dimension 3
Cell sizes (computed defaults): [0.1 0.1 0.0001]
 of weight 1
]
Registered projections:
  - <default>
Projection of dimension 3
Cell sizes (computed defaults): [0.1 0.1 0.0001]
  - drawprojection0
Projection of dimension 3
Cell sizes (computed defaults): [0.1 0.1 0.0001]

Declared parameters:
longest_valid_segment_fraction = 0.01
projection.cellsize.0 = 0.10000000000000001
projection.cellsize.1 = 0.10000000000000001
projection.cellsize.2 = 0.00010000000474974513
projection.cellsize_factor = 
projection.drawprojection0.cellsize.0 = 0.10000000000000001
projection.drawprojection0.cellsize.1 = 0.10000000000000001
projection.drawprojection0.cellsize.2 = 0.00010000000474974513
projection.drawprojection0.cellsize_factor = 
valid_segment_count_factor = 1
Valid state sampler named kautham sampler with parameters:
nr_attempts = 100
Planner TRRTConnect specs:
Multithreaded:                 No
Reports approximate solutions: No
Can optimize solutions:        No
Aware of the following parameters: delay_collision_checking frontierNodeRatio frontier_threshold init_temperature k_constant max_states_failed max_states_succeed min_temperature range temp_change_factor
Declared parameters for planner TRRTConnect:
delay_collision_checking = 1
frontierNodeRatio = 0.10000000149011612
frontier_threshold = 0.043992239981889725
init_temperature = 0.30000001192092896
k_constant = 0.05000000074505806
max_states_failed = 50
max_states_succeed = 0
min_temperature = 9.9999997171806854e-10
range = 0.079999998211860657
temp_change_factor = 1.5
Start states:
Compound state [
Compound state [
Compound state [
RealVectorState [-0.7 -0.7 0]
SO3State [8.65956e-17 -0.707107 0.707107 -4.37114e-08]
]
]
]
Goal state, threshold = 2.22045e-16, memory address = 0xc5dbd0, state = 
Compound state [
Compound state [
Compound state [
RealVectorState [0.7 0.7 0]
SO3State [8.65956e-17 -0.707107 0.707107 -4.37114e-08]
]
]
]
Average state cost: 0.05
There are 0 solutions

Properties of benchmarked planners:
Planner TRRTConnect specs:
Multithreaded:                 No
Reports approximate solutions: No
Can optimize solutions:        No
Aware of the following parameters: delay_collision_checking frontierNodeRatio frontier_threshold init_temperature k_constant max_states_failed max_states_succeed min_temperature range temp_change_factor
|>>>
1176405227 is the random seed
20 seconds per run
7000 MB per run
100 runs per planner
113.49 seconds spent to collect the data
1 enum type
status|Unknown status|Invalid start|Invalid goal|Unrecognized goal type|Timeout|Approximate solution|Exact solution|Crash
1 planners
geometric_TRRTConnect
20 common properties
delay_collision_checking = 1
frontierNodeRatio = 0.10000000149011612
frontier_threshold = 0.043992239981889725
init_temperature = 0.30000001192092896
k_constant = 0.05000000074505806
longest_valid_segment_fraction = 0.01
max_states_failed = 50
max_states_succeed = 0
min_temperature = 9.9999997171806854e-10
projection.cellsize.0 = 0.10000000000000001
projection.cellsize.1 = 0.10000000000000001
projection.cellsize.2 = 0.00010000000474974513
projection.cellsize_factor = 
projection.drawprojection0.cellsize.0 = 0.10000000000000001
projection.drawprojection0.cellsize.1 = 0.10000000000000001
projection.drawprojection0.cellsize.2 = 0.00010000000474974513
projection.drawprojection0.cellsize_factor = 
range = 0.079999998211860657
temp_change_factor = 1.5
valid_segment_count_factor = 1
30 properties for each run
MW  cost REAL
PID cost REAL
approximate solution BOOLEAN
collision checks INTEGER
correct solution BOOLEAN
correct solution strict BOOLEAN
graph motions INTEGER
graph states INTEGER
memory REAL
path cost REAL
path cost mean REAL
simplification time REAL
simplified correct solution BOOLEAN
simplified correct solution strict BOOLEAN
simplified solution clearance REAL
simplified solution length REAL
simplified solution segments INTEGER
simplified solution smoothness REAL
solution clearance REAL
solution difference REAL
solution length REAL
solution segments INTEGER
solution smoothness REAL
solved BOOLEAN
state cost max REAL
state cost mean REAL
state cost min REAL
status ENUM
time REAL
valid segment fraction REAL
100 runs
0; -nan; 0; 31753; 1; 1; 169; 170; 42.07421875; 0.117461; 0.0667395; 0.002928; 1; 1; 3.4028234663852886e+38; 1.9798990378985513; 1; 0; 3.4028234663852886e+38; 0; 3.6757115117711496; 47; 2277.594474426648; 1; 0.05; 0.05; 0.05; 6; 1.657432; 1; 
0; -nan; 0; 14433; 1; 1; 85; 86; 60.30859375; 0.182189; 0.0650676; 0.0025140000000000002; 1; 1; 3.4028234663852886e+38; 1.9798990378985513; 1; 0; 3.4028234663852886e+38; 0; 4.7353064294230851; 60; 2469.4534918802069; 1; 0.05; 0.05; 0.05; 6; 0.69110799999999994; 1; 
0; -nan; 0; 20481; 1; 1; 108; 109; 87.05859375; 0.0370084; 0.0272121; 0.002545; 1; 1; 3.4028234663852886e+38; 1.9798990378985513; 1; 0; 3.4028234663852886e+38; 0; 4.324377418097078; 55; 3598.5242929225083; 1; 0.05; 0.05; 0.05; 6; 1.0080929999999999; 1; 
0; -nan; 0; 13895; 1; 1; 73; 74; 104.75; 0.0784744; 0.0516279; 0.0029499999999999999; 1; 1; 3.4028234663852886e+38; 1.9798990378985513; 1; 0; 3.4028234663852886e+38; 0; 4.1321450931868995; 52; 1441.9986356221727; 1; 0.05; 0.05; 0.05; 6; 0.63200900000000004; 1; 
0; -nan; 0; 16135; 1; 1; 87; 88; 125.83984375; 0.16794; 0.0643269; 0.0029390000000000002; 1; 1; 3.4028234663852886e+38; 1.9798990378985513; 1; 0; 3.4028234663852886e+38; 0; 4.5255291847119601; 57; 2454.3462544894178; 1; 0.05; 0.05; 0.05; 6; 0.75396700000000005; 1; 
0; -nan; 0; 24734; 1; 1; 140; 141; 158.11328125; 0.0923888; 0.0825946; 0.0024229999999999998; 1; 1; 3.4028234663852886e+38; 1.9798990378985513; 1; 0; 3.4028234663852886e+38; 0; 4.5098630700015034; 58; 2779.4961971245234; 1; 0.05; 0.05; 0.05; 6; 1.1750799999999999; 1; 
0; -nan; 0; 14356; 1; 1; 79; 80; 176.578125; 0.0734883; 0.043743; 0.0025230000000000001; 1; 1; 3.4028234663852886e+38; 1.9798990378985513; 1; 0; 3.4028234663852886e+38; 0; 4.7766976924659845; 61; 3390.2307412201681; 1; 0.05; 0.05; 0.05; 6; 0.64916499999999999; 1; 
0; -nan; 0; 20649; 1; 1; 111; 112; 203.57421875; 0.0897619; 0.0510011; 0.0026350000000000002; 1; 1; 3.4028234663852886e+38; 1.9798990378985513; 1; 0; 3.4028234663852886e+38; 0; 4.5882437333851058; 58; 3050.0215356453514; 1; 0.05; 0.05; 0.05; 6; 0.96238900000000005; 1; 
0; -nan; 0; 27301; 1; 1; 156; 157; 239.47265625; 0.143637; 0.0687445; 0.0029759999999999999; 1; 1; 3.4028234663852886e+38; 1.9798990378985513; 1; 0; 3.4028234663852886e+38; 0; 4.2815903856331934; 54; 1512.1050094028531; 1; 0.05; 0.05; 0.05; 6; 1.3137460000000001; 1; 
0; -nan; 0; 29291; 1; 1; 158; 159; 277.94921875; 0.0413655; 0.517068; 0.0029550000000000002; 1; 1; 3.4028234663852886e+38; 1.9798990378985513; 1; 0; 3.4028234663852886e+38; 0; 3.9163785231054811; 50; 3455.2841816625169; 1; 0.05; 0.05; 0.05; 6; 1.434539; 1; 
0; -nan; 0; 21399; 1; 1; 113; 114; 305.609375; 0.00275684; 0.00810147; 0.002532; 1; 1; 3.4028234663852886e+38; 1.9798990378985513; 1; 0; 3.4028234663852886e+38; 0; 4.7940001152582985; 61; 2413.1224842053916; 1; 0.05; 0.05; 0.05; 6; 1.035704; 1; 
0; -nan; 0; 20353; 1; 1; 109; 110; 331.94140625; 0.0884303; 0.0515477; 0.0020990000000000002; 1; 1; 3.4028234663852886e+38; 1.9798990378985513; 1; 0; 3.4028234663852886e+38; 0; 4.2433378004728937; 54; 4245.4289275226802; 1; 0.05; 0.05; 0.05; 6; 0.97842499999999999; 1; 
0; -nan; 0; 16236; 1; 1; 82; 83; 353.05859375; 0.0357039; 0.0223149; 0.002954; 1; 1; 3.4028234663852886e+38; 1.9798990378985513; 1; 0; 3.4028234663852886e+38; 0; 3.9805572229623896; 50; 2425.9250323865544; 1; 0.05; 0.05; 0.05; 6; 0.74747600000000003; 1; 
0; -nan; 0; 11472; 1; 1; 63; 64; 367.9765625; 0.320031; 0.0730829; 0.0023909999999999999; 1; 1; 3.4028234663852886e+38; 1.9798990378985513; 1; 0; 3.4028234663852886e+38; 0; 4.3790194626567942; 55; 1590.280921723763; 1; 0.05; 0.05; 0.05; 6; 0.54292899999999999; 1; 
0; -nan; 0; 29136; 1; 1; 156; 157; 405.94140625; 0.103687; 0.185156; 0.0025149999999999999; 1; 1; 3.4028234663852886e+38; 1.9798990378985513; 1; 0; 3.4028234663852886e+38; 0; 4.4419918002315404; 56; 2283.2339921648804; 1; 0.05; 0.05; 0.05; 6; 1.399527; 1; 
0; -nan; 0; 23420; 1; 1; 122; 123; 436.515625; 0.0419746; 0.524683; 0.002954; 1; 1; 3.4028234663852886e+38; 1.9798990378985513; 1; 0; 3.4028234663852886e+38; 0; 4.8418194478366487; 61; 1823.7160677947422; 1; 0.05; 0.05; 0.05; 6; 1.107361; 1; 
0; -nan; 0; 12918; 1; 1; 70; 71; 453.15625; 0.289595; 0.0622569; 0.002382; 1; 1; 3.4028234663852886e+38; 1.9798990378985513; 1; 0; 3.4028234663852886e+38; 0; 4.6516158740546878; 59; 1433.8291629385303; 1; 0.05; 0.05; 0.05; 6; 0.60902400000000001; 1; 
0; -nan; 0; 20927; 1; 1; 111; 112; 480.37890625; 0.0893467; 0.134217; 0.0023830000000000001; 1; 1; 3.4028234663852886e+38; 1.9798990378985513; 1; 0; 3.4028234663852886e+38; 0; 4.7062109982116933; 60; 2970.9491425962801; 1; 0.05; 0.05; 0.05; 6; 0.97835399999999995; 1; 
0; -nan; 0; 25828; 1; 1; 138; 139; 514.08984375; 0.055244; 0.0313886; 0.0021840000000000002; 1; 1; 3.4028234663852886e+38; 1.9798990378985513; 1; 0; 3.4028234663852886e+38; 0; 4.789311919219001; 61; 4284.6357599089415; 1; 0.05; 0.05; 0.05; 6; 1.2258830000000001; 1; 
0; -nan; 0; 19255; 1; 1; 99; 100; 539.34765625; 0.0280184; 0.0184332; 0.0024090000000000001; 1; 1; 3.4028234663852886e+38; 1.9798990378985513; 1; 0; 3.4028234663852886e+38; 0; 4.4880570224936349; 58; 4751.2483994783306; 1; 0.05; 0.05; 0.05; 6; 0.89672200000000002; 1; 
0; -nan; 0; 17096; 1; 1; 89; 90; 561.55859375; 0.077521; 0.0442223; 0.0026350000000000002; 1; 1; 3.4028234663852886e+38; 1.9798990378985513; 1; 0; 3.4028234663852886e+38; 0; 4.4476316073351576; 56; 1299.8974130827824; 1; 0.05; 0.05; 0.05; 6; 0.79092600000000002; 1; 
0; -nan; 0; 13375; 1; 1; 72; 73; 578.61328125; 0.0182919; 0.0114971; 0.001348; 1; 1; 3.4028234663852886e+38; 1.9798990378985513; 1; 0; 3.4028234663852886e+38; 0; 4.4209502377738801; 56; 2131.6437979422362; 1; 0.05; 0.05; 0.05; 6; 0.65764100000000003; 1; 
0; -nan; 0; 20627; 1; 1; 110; 111; 605.40625; 0.0413951; 0.517439; 0.001356; 1; 1; 3.4028234663852886e+38; 1.9798990378985513; 1; 0; 3.4028234663852886e+38; 0; 3.8585247446380531; 49; 1632.482198091112; 1; 0.05; 0.05; 0.05; 6; 0.97190900000000002; 1; 
0; -nan; 0; 16911; 1; 1; 88; 89; 627.48828125; 0.139498; 0.0471277; 0.002408; 1; 1; 3.4028234663852886e+38; 1.9798990378985513; 1; 0; 3.4028234663852886e+38; 0; 4.2108757779046115; 53; 1982.6448900650187; 1; 0.05; 0.05; 0.05; 6; 0.78029599999999999; 1; 
0; -nan; 0; 26236; 1; 1; 135; 136; 661.84765625; 0.359508; 0.0811859; 0.0029710000000000001; 1; 1; 3.4028234663852886e+38; 1.9798990378985513; 1; 0; 3.4028234663852886e+38; 0; 4.4282028674427227; 57; 2200.338754138847; 1; 0.05; 0.05; 0.05; 6; 1.2480100000000001; 1; 
0; -nan; 0; 28151; 1; 1; 150; 151; 698.54296875; 0.0680621; 0.0405131; 0.0029489999999999998; 1; 1; 3.4028234663852886e+38; 1.9798990378985513; 1; 0; 3.4028234663852886e+38; 0; 4.6559554443259223; 59; 3355.2152996503455; 1; 0.05; 0.05; 0.05; 6; 1.371149; 1; 
0; -nan; 0; 27257; 1; 1; 146; 147; 734.36328125; 0.000210493; 0.00589766; 0.0029390000000000002; 1; 1; 3.4028234663852886e+38; 1.9798990378985513; 1; 0; 3.4028234663852886e+38; 0; 4.860172608006514; 62; 2417.2726114602933; 1; 0.05; 0.05; 0.05; 6; 1.3190599999999999; 1; 
0; -nan; 0; 24915; 1; 1; 126; 127; 766.94921875; 0.0494867; 0.186995; 0.0027810000000000001; 1; 1; 3.4028234663852886e+38; 1.9798990378985513; 1; 0; 3.4028234663852886e+38; 0; 4.1866637610605517; 53; 2800.8678235385237; 1; 0.05; 0.05; 0.05; 6; 1.236021; 1; 
0; -nan; 0; 13429; 1; 1; 70; 71; 784.05859375; 0.00795977; 0.00552762; 0.002493; 1; 1; 3.4028234663852886e+38; 1.9798990378985513; 1; 0; 3.4028234663852886e+38; 0; 4.3398210682362484; 55; 1378.0561035332332; 1; 0.05; 0.05; 0.05; 6; 0.66454199999999997; 1; 
0; -nan; 0; 17592; 1; 1; 95; 96; 806.80859375; 0.283293; 0.0628107; 0.0029290000000000002; 1; 1; 3.4028234663852886e+38; 1.9798990378985513; 1; 0; 3.4028234663852886e+38; 0; 4.5102656404725803; 57; 1796.5695785678975; 1; 0.05; 0.05; 0.05; 6; 0.81209200000000004; 1; 
0; -nan; 0; 32773; 1; 1; 173; 174; 850.0390625; 0.0742202; 0.0392566; 0.0021930000000000001; 1; 1; 3.4028234663852886e+38; 1.9798990378985513; 1; 0; 3.4028234663852886e+38; 0; 3.6614493956210166; 47; 3880.4387066971153; 1; 0.05; 0.05; 0.05; 6; 1.617799; 1; 
0; -nan; 0; 22395; 1; 1; 123; 124; 879.30078125; 0.197288; 0.0621009; 0.0024580000000000001; 1; 1; 3.4028234663852886e+38; 1.9798990378985513; 1; 0; 3.4028234663852886e+38; 0; 4.4302009477561484; 57; 2006.6324095416824; 1; 0.05; 0.05; 0.05; 6; 1.0608439999999999; 1; 
0; -nan; 0; 21061; 1; 1; 109; 110; 906.78125; 5.98403e-06; 0.000249452; 0.0029429999999999999; 1; 1; 3.4028234663852886e+38; 1.9798990378985513; 1; 0; 3.4028234663852886e+38; 0; 4.2657058686723595; 54; 2580.6367867092126; 1; 0.05; 0.05; 0.05; 6; 1.064897; 1; 
0; -nan; 0; 22798; 1; 1; 119; 120; 936.56640625; 5.98403e-06; 0.000249452; 0.00299; 1; 1; 3.4028234663852886e+38; 1.9798990378985513; 1; 0; 3.4028234663852886e+38; 0; 4.4947825297537971; 58; 3221.7521074441665; 1; 0.05; 0.05; 0.05; 6; 1.0764590000000001; 1; 
0; -nan; 0; 22742; 1; 1; 120; 121; 966.1015625; 0.291202; 0.0933341; 0.002957; 1; 1; 3.4028234663852886e+38; 1.9798990378985513; 1; 0; 3.4028234663852886e+38; 0; 4.3471530748525771; 55; 2280.2332773028397; 1; 0.05; 0.05; 0.05; 6; 1.0735079999999999; 1; 
0; -nan; 0; 23763; 1; 1; 127; 128; 997.12109375; 0.062271; 0.169424; 0.0021700000000000001; 1; 1; 3.4028234663852886e+38; 1.9798990378985513; 1; 0; 3.4028234663852886e+38; 0; 4.8793598461982706; 62; 1681.5939363432385; 1; 0.05; 0.05; 0.05; 6; 1.119885; 1; 
0; -nan; 0; 21229; 1; 1; 114; 115; 1024.7578125; 0.00835252; 0.00534229; 0.0029580000000000001; 1; 1; 3.4028234663852886e+38; 1.9798990378985513; 1; 0; 3.4028234663852886e+38; 0; 4.5973752638829462; 58; 2168.4226145177577; 1; 0.05; 0.05; 0.05; 6; 1.0229520000000001; 1; 
0; -nan; 0; 18850; 1; 1; 96; 97; 1049.35546875; 0.0208658; 0.0130412; 0.0013489999999999999; 1; 1; 3.4028234663852886e+38; 1.9798990378985513; 1; 0; 3.4028234663852886e+38; 0; 4.2784835796828453; 55; 2546.1900718868565; 1; 0.05; 0.05; 0.05; 6; 0.87881399999999998; 1; 
0; -nan; 0; 26122; 1; 1; 145; 146; 1083.453125; 0.0751597; 0.0427044; 0.0029510000000000001; 1; 1; 3.4028234663852886e+38; 1.9798990378985513; 1; 0; 3.4028234663852886e+38; 0; 4.0707676237393207; 52; 2368.1892224470698; 1; 0.05; 0.05; 0.05; 6; 1.243779; 1; 
0; -nan; 0; 23249; 1; 1; 125; 126; 1113.78515625; 0.0503721; 0.0306917; 0.0026510000000000001; 1; 1; 3.4028234663852886e+38; 1.9798990378985513; 1; 0; 3.4028234663852886e+38; 0; 4.2853611422000553; 54; 3125.7926950767869; 1; 0.05; 0.05; 0.05; 6; 1.099942; 1; 
0; -nan; 0; 24349; 1; 1; 127; 128; 1145.4921875; 0.00314936; 0.0037854; 0.0029399999999999999; 1; 1; 3.4028234663852886e+38; 1.9798990378985513; 1; 0; 3.4028234663852886e+38; 0; 4.7753054414084986; 60; 4204.1314942236304; 1; 0.05; 0.05; 0.05; 6; 1.1623520000000001; 1; 
0; -nan; 0; 23569; 1; 1; 121; 122; 1176.2265625; 0.0219692; 0.0137443; 0.0025100000000000001; 1; 1; 3.4028234663852886e+38; 1.9798990378985513; 1; 0; 3.4028234663852886e+38; 0; 4.4983766462696222; 57; 2608.3424509111487; 1; 0.05; 0.05; 0.05; 6; 1.1415040000000001; 1; 
0; -nan; 0; 27013; 1; 1; 146; 147; 1211.4609375; 0.0444249; 0.0292269; 0.0030240000000000002; 1; 1; 3.4028234663852886e+38; 1.9798990378985513; 1; 0; 3.4028234663852886e+38; 0; 4.3756692148738505; 56; 2499.7969323486263; 1; 0.05; 0.05; 0.05; 6; 1.417557; 1; 
0; -nan; 0; 26169; 1; 1; 138; 139; 1245.73046875; 0.0353461; 0.0241497; 0.0023670000000000002; 1; 1; 3.4028234663852886e+38; 1.9798990378985513; 1; 0; 3.4028234663852886e+38; 0; 4.3612181035071469; 55; 2822.7774054601164; 1; 0.05; 0.05; 0.05; 6; 1.247101; 1; 
0; -nan; 0; 28820; 1; 1; 154; 155; 1283.58203125; 0.0517262; 0.0312696; 0.0029580000000000001; 1; 1; 3.4028234663852886e+38; 1.9798990378985513; 1; 0; 3.4028234663852886e+38; 0; 5.1543451663901729; 65; 3096.4699037223641; 1; 0.05; 0.05; 0.05; 6; 1.3784019999999999; 1; 
0; -nan; 0; 29447; 1; 1; 157; 158; 1322.05859375; 0.0404803; 0.043205; 0.0025119999999999999; 1; 1; 3.4028234663852886e+38; 1.9798990378985513; 1; 0; 3.4028234663852886e+38; 0; 4.7555651717333083; 60; 3411.6455060527264; 1; 0.05; 0.05; 0.05; 6; 1.422588; 1; 
0; -nan; 0; 29015; 1; 1; 158; 159; 1360.15625; 0.0073953; 0.0146755; 0.0025219999999999999; 1; 1; 3.4028234663852886e+38; 1.9798990378985513; 1; 0; 3.4028234663852886e+38; 0; 4.3483498780021606; 55; 3001.0187937567648; 1; 0.05; 0.05; 0.05; 6; 1.4078649999999999; 1; 
0; -nan; 0; 14963; 1; 1; 84; 85; 1379.6796875; 0.0157136; 0.0097009; 0.002019; 1; 1; 3.4028234663852886e+38; 1.9798990378985513; 1; 0; 3.4028234663852886e+38; 0; 4.8254641157684723; 61; 1344.4785834267909; 1; 0.05; 0.05; 0.05; 6; 0.68187900000000001; 1; 
0; -nan; 0; 28206; 1; 1; 151; 152; 1416.2890625; 0.294698; 0.0877077; 0.0029369999999999999; 1; 1; 3.4028234663852886e+38; 1.9798990378985513; 1; 0; 3.4028234663852886e+38; 0; 4.4623282777184823; 56; 3084.6415314741548; 1; 0.05; 0.05; 0.05; 6; 1.3498159999999999; 1; 
0; -nan; 0; 24230; 1; 1; 124; 125; 1447.8671875; 0.0160402; 0.00954773; 0.0029499999999999999; 1; 1; 3.4028234663852886e+38; 1.9798990378985513; 1; 0; 3.4028234663852886e+38; 0; 4.7443063533311474; 60; 2788.174659111598; 1; 0.05; 0.05; 0.05; 6; 1.147661; 1; 
0; -nan; 0; 26980; 1; 1; 141; 142; 1483.36328125; 0.0510928; 0.031933; 0.002967; 1; 1; 3.4028234663852886e+38; 1.9798990378985513; 1; 0; 3.4028234663852886e+38; 0; 4.0003367370667018; 51; 2770.9775971574741; 1; 0.05; 0.05; 0.05; 6; 1.2920689999999999; 1; 
0; -nan; 0; 21922; 1; 1; 117; 118; 1512.05859375; 0.0667419; 0.0383494; 0.0029450000000000001; 1; 1; 3.4028234663852886e+38; 1.9798990378985513; 1; 0; 3.4028234663852886e+38; 0; 4.3470341736326272; 55; 2521.9434803534277; 1; 0.05; 0.05; 0.05; 6; 1.0364180000000001; 1; 
0; -nan; 0; 25510; 1; 1; 137; 138; 1545.37890625; 0.218608; 0.0887897; 0.002967; 1; 1; 3.4028234663852886e+38; 1.9798990378985513; 1; 0; 3.4028234663852886e+38; 0; 4.1196628344131385; 53; 2519.0423681960192; 1; 0.05; 0.05; 0.05; 6; 1.2110240000000001; 1; 
0; -nan; 0; 21294; 1; 1; 119; 120; 1573.06640625; 0.0442106; 0.0802473; 0.0029619999999999998; 1; 1; 3.4028234663852886e+38; 1.9798990378985513; 1; 0; 3.4028234663852886e+38; 0; 4.2151608995333953; 53; 2327.3023504420426; 1; 0.05; 0.05; 0.05; 6; 0.99945600000000001; 1; 
0; -nan; 0; 19530; 1; 1; 110; 111; 1598.28515625; 0.33405; 0.0675681; 0.0029640000000000001; 1; 1; 3.4028234663852886e+38; 1.9798990378985513; 1; 0; 3.4028234663852886e+38; 0; 4.9439085706154984; 62; 3003.1627052727399; 1; 0.05; 0.05; 0.05; 6; 0.90627100000000005; 1; 
0; -nan; 0; 29173; 1; 1; 157; 158; 1636.52734375; 0.0815384; 0.0539467; 0.0025170000000000001; 1; 1; 3.4028234663852886e+38; 1.9798990378985513; 1; 0; 3.4028234663852886e+38; 0; 4.5649555057915361; 58; 2546.9776867806095; 1; 0.05; 0.05; 0.05; 6; 1.429298; 1; 
0; -nan; 0; 22358; 1; 1; 113; 114; 1665.81640625; 0.175948; 0.0594418; 0.002578; 1; 1; 3.4028234663852886e+38; 1.9798990378985513; 1; 0; 3.4028234663852886e+38; 0; 4.6146767426294746; 58; 1986.7217808884095; 1; 0.05; 0.05; 0.05; 6; 1.0511999999999999; 1; 
0; -nan; 0; 21397; 1; 1; 117; 118; 1693.66796875; 0.0441168; 0.036764; 0.00299; 1; 1; 3.4028234663852886e+38; 1.9798990378985513; 1; 0; 3.4028234663852886e+38; 0; 4.8362170932631985; 61; 1765.4211003660405; 1; 0.05; 0.05; 0.05; 6; 1.0017199999999999; 1; 
0; -nan; 0; 24161; 1; 1; 126; 127; 1725.14453125; 0.178045; 0.0559938; 0.0026679999999999998; 1; 1; 3.4028234663852886e+38; 1.9798990378985513; 1; 0; 3.4028234663852886e+38; 0; 4.3430270801015318; 55; 2235.5122001828636; 1; 0.05; 0.05; 0.05; 6; 1.2064379999999999; 1; 
0; -nan; 0; 23154; 1; 1; 123; 124; 1755.47265625; 0.0941508; 0.147111; 0.002944; 1; 1; 3.4028234663852886e+38; 1.9798990378985513; 1; 0; 3.4028234663852886e+38; 0; 4.9093243387240264; 62; 3148.4277915078751; 1; 0.05; 0.05; 0.05; 6; 1.16862; 1; 
0; -nan; 0; 33627; 1; 1; 178; 179; 1799.59375; 0.00442451; 0.00451105; 0.002944; 1; 1; 3.4028234663852886e+38; 1.9798990378985513; 1; 0; 3.4028234663852886e+38; 0; 4.4410050027133128; 57; 4937.5906047075223; 1; 0.05; 0.05; 0.05; 6; 1.6440980000000001; 1; 
0; -nan; 0; 12565; 1; 1; 65; 66; 1815.72265625; 0.0168322; 0.010181; 0.0029979999999999998; 1; 1; 3.4028234663852886e+38; 1.9798990378985513; 1; 0; 3.4028234663852886e+38; 0; 4.2811546478160265; 55; 1343.7395105387543; 1; 0.05; 0.05; 0.05; 6; 0.59642399999999995; 1; 
0; -nan; 0; 23163; 1; 1; 124; 125; 1845.83203125; 0.349155; 0.0830054; 0.0029819999999999998; 1; 1; 3.4028234663852886e+38; 1.9798990378985513; 1; 0; 3.4028234663852886e+38; 0; 4.2064117089536364; 53; 2006.9352370230686; 1; 0.05; 0.05; 0.05; 6; 1.1032740000000001; 1; 
0; -nan; 0; 28113; 1; 1; 156; 157; 1882.609375; 0.00122384; 0.00167393; 0.0029740000000000001; 1; 1; 3.4028234663852886e+38; 1.9798990378985513; 1; 0; 3.4028234663852886e+38; 0; 4.0033902544880551; 51; 1844.1402250488306; 1; 0.05; 0.05; 0.05; 6; 1.3625849999999999; 1; 
0; -nan; 0; 28510; 1; 1; 152; 153; 1920.24609375; 0.21036; 0.0676655; 0.0024940000000000001; 1; 1; 3.4028234663852886e+38; 1.9798990378985513; 1; 0; 3.4028234663852886e+38; 0; 4.1740998222739911; 53; 1869.2578017154651; 1; 0.05; 0.05; 0.05; 6; 1.400874; 1; 
0; -nan; 0; 18459; 1; 1; 96; 97; 1944.30078125; 0.0727152; 0.0414219; 0.002251; 1; 1; 3.4028234663852886e+38; 1.9798990378985513; 1; 0; 3.4028234663852886e+38; 0; 3.8417611771907434; 49; 2411.9002743840924; 1; 0.05; 0.05; 0.05; 6; 0.89074299999999995; 1; 
0; -nan; 0; 20329; 1; 1; 114; 115; 1970.72265625; 0.0831815; 0.0472622; 0.003026; 1; 1; 3.4028234663852886e+38; 1.9798990378985513; 1; 0; 3.4028234663852886e+38; 0; 3.904151705880095; 49; 2677.6973704369389; 1; 0.05; 0.05; 0.05; 6; 0.95402200000000004; 1; 
0; -nan; 0; 24888; 1; 1; 128; 129; 2003.2109375; 0.215838; 0.0689619; 0.0024060000000000002; 1; 1; 3.4028234663852886e+38; 1.9798990378985513; 1; 0; 3.4028234663852886e+38; 0; 4.464192293854901; 57; 3465.5013225266193; 1; 0.05; 0.05; 0.05; 6; 1.1773990000000001; 1; 
0; -nan; 0; 21505; 1; 1; 112; 113; 2031.078125; 0.250542; 0.0846425; 0.0029759999999999999; 1; 1; 3.4028234663852886e+38; 1.9798990378985513; 1; 0; 3.4028234663852886e+38; 0; 4.1386286339027549; 53; 2273.5259032356007; 1; 0.05; 0.05; 0.05; 6; 1.014229; 1; 
0; -nan; 0; 25374; 1; 1; 132; 133; 2064.32421875; 0.0687124; 0.17984; 0.0028279999999999998; 1; 1; 3.4028234663852886e+38; 1.9798990378985513; 1; 0; 3.4028234663852886e+38; 0; 3.908263376476004; 51; 3296.3580644369595; 1; 0.05; 0.05; 0.05; 6; 1.207959; 1; 
0; -nan; 0; 32002; 1; 1; 171; 172; 2106.58984375; 0.0288872; 0.0209874; 0.002284; 1; 1; 3.4028234663852886e+38; 1.9798990378985513; 1; 0; 3.4028234663852886e+38; 0; 4.7919288042532644; 61; 2650.7196968664371; 1; 0.05; 0.05; 0.05; 6; 1.577631; 1; 
0; -nan; 0; 26220; 1; 1; 137; 138; 2140.98828125; 0.00660832; 0.00794459; 0.0029390000000000002; 1; 1; 3.4028234663852886e+38; 1.9798990378985513; 1; 0; 3.4028234663852886e+38; 0; 4.3919181899056099; 56; 3343.0307198554269; 1; 0.05; 0.05; 0.05; 6; 1.2492700000000001; 1; 
0; -nan; 0; 34209; 1; 1; 180; 181; 2185.6015625; 0.0717258; 0.042694; 0.0029550000000000002; 1; 1; 3.4028234663852886e+38; 1.9798990378985513; 1; 0; 3.4028234663852886e+38; 0; 3.736070274721043; 47; 1706.3042835832148; 1; 0.05; 0.05; 0.05; 6; 1.673694; 1; 
0; -nan; 0; 13915; 1; 1; 76; 77; 2203.62890625; 0.039181; 0.0244881; 0.0029889999999999999; 1; 1; 3.4028234663852886e+38; 1.9798990378985513; 1; 0; 3.4028234663852886e+38; 0; 4.1844194601000941; 53; 1462.5944669681169; 1; 0.05; 0.05; 0.05; 6; 0.63111799999999996; 1; 
0; -nan; 0; 24254; 1; 1; 125; 126; 2235.52734375; 0.0719392; 0.227289; 0.0028119999999999998; 1; 1; 3.4028234663852886e+38; 1.9798990378985513; 1; 0; 3.4028234663852886e+38; 0; 4.7216317613677692; 60; 1648.1649150157104; 1; 0.05; 0.05; 0.05; 6; 1.2438400000000001; 1; 
0; -nan; 0; 21296; 1; 1; 123; 124; 2263.140625; 0.0422175; 0.0479745; 0.0025119999999999999; 1; 1; 3.4028234663852886e+38; 1.9798990378985513; 1; 0; 3.4028234663852886e+38; 0; 4.8368945805020109; 61; 2034.9627149536796; 1; 0.05; 0.05; 0.05; 6; 1.007892; 1; 
0; -nan; 0; 32785; 1; 1; 176; 177; 2306.35546875; 0.0612718; 0.0348135; 0.0030980000000000001; 1; 1; 3.4028234663852886e+38; 1.9798990378985513; 1; 0; 3.4028234663852886e+38; 0; 4.5044799661649861; 57; 1942.9991068129918; 1; 0.05; 0.05; 0.05; 6; 1.599515; 1; 
0; -nan; 0; 19647; 1; 1; 102; 103; 2331.9296875; 0.00157129; 0.00303348; 0.0029750000000000002; 1; 1; 3.4028234663852886e+38; 1.9798990378985513; 1; 0; 3.4028234663852886e+38; 0; 4.1359781598770589; 52; 2009.7906977057773; 1; 0.05; 0.05; 0.05; 6; 0.95412699999999995; 1; 
0; -nan; 0; 19828; 1; 1; 105; 106; 2357.53125; 0.196912; 0.0618286; 0.0025049999999999998; 1; 1; 3.4028234663852886e+38; 1.9798990378985513; 1; 0; 3.4028234663852886e+38; 0; 4.1188645465472913; 53; 962.69995240358764; 1; 0.05; 0.05; 0.05; 6; 0.93278300000000003; 1; 
0; -nan; 0; 19949; 1; 1; 103; 104; 2383.41015625; 0.134796; 0.0526548; 0.0029489999999999998; 1; 1; 3.4028234663852886e+38; 1.9798990378985513; 1; 0; 3.4028234663852886e+38; 0; 4.395798121994055; 55; 1907.0888086920388; 1; 0.05; 0.05; 0.05; 6; 0.94007399999999997; 1; 
0; -nan; 0; 35732; 1; 1; 185; 186; 2430.57421875; 0.00934676; 0.00962952; 0.0024069999999999999; 1; 1; 3.4028234663852886e+38; 1.9798990378985513; 1; 0; 3.4028234663852886e+38; 0; 3.9568991175326622; 50; 2006.7736970072992; 1; 0.05; 0.05; 0.05; 6; 1.9828870000000001; 1; 
0; -nan; 0; 15193; 1; 1; 80; 81; 2450.26953125; 0.225257; 0.0829091; 0.0029680000000000002; 1; 1; 3.4028234663852886e+38; 1.9798990378985513; 1; 0; 3.4028234663852886e+38; 0; 4.3669421768373411; 55; 825.22961196238339; 1; 0.05; 0.05; 0.05; 6; 0.72519400000000001; 1; 
0; -nan; 0; 23507; 1; 1; 128; 129; 2480.74609375; 0.152798; 0.0616121; 0.0029859999999999999; 1; 1; 3.4028234663852886e+38; 1.9798990378985513; 1; 0; 3.4028234663852886e+38; 0; 4.2321830343237661; 53; 2415.8484867158004; 1; 0.05; 0.05; 0.05; 6; 1.1200889999999999; 1; 
0; -nan; 0; 19336; 1; 1; 117; 118; 2505.82421875; 0.0746329; 0.133273; 0.0032420000000000001; 1; 1; 3.4028234663852886e+38; 1.9798990378985513; 1; 0; 3.4028234663852886e+38; 0; 4.5339161172666831; 58; 1284.514036080348; 1; 0.05; 0.05; 0.05; 6; 0.91050600000000004; 1; 
0; -nan; 0; 13810; 1; 1; 73; 74; 2523.82421875; 0.301172; 0.0665161; 0.0029459999999999998; 1; 1; 3.4028234663852886e+38; 1.9798990378985513; 1; 0; 3.4028234663852886e+38; 0; 4.5278116840683857; 58; 1343.5916783143009; 1; 0.05; 0.05; 0.05; 6; 0.68137899999999996; 1; 
0; -nan; 0; 23016; 1; 1; 117; 118; 2553.76171875; 0.0236206; 0.0139332; 0.0029789999999999999; 1; 1; 3.4028234663852886e+38; 1.9798990378985513; 1; 0; 3.4028234663852886e+38; 0; 4.1208119137760244; 52; 3190.4328929950561; 1; 0.05; 0.05; 0.05; 6; 1.115019; 1; 
0; -nan; 0; 27291; 1; 1; 151; 152; 2589.52734375; 0.0836626; 0.0522891; 0.0020709999999999999; 1; 1; 3.4028234663852886e+38; 1.9798990378985513; 1; 0; 3.4028234663852886e+38; 0; 5.0156150828635262; 64; 3208.7300158905127; 1; 0.05; 0.05; 0.05; 6; 1.302022; 1; 
0; -nan; 0; 21312; 1; 1; 108; 109; 2617.2578125; 0.0127814; 0.00887601; 0.002941; 1; 1; 3.4028234663852886e+38; 1.9798990378985513; 1; 0; 3.4028234663852886e+38; 0; 4.242134240006008; 54; 2505.0858842996572; 1; 0.05; 0.05; 0.05; 6; 1.000427; 1; 
0; -nan; 0; 13371; 1; 1; 72; 73; 2634.234375; 0.0950501; 0.0565775; 0.0029719999999999998; 1; 1; 3.4028234663852886e+38; 1.9798990378985513; 1; 0; 3.4028234663852886e+38; 0; 4.6432785512472998; 59; 2119.3397382424437; 1; 0.05; 0.05; 0.05; 6; 0.60241599999999995; 1; 
0; -nan; 0; 18872; 1; 1; 106; 107; 2658.953125; 0.028123; 0.0172344; 0.0023930000000000002; 1; 1; 3.4028234663852886e+38; 1.9798990378985513; 1; 0; 3.4028234663852886e+38; 0; 5.0521928845662183; 64; 3694.8301943812885; 1; 0.05; 0.05; 0.05; 6; 0.90324499999999996; 1; 
0; -nan; 0; 28314; 1; 1; 144; 145; 2695.82421875; 0.00180539; 0.00904963; 0.0029919999999999999; 1; 1; 3.4028234663852886e+38; 1.9798990378985513; 1; 0; 3.4028234663852886e+38; 0; 4.5029019184745236; 57; 2084.667039816894; 1; 0.05; 0.05; 0.05; 6; 1.351901; 1; 
0; -nan; 0; 22709; 1; 1; 127; 128; 2725.4375; 0.0549975; 0.0343735; 0.0014430000000000001; 1; 1; 3.4028234663852886e+38; 1.9798990378985513; 1; 0; 3.4028234663852886e+38; 0; 4.7696950302268046; 61; 2068.5745981541231; 1; 0.05; 0.05; 0.05; 6; 1.147546; 1; 
0; -nan; 0; 44929; 1; 1; 239; 240; 2784.98828125; 0.0462516; 0.157117; 0.0029399999999999999; 1; 1; 3.4028234663852886e+38; 1.9798990378985513; 1; 0; 3.4028234663852886e+38; 0; 4.6475061331114889; 60; 2283.0343812485835; 1; 0.05; 0.05; 0.05; 6; 2.2294499999999999; 1; 
0; -nan; 0; 24979; 1; 1; 133; 134; 2817.6171875; 0.119704; 0.0575501; 0.0029740000000000001; 1; 1; 3.4028234663852886e+38; 1.9798990378985513; 1; 0; 3.4028234663852886e+38; 0; 4.7752621532304556; 60; 1827.3070770658746; 1; 0.05; 0.05; 0.05; 6; 1.203784; 1; 
0; -nan; 0; 27915; 1; 1; 145; 146; 2854.09375; 0.0705588; 0.0464203; 0.0029940000000000001; 1; 1; 3.4028234663852886e+38; 1.9798990378985513; 1; 0; 3.4028234663852886e+38; 0; 4.3835851690312158; 55; 1977.036512480013; 1; 0.05; 0.05; 0.05; 6; 1.337108; 1; 
0; -nan; 0; 13575; 1; 1; 81; 82; 2871.6015625; 0.28393; 0.0610885; 0.0029629999999999999; 1; 1; 3.4028234663852886e+38; 1.9798990378985513; 1; 0; 3.4028234663852886e+38; 0; 4.6478576176835524; 59; 1238.3935921548909; 1; 0.05; 0.05; 0.05; 6; 0.61410799999999999; 1; 
0; -nan; 0; 20997; 1; 1; 109; 110; 2899.16015625; 0.120625; 0.0603126; 0.002934; 1; 1; 3.4028234663852886e+38; 1.9798990378985513; 1; 0; 3.4028234663852886e+38; 0; 4.2562430610899353; 54; 2633.0801717368863; 1; 0.05; 0.05; 0.05; 6; 0.98886099999999999; 1; 
0; -nan; 0; 13037; 1; 1; 75; 76; 2915.73828125; 0.0321052; 0.0222953; 0.0029529999999999999; 1; 1; 3.4028234663852886e+38; 1.9798990378985513; 1; 0; 3.4028234663852886e+38; 0; 4.2649772848700911; 54; 2145.3667660349524; 1; 0.05; 0.05; 0.05; 6; 0.59271799999999997; 1; 
0; -nan; 0; 23020; 1; 1; 117; 118; 2945.734375; 0.063864; 0.0380143; 0.00131; 1; 1; 3.4028234663852886e+38; 1.9798990378985513; 1; 0; 3.4028234663852886e+38; 0; 3.8241112370439687; 48; 2652.2538919857407; 1; 0.05; 0.05; 0.05; 6; 1.0905400000000001; 1; 
0; -nan; 0; 39903; 1; 1; 212; 213; 2998.2890625; 0.00590743; 0.00801573; 0.0020720000000000001; 1; 1; 3.4028234663852886e+38; 1.9798990378985513; 1; 0; 3.4028234663852886e+38; 0; 5.2601951439633536; 66; 2737.34035276645; 1; 0.05; 0.05; 0.05; 6; 1.959498; 1; 
.
