Experiment experiment
Running on nestor-UL30A
Starting at 2015-03-12T17:15:30.969840
<<<|
Properties of the state space 'CompoundSpace15'
  - signature: 10 0 6 0 6 5 6 1 3 3 3 
  - dimension: 6
  - extent: 142.992
  - sanity checks for state space passed
  - probability of valid states: 1
  - average length of a valid motion: 53.2881
  - average number of samples drawn per second: sampleUniform()=10564.5 sampleUniformNear()=921.9 sampleGaussian()=2.22222e+07
Settings for the state space 'CompoundSpace15'
  - state validity check resolution: 1%
  - valid segment count factor: 1
  - state space:
Compound state space 'CompoundSpace15' of dimension 6 [
Compound state space 'ssRobot0' of dimension 6 [
Compound state space 'ssRobot0_SE3' of dimension 6 (locked) [
Real vector state space 'RealVectorSpace12' of dimension 3 with bounds: 
  - min: 0 0 0 
  - max: 100 100 0.001 
 of weight 1
SO(3) state space 'SO3Space13' (represented using quaternions)
 of weight 1
]
Registered projections:
  - <default>
Projection of dimension 3
Cell sizes (computed defaults): [5 5 5e-05]
  - drawprojection
Projection of dimension 3
Cell sizes (computed defaults): [5 5 5e-05]
 of weight 1
]
Registered projections:
  - <default>
Projection of dimension 3
Cell sizes (computed defaults): [5 5 5e-05]
  - drawprojection
Projection of dimension 3
Cell sizes (computed defaults): [5 5 5e-05]
 of weight 1
]
Registered projections:
  - <default>
Projection of dimension 3
Cell sizes (computed defaults): [5 5 5e-05]
  - drawprojection0
Projection of dimension 3
Cell sizes (computed defaults): [5 5 5e-05]

Declared parameters:
longest_valid_segment_fraction = 0.01
projection.cellsize.0 = 5
projection.cellsize.1 = 5
projection.cellsize.2 = 5.0000000000000002e-05
projection.cellsize_factor = 
projection.drawprojection0.cellsize.0 = 5
projection.drawprojection0.cellsize.1 = 5
projection.drawprojection0.cellsize.2 = 5.0000000000000002e-05
projection.drawprojection0.cellsize_factor = 
valid_segment_count_factor = 1
Valid state sampler named kautham sampler with parameters:
nr_attempts = 100
Planner TRRT specs:
Multithreaded:                 No
Reports approximate solutions: Yes
Can optimize solutions:        No
Aware of the following parameters: frontierNodeRatio frontier_threshold goal_bias init_temperature k_constant max_states_failed min_temperature range temp_change_factor
Declared parameters for planner TRRT:
frontierNodeRatio = 0.10000000149011612
frontier_threshold = 1.4299215078353882
goal_bias = 0.05000000074505806
init_temperature = 9.9999997473787516e-06
k_constant = 66.930496215820312
max_states_failed = 10
min_temperature = 9.9999997171806854e-10
range = 2
temp_change_factor = 2
Start states:
Compound state [
Compound state [
Compound state [
RealVectorState [10 10 0]
SO3State [8.65956e-17 -0.707107 0.707107 -4.37114e-08]
]
]
]
Goal state, threshold = 2.22045e-16, memory address = 0x37b4530, state = 
Compound state [
Compound state [
Compound state [
RealVectorState [90 90 0]
SO3State [8.65956e-17 -0.707107 0.707107 -4.37114e-08]
]
]
]
There are 0 solutions

Properties of benchmarked planners:
Planner myRRTstar specs:
Multithreaded:                 No
Reports approximate solutions: Yes
Can optimize solutions:        Yes
Aware of the following parameters: delay_collision_checking goal_bias range
Planner TRRT specs:
Multithreaded:                 No
Reports approximate solutions: Yes
Can optimize solutions:        No
Aware of the following parameters: frontierNodeRatio frontier_threshold goal_bias init_temperature k_constant max_states_failed min_temperature range temp_change_factor
|>>>
2160294106 is the random seed
20 seconds per run
2000 MB per run
1 runs per planner
23.5993 seconds spent to collect the data
1 enum type
status|Unknown status|Invalid start|Invalid goal|Unrecognized goal type|Timeout|Approximate solution|Exact solution|Crash
2 planners
geometric_myRRTstar
13 common properties
delay_collision_checking = 0
goal_bias = 0.05000000074505806
longest_valid_segment_fraction = 0.01
projection.cellsize.0 = 5
projection.cellsize.1 = 5
projection.cellsize.2 = 5.0000000000000002e-05
projection.cellsize_factor = 
projection.drawprojection0.cellsize.0 = 5
projection.drawprojection0.cellsize.1 = 5
projection.drawprojection0.cellsize.2 = 5.0000000000000002e-05
projection.drawprojection0.cellsize_factor = 
range = 2
valid_segment_count_factor = 1
25 properties for each run
approximate solution BOOLEAN
collision checks INTEGER
collision_checks INTEGER
correct solution BOOLEAN
correct solution strict BOOLEAN
graph motions INTEGER
graph states INTEGER
iterations INTEGER
memory REAL
simplification time REAL
simplified correct solution BOOLEAN
simplified correct solution strict BOOLEAN
simplified solution clearance REAL
simplified solution length REAL
simplified solution segments INTEGER
simplified solution smoothness REAL
solution clearance REAL
solution difference REAL
solution length REAL
solution segments INTEGER
solution smoothness REAL
solved BOOLEAN
status ENUM
time REAL
valid segment fraction REAL
1 runs
0; 38902; 11684; 1; 1; 2769; 2770; 2769; 300.4140625; 0.0058089999999999999; 1; 1; 0; 113.13708633854675; 1; 0; 0; -1; 132.61251616086861; 29; 0.24976099606770483; 1; 6; 20.081752999999999; 1; 
4 progress properties for each run
best cost REAL
collision checks INTEGER
iterations INTEGER
time REAL
1 runs
inf,69,29,0.10007000000000001,;inf,119,47,0.20018900000000001,;inf,153,61,0.300315,;inf,194,77,0.40047100000000002,;inf,236,92,0.50060700000000002,;inf,273,105,0.60074799999999995,;inf,329,118,0.70087900000000003,;inf,375,132,0.80099399999999998,;inf,424,145,0.90112800000000004,;inf,458,158,1.0012700000000001,;inf,493,172,1.101402,;inf,519,184,1.201516,;inf,557,196,1.301755,;inf,599,209,1.401894,;inf,644,222,1.502022,;inf,675,235,1.6021460000000001,;inf,719,249,1.7022699999999999,;inf,767,262,1.8024530000000001,;inf,818,275,1.9025609999999999,;inf,856,289,2.0026860000000002,;inf,891,301,2.1028060000000002,;inf,928,313,2.202922,;5.9896219310664813,962,325,2.3030499999999998,;5.9896219310664813,997,338,2.4031899999999999,;5.9896219310664813,1041,352,2.5033210000000001,;5.9896219310664813,1074,364,2.603443,;5.9807559349037023,1113,374,2.7035650000000002,;4.9461633430563703,1145,384,2.803696,;4.9461633430563703,1188,397,2.903829,;4.9461633430563703,1235,410,3.0039859999999998,;4.9461633430563703,1273,422,3.1041150000000002,;4.9461633430563703,1313,434,3.2042470000000001,;4.9461633430563703,1345,446,3.3043840000000002,;4.9461633430563703,1395,457,3.404604,;4.9461633430563703,1440,471,3.5047359999999999,;4.9461633430563703,1484,482,3.6048580000000001,;4.9461633430563703,1526,494,3.7050040000000002,;4.9461633430563703,1586,507,3.8051360000000001,;4.8955268193401942,1630,518,3.9052739999999999,;4.8942139070273898,1681,529,4.005395,;4.8941719733117557,1729,541,4.1055330000000003,;4.8941719733117557,1780,555,4.2056550000000001,;4.8941719733117557,1851,567,4.3057910000000001,;4.8941719733117557,1929,578,4.4059239999999997,;4.8158666195743587,1987,586,4.5060570000000002,;4.8143533039616457,2031,597,4.6061769999999997,;4.8143533039616457,2087,609,4.7063040000000003,;4.8143533039616457,2155,622,4.8064419999999997,;4.8143533039616457,2218,635,4.9065729999999999,;4.8143533039616457,2278,648,5.0067029999999999,;4.8143533039616457,2343,661,5.1068340000000001,;4.8143533039616457,2407,674,5.2069580000000002,;4.8143533039616457,2449,687,5.3070909999999998,;4.8143533039616457,2510,700,5.4072240000000003,;4.8143533039616457,2580,713,5.5073540000000003,;4.8143533039616457,2644,727,5.6074770000000003,;4.8143533039616457,2714,740,5.7076070000000003,;4.8143533039616457,2772,753,5.8077300000000003,;4.8143533039616457,2830,766,5.907864,;4.8143533039616457,2890,778,6.0079849999999997,;4.8143533039616457,2952,791,6.1081159999999999,;4.8143533039616457,3003,804,6.2082459999999999,;4.8143533039616457,3063,816,6.3083780000000003,;4.8143533039616457,3137,828,6.4085039999999998,;4.8143533039616457,3189,841,6.5086279999999999,;4.8143533039616457,3256,854,6.6089279999999997,;4.8143533039616457,3308,868,6.70906,;4.8143533039616457,3379,880,6.8091889999999999,;4.7549930470857866,3431,890,6.9093220000000004,;4.6398068610511594,3479,901,7.0094510000000003,;4.6189864357532961,3535,911,7.1095860000000002,;4.6186595617393262,3584,923,7.2097179999999996,;4.5717968295416727,3641,932,7.3098530000000004,;4.5717968295416727,3695,946,7.409986,;4.557426164331007,3746,955,7.5101180000000003,;4.5491386574701709,3799,965,7.6102470000000002,;4.5491386574701709,3852,978,7.7103780000000004,;4.5491386574701709,3917,991,7.8105120000000001,;4.5491386574701709,3968,1004,7.9106459999999998,;4.5491386574701709,4030,1017,8.0107680000000006,;4.5460571572834567,4077,1028,8.1109000000000009,;4.5460571572834567,4130,1042,8.2110260000000004,;4.5460571572834567,4176,1054,8.3111599999999992,;4.5460571572834567,4240,1067,8.4112860000000005,;4.2844012269163647,4314,1078,8.5114210000000003,;4.2844012269163647,4368,1090,8.6115429999999993,;4.2106886884446126,4417,1101,8.7116769999999999,;4.2106886884446126,4484,1114,8.8118010000000009,;4.1382145144690048,4545,1125,8.9119679999999999,;4.1347929106788044,4596,1135,9.0120920000000009,;4.1328906717697533,4649,1147,9.1122230000000002,;4.1328906717697533,4705,1162,9.2123550000000005,;4.0113262107861019,4766,1173,9.3124920000000007,;3.981779728840797,4819,1184,9.4126189999999994,;3.9593085146705147,4880,1195,9.512753,;3.9593085146705147,4939,1208,9.6128750000000007,;3.9593085146705147,5001,1222,9.7130069999999993,;3.9593085146705147,5064,1236,9.8131310000000003,;3.940935222066551,5117,1247,9.9132689999999997,;3.940935222066551,5186,1262,10.013392,;3.940935222066551,5260,1277,10.113526,;3.9118702146752327,5314,1288,10.213649,;3.9037658979875127,5383,1301,10.313786,;3.9037658979875127,5436,1316,10.413914,;3.9037658979875127,5495,1332,10.514039,;3.8881269660241227,5547,1345,10.614153,;3.8881269660241227,5615,1359,10.714278999999999,;3.8881269660241227,5667,1374,10.814404,;3.8881269660241227,5735,1388,10.914548,;3.8881269660241227,5796,1404,11.014685,;3.8881269660241227,5852,1418,11.114819000000001,;3.8881269660241227,5923,1433,11.214941,;3.8881269660241227,5972,1448,11.315079000000001,;3.8881269660241227,6029,1461,11.415210999999999,;3.804441972548803,6075,1472,11.515344000000001,;3.804441972548803,6134,1485,11.615470999999999,;3.804441972548803,6207,1499,11.715595,;3.804441972548803,6291,1514,11.815674,;3.804441972548803,6356,1529,11.915813999999999,;3.804441972548803,6421,1544,12.015929,;3.8005054216339791,6469,1556,12.116064,;3.8005054216339791,6528,1571,12.217148999999999,;3.7971155036333446,6589,1582,12.317284000000001,;3.7971155036333446,6645,1596,12.417420999999999,;3.7971155036333446,6698,1611,12.517556000000001,;3.7971155036333446,6768,1627,12.617698000000001,;3.7971155036333446,6820,1641,12.717834999999999,;3.7863361267463027,6867,1653,12.817975000000001,;3.7863361267463027,6925,1668,12.918112000000001,;3.7863361267463027,6989,1683,13.018559,;3.7863361267463027,7037,1698,13.118693,;3.7863361267463027,7106,1713,13.218818000000001,;3.7863361267463027,7177,1728,13.318951999999999,;3.7858473271311488,7228,1741,13.419077,;3.7858473271311488,7293,1757,13.519212,;3.7858473271311488,7353,1772,13.619339999999999,;3.7858473271311488,7417,1788,13.719476,;3.7858473271311488,7502,1804,13.819603000000001,;3.7858473271311488,7572,1820,13.919743,;3.7858473271311488,7629,1836,14.019871,;3.7858473271311488,7681,1853,14.120008,;3.7849461722639264,7729,1864,14.220133000000001,;3.7849461722639264,7794,1881,14.320259999999999,;3.7849461722639264,7857,1899,14.420385,;3.7849461722639264,7923,1913,14.520522,;3.7849461722639264,7987,1929,14.620649,;3.7849461722639264,8047,1944,14.720784999999999,;3.7849461722639264,8113,1959,14.820912,;3.7849461722639264,8185,1975,14.921049999999999,;3.7849461722639264,8252,1991,15.021177,;3.7849461722639264,8311,2005,15.121314999999999,;3.7849461722639264,8378,2020,15.221439999999999,;3.7849461722639264,8437,2035,15.321576,;3.7849461722639264,8504,2051,15.421701000000001,;3.7849461722639264,8568,2066,15.521834,;3.7830748263687703,8629,2079,15.621959,;3.7711319322051322,8685,2091,15.722094999999999,;3.7711319322051322,8749,2107,15.82222,;3.7711319322051322,8815,2123,15.922357999999999,;3.7711319322051322,8898,2139,16.022485,;3.7711319322051322,8966,2155,16.122619,;3.7711319322051322,9033,2170,16.222743999999999,;3.771098574583954,9096,2183,16.322879,;3.771098574583954,9157,2196,16.422982999999999,;3.771098574583954,9222,2212,16.523118,;3.771098574583954,9282,2227,16.623244,;3.771098574583954,9362,2243,16.723379000000001,;3.771098574583954,9430,2257,16.823454999999999,;3.771098574583954,9490,2273,16.923594000000001,;3.771098574583954,9577,2289,17.023674,;3.771098574583954,9648,2305,17.123802999999999,;3.771098574583954,9706,2321,17.223970000000001,;3.771098574583954,9773,2336,17.324107999999999,;3.7650115142998808,9831,2350,17.424247000000001,;3.7650115142998808,9902,2367,17.524373000000001,;3.7650115142998808,9972,2383,17.624506,;3.7646561532736316,10043,2396,17.724639,;3.7646561532736316,10111,2413,17.824787000000001,;3.7646561532736316,10196,2429,17.924924000000001,;3.7646561532736316,10272,2445,18.025058999999999,;3.7646561532736316,10335,2461,18.125195999999999,;3.7646561532736316,10396,2477,18.225332999999999,;3.7646561532736316,10466,2493,18.325469999999999,;3.7646561532736316,10528,2510,18.425606999999999,;3.7646561532736316,10596,2526,18.525732999999999,;3.7646561532736316,10677,2542,18.625868000000001,;3.7646561532736316,10764,2558,18.726002000000001,;3.7646561532736316,10839,2574,18.826138,;3.7646561532736316,10914,2591,18.926276999999999,;3.7639749300579544,10968,2604,19.026413000000002,;3.7590135997995686,11035,2617,19.126539000000001,;3.7590135997995686,11103,2634,19.226676000000001,;3.7590135997995686,11183,2652,19.326810999999999,;3.7590135997995686,11266,2667,19.426950000000001,;3.7590135997995686,11335,2683,19.527076999999998,;3.7590135997995686,11395,2699,19.627215,;3.7590135997995686,11455,2715,19.727340999999999,;3.7590135997995686,11534,2730,19.827473999999999,;3.7590135997995686,11590,2746,19.927613000000001,;3.7590135997995686,11662,2763,20.027750999999999,;
.
geometric_TRRT
19 common properties
frontierNodeRatio = 0.10000000149011612
frontier_threshold = 1.4299215078353882
goal_bias = 0.05000000074505806
init_temperature = 9.9999997473787516e-06
k_constant = 66.930496215820312
longest_valid_segment_fraction = 0.01
max_states_failed = 10
min_temperature = 9.9999997171806854e-10
projection.cellsize.0 = 5
projection.cellsize.1 = 5
projection.cellsize.2 = 5.0000000000000002e-05
projection.cellsize_factor = 
projection.drawprojection0.cellsize.0 = 5
projection.drawprojection0.cellsize.1 = 5
projection.drawprojection0.cellsize.2 = 5.0000000000000002e-05
projection.drawprojection0.cellsize_factor = 
range = 2
temp_change_factor = 2
valid_segment_count_factor = 1
23 properties for each run
approximate solution BOOLEAN
collision checks INTEGER
correct solution BOOLEAN
correct solution strict BOOLEAN
graph motions INTEGER
graph states INTEGER
memory REAL
simplification time REAL
simplified correct solution BOOLEAN
simplified correct solution strict BOOLEAN
simplified solution clearance REAL
simplified solution length REAL
simplified solution segments INTEGER
simplified solution smoothness REAL
solution clearance REAL
solution difference REAL
solution length REAL
solution segments INTEGER
solution smoothness REAL
solved BOOLEAN
status ENUM
time REAL
valid segment fraction REAL
1 runs
0; 9326; 1; 1; 834; 835; 314.25; 0.0055659999999999998; 1; 1; 0; 113.13708633854675; 1; 0; 0; 0; 226.49705018489718; 114; 12.016248859823186; 1; 6; 1.389961; 1; 
.
