Experiment experiment
Running on jargon
Starting at 2015-03-12T09:56:28.859187
<<<|
Properties of the state space 'CompoundSpace5'
  - signature: 10 0 6 0 6 5 6 1 3 3 3 
  - dimension: 6
  - extent: 142.992
  - sanity checks for state space passed
  - probability of valid states: 1
  - average length of a valid motion: 51.7715
  - average number of samples drawn per second: sampleUniform()=15980.3 sampleUniformNear()=1394.88 sampleGaussian()=2.7027e+07
Settings for the state space 'CompoundSpace5'
  - state validity check resolution: 1%
  - valid segment count factor: 1
  - state space:
Compound state space 'CompoundSpace5' of dimension 6 [
Compound state space 'ssRobot0' of dimension 6 [
Compound state space 'ssRobot0_SE3' of dimension 6 (locked) [
Real vector state space 'RealVectorSpace2' of dimension 3 with bounds: 
  - min: 0 0 0 
  - max: 100 100 0.001 
 of weight 1
SO(3) state space 'SO3Space3' (represented using quaternions)
 of weight 1
]
Registered projections:
  - <default>
Projection of dimension 3
Cell sizes (computed defaults): [5 5 5e-05]
  - drawprojection
Projection of dimension 3
Cell sizes (computed defaults): [5 5 5e-05]
 of weight 1
]
Registered projections:
  - <default>
Projection of dimension 3
Cell sizes (computed defaults): [5 5 5e-05]
  - drawprojection
Projection of dimension 3
Cell sizes (computed defaults): [5 5 5e-05]
 of weight 1
]
Registered projections:
  - <default>
Projection of dimension 3
Cell sizes (computed defaults): [5 5 5e-05]
  - drawprojection0
Projection of dimension 3
Cell sizes (computed defaults): [5 5 5e-05]

Declared parameters:
longest_valid_segment_fraction = 0.01
projection.cellsize.0 = 5
projection.cellsize.1 = 5
projection.cellsize.2 = 5.0000000000000002e-05
projection.cellsize_factor = 
projection.drawprojection0.cellsize.0 = 5
projection.drawprojection0.cellsize.1 = 5
projection.drawprojection0.cellsize.2 = 5.0000000000000002e-05
projection.drawprojection0.cellsize_factor = 
valid_segment_count_factor = 1
Valid state sampler named kautham sampler with parameters:
nr_attempts = 100
Planner myRRTstar specs:
Multithreaded:                 No
Reports approximate solutions: Yes
Can optimize solutions:        Yes
Aware of the following parameters: delay_collision_checking goal_bias range
Declared parameters for planner myRRTstar:
delay_collision_checking = 0
goal_bias = 0.05000000074505806
range = 2
Start states:
Compound state [
Compound state [
Compound state [
RealVectorState [10 10 0]
SO3State [8.65956e-17 -0.707107 0.707107 -4.37114e-08]
]
]
]
Goal state, threshold = 2.22045e-16, memory address = 0x20b3390, state = 
Compound state [
Compound state [
Compound state [
RealVectorState [90 90 0]
SO3State [8.65956e-17 -0.707107 0.707107 -4.37114e-08]
]
]
]
There are 0 solutions

Properties of benchmarked planners:
Planner myRRTstar specs:
Multithreaded:                 No
Reports approximate solutions: Yes
Can optimize solutions:        Yes
Aware of the following parameters: delay_collision_checking goal_bias range
|>>>
1613539697 is the random seed
20 seconds per run
2000 MB per run
4 runs per planner
81.7161 seconds spent to collect the data
1 enum type
status|Unknown status|Invalid start|Invalid goal|Unrecognized goal type|Timeout|Approximate solution|Exact solution|Crash
1 planners
geometric_myRRTstar
13 common properties
delay_collision_checking = 0
goal_bias = 0.05000000074505806
longest_valid_segment_fraction = 0.01
projection.cellsize.0 = 5
projection.cellsize.1 = 5
projection.cellsize.2 = 5.0000000000000002e-05
projection.cellsize_factor = 
projection.drawprojection0.cellsize.0 = 5
projection.drawprojection0.cellsize.1 = 5
projection.drawprojection0.cellsize.2 = 5.0000000000000002e-05
projection.drawprojection0.cellsize_factor = 
range = 2
valid_segment_count_factor = 1
25 properties for each run
approximate solution BOOLEAN
collision checks INTEGER
collision_checks INTEGER
correct solution BOOLEAN
correct solution strict BOOLEAN
graph motions INTEGER
graph states INTEGER
iterations INTEGER
memory REAL
simplification time REAL
simplified correct solution BOOLEAN
simplified correct solution strict BOOLEAN
simplified solution clearance REAL
simplified solution length REAL
simplified solution segments INTEGER
simplified solution smoothness REAL
solution clearance REAL
solution difference REAL
solution length REAL
solution segments INTEGER
solution smoothness REAL
solved BOOLEAN
status ENUM
time REAL
valid segment fraction REAL
4 runs
0; 50163; 17719; 1; 1; 4563; 4564; 4563; 451.2578125; 0.0039090000000000001; 1; 1; 0; 113.13708633854675; 1; 0; 0; -1; 133.77238847549413; 32; 0.15298152499203099; 1; 6; 20.066575; 1; 
0; 55097; 18692; 1; 1; 4462; 4463; 4462; 897.33984375; 0.0036570000000000001; 1; 1; 0; 113.13708633854675; 1; 0; 0; -1; 132.95193584397245; 31; 0.14906539100522995; 1; 6; 20.022573000000001; 1; 
0; 52642; 18312; 1; 1; 4546; 4547; 4546; 1348.97265625; 0.0036779999999999998; 1; 1; 0; 113.13708633854675; 1; 0; 0; -1; 132.68772124285559; 31; 0.11720333582456241; 1; 6; 20.042055999999999; 1; 
0; 53431; 18487; 1; 1; 4612; 4613; 4612; 1804.8515625; 0.0037460000000000002; 1; 1; 0; 113.13708633854675; 1; 0; 0; -1; 134.28892520194324; 34; 0.21162383847368832; 1; 6; 20.063828999999998; 1; 
7 progress properties for each run
best cost REAL
best costD REAL
best costI REAL
best costP REAL
collision checks INTEGER
iterations INTEGER
time REAL
4 runs
inf,nan,nan,nan,104,42,0.10007199999999999,;inf,nan,nan,nan,181,68,0.20027300000000001,;inf,nan,nan,nan,250,95,0.30040899999999998,;inf,nan,nan,nan,302,118,0.40053800000000001,;inf,nan,nan,nan,363,137,0.50066500000000003,;inf,nan,nan,nan,425,158,0.60081499999999999,;inf,nan,nan,nan,478,176,0.70094400000000001,;inf,nan,nan,nan,552,196,0.80106500000000003,;inf,nan,nan,nan,611,217,0.90118500000000001,;inf,nan,nan,nan,714,237,1.0013380000000001,;inf,nan,nan,nan,793,257,1.1014619999999999,;inf,nan,nan,nan,855,277,1.203525,;inf,nan,nan,nan,953,296,1.303652,;inf,nan,nan,nan,1031,314,1.403775,;4.8452529081395621,243.706,7668.98,131.795,1108,331,1.503898,;4.8452529081395621,243.706,7668.98,131.795,1169,349,1.604052,;4.8452529081395621,243.706,7668.98,131.795,1226,370,1.704188,;4.8452529081395621,243.706,7668.98,131.795,1287,388,1.804378,;4.8452529081395621,243.706,7668.98,131.795,1359,409,1.9045080000000001,;4.8452529081395621,243.706,7668.98,131.795,1422,428,2.0046460000000002,;4.8325331779924019,243.252,7644.69,131.359,1490,446,2.1047760000000002,;4.8325331779924019,243.252,7644.69,131.359,1551,465,2.2049310000000002,;4.8325331779924019,243.252,7644.69,131.359,1625,485,2.3051430000000002,;4.8162901402327529,243.252,7644.69,131.359,1680,504,2.405278,;4.8143759173550444,241.041,7654.25,131.319,1740,520,2.5071330000000001,;4.8137046462063386,241.041,7643.06,131.464,1814,537,2.6072709999999999,;4.8127656783394528,241.041,7642.86,131.371,1882,555,2.7074069999999999,;4.8127656783394528,241.041,7642.86,131.371,1944,573,2.8075429999999999,;4.3402656443700565,146.717,8183.85,158.461,2014,587,2.9076840000000002,;4.3402656443700565,146.717,8183.85,158.461,2081,605,3.007819,;4.3402656443700565,146.717,8183.85,158.461,2160,624,3.1079620000000001,;4.3402656443700565,146.717,8183.85,158.461,2240,641,3.2081140000000001,;4.2492043190619295,144.28,7690.96,160.73,2306,654,3.3083309999999999,;4.2492043190619295,144.28,7690.96,160.73,2375,672,3.4085679999999998,;4.2281019012713497,154.012,7318.96,156.769,2433,687,3.5087009999999998,;4.20738153726397,154.012,7318.96,153.769,2519,705,3.6088330000000002,;4.1959359759904142,157.682,7131.6,153.668,2573,722,3.708968,;4.1957364273825721,157.682,7131.51,153.649,2642,740,3.8091149999999998,;4.1957364273825721,157.682,7131.51,153.649,2726,760,3.9092669999999998,;4.1957364273825721,157.682,7131.51,153.649,2811,778,4.0094849999999997,;4.1915665652452034,157.682,7131.51,153.649,2884,797,4.1096250000000003,;4.0871950249902529,157.682,7147.05,137.308,2973,812,4.2097619999999996,;4.0871950249902529,167.456,6928.98,137.308,3056,831,4.3098979999999996,;4.0572985827471761,167.39,6827.52,136.217,3133,848,4.4100260000000002,;4.0572985827471761,167.39,6827.52,136.217,3208,870,4.5101550000000001,;4.0572985827471761,167.39,6827.52,136.217,3298,890,4.6102860000000003,;3.8680022615028724,139.689,6778.34,142.932,3370,907,4.7104119999999998,;3.8033678201783339,142.03,6696.21,135.653,3455,926,4.8105419999999999,;3.7916861511538409,142.035,6663.66,135.062,3532,943,4.9106719999999999,;3.7916861511538409,142.035,6663.66,135.062,3606,963,5.0107999999999997,;3.7687967631802559,129.294,7047.08,136.998,3689,982,5.1109289999999996,;3.7408450538188891,126.953,7010.14,136.955,3775,1003,5.2110580000000004,;3.7408450538188891,126.953,7010.14,136.955,3867,1025,5.3111899999999999,;3.7408450538188891,126.953,7010.14,136.955,3941,1045,5.4113199999999999,;3.7408450538188891,126.953,7010.14,136.955,4037,1068,5.5114489999999998,;3.7408450538188891,126.953,7010.14,136.955,4115,1089,5.6115820000000003,;3.7397451372491455,126.765,7011.51,136.987,4196,1108,5.7117079999999998,;3.7397451372491455,126.765,7011.51,136.987,4278,1128,5.8118439999999998,;3.7397451372491455,126.765,7011.51,136.987,4354,1149,5.9119900000000003,;3.7397451372491455,126.765,7011.51,136.987,4415,1171,6.012346,;3.7397451372491455,126.765,7011.51,136.987,4497,1192,6.112482,;3.7397451372491455,126.765,7011.51,136.987,4598,1214,6.2126109999999999,;3.7397451372491455,126.765,7011.51,136.987,4685,1237,6.3127399999999998,;3.7397451372491455,126.765,7011.51,136.987,4771,1258,6.4128679999999996,;3.7397451372491455,126.765,7011.51,136.987,4861,1280,6.513001,;3.7312303606629929,127.453,6968.59,136.298,4943,1300,6.6133300000000004,;3.7312303606629929,127.453,6968.59,136.298,5021,1323,6.713463,;3.7312303606629929,127.453,6968.59,136.298,5106,1345,6.8135899999999996,;3.7312303606629929,127.453,6968.59,136.298,5202,1367,6.9137199999999996,;3.7312303606629929,127.453,6968.59,136.298,5289,1390,7.0138449999999999,;3.7304724829017912,127.927,6951.32,136.117,5361,1411,7.1139869999999998,;3.7304724829017912,127.927,6951.32,136.117,5440,1432,7.2141219999999997,;3.7304724829017912,127.927,6951.32,136.117,5522,1453,7.3142519999999998,;3.7267445403044279,127.927,6950.81,135.74,5605,1473,7.4144550000000002,;3.7267445403044279,127.927,6950.81,135.74,5696,1497,7.5145900000000001,;3.7252508814542837,127.927,6942.69,135.741,5773,1517,7.6147309999999999,;3.7252508814542837,127.927,6942.69,135.741,5856,1537,7.7148659999999998,;3.7252508814542837,127.927,6942.69,135.741,5944,1559,7.8149990000000003,;3.7252508814542837,127.927,6942.69,135.741,6032,1581,7.9151280000000002,;3.7252508814542837,127.927,6942.69,135.741,6109,1606,8.0154720000000008,;3.7252508814542837,127.927,6942.69,135.741,6207,1625,8.1155939999999998,;3.7252508814542837,127.927,6942.69,135.741,6303,1647,8.2165630000000007,;3.7252508814542837,127.927,6942.69,135.741,6389,1669,8.3167120000000008,;3.7166375751013607,126.077,6988.68,136.205,6458,1686,8.4168509999999994,;3.7165334544464343,125.968,6971.05,136.087,6515,1700,8.5169979999999992,;3.7165334544464343,125.968,6971.05,136.087,6591,1720,8.6171360000000004,;3.7149426083309036,125.968,6971.05,136.087,6670,1741,8.7172780000000003,;3.7018890683947649,129.933,6762.23,134.948,6753,1761,8.8174080000000004,;3.7018890683947649,129.933,6762.23,134.948,6841,1785,8.9175380000000004,;3.7018890683947649,129.933,6762.23,134.948,6945,1808,9.0179519999999993,;3.7018890683947649,129.933,6762.23,134.948,7035,1831,9.1180760000000003,;3.7018890683947649,129.933,6762.23,134.948,7120,1856,9.2182080000000006,;3.7018890683947649,129.933,6762.23,134.948,7218,1879,9.3183469999999993,;3.7018890683947649,129.933,6762.23,134.948,7337,1910,9.4471579999999999,;3.7018890683947649,129.933,6762.23,134.948,7442,1934,9.547288,;3.7018890683947649,129.933,6762.23,134.948,7535,1955,9.6474209999999996,;3.7018890683947649,129.933,6762.23,134.948,7615,1979,9.7475500000000004,;3.7018890683947649,129.933,6762.23,134.948,7707,2002,9.8476800000000004,;3.7018890683947649,129.933,6762.23,134.948,7804,2026,9.947813,;3.7018890683947649,129.933,6762.23,134.948,7909,2049,10.047933,;3.7017773343859481,130.937,6734.58,134.548,8006,2070,10.148072000000001,;3.7017773343859481,130.937,6734.58,134.548,8115,2094,10.248205,;3.7017773343859481,130.937,6734.58,134.548,8213,2117,10.348344000000001,;3.7017773343859481,130.937,6734.58,134.548,8297,2142,10.448489,;3.7017773343859481,130.937,6734.58,134.548,8383,2166,10.548621000000001,;3.7017773343859481,130.937,6734.58,134.548,8462,2189,10.648759999999999,;3.7017773343859481,130.937,6734.58,134.548,8543,2212,10.748868999999999,;3.7017773343859481,130.937,6734.58,134.548,8639,2237,10.849017,;3.7017773343859481,130.937,6734.58,134.548,8722,2262,10.949149,;3.7017773343859481,130.937,6734.58,134.548,8824,2286,11.049480000000001,;3.7017773343859481,130.937,6734.58,134.548,8916,2309,11.149626,;3.7017773343859481,130.937,6734.58,134.548,9005,2332,11.250408,;3.7017773343859481,130.937,6734.58,134.548,9096,2355,11.350542000000001,;3.6939979955533397,130.21,6736.06,134.378,9174,2377,11.450673,;3.6939979955533397,130.21,6736.06,134.378,9273,2404,11.550801999999999,;3.6939979955533397,130.21,6736.06,134.378,9370,2427,11.650938,;3.6939979955533397,130.21,6736.06,134.378,9468,2452,11.751067000000001,;3.6939979955533397,130.21,6736.06,134.378,9560,2477,11.851196,;3.6936138083063916,130.21,6737.01,134.32,9635,2495,11.951326,;3.6936138083063916,130.21,6737.01,134.32,9735,2521,12.051468,;3.6936138083063916,130.21,6737.01,134.32,9827,2546,12.151597000000001,;3.6936138083063916,130.21,6737.01,134.32,9910,2572,12.251723999999999,;3.6936138083063916,130.21,6737.01,134.32,10006,2597,12.351855,;3.6936138083063916,130.21,6737.01,134.32,10111,2622,12.451985000000001,;3.6936138083063916,130.21,6737.01,134.32,10193,2648,12.55213,;3.6936138083063916,130.21,6737.01,134.32,10296,2673,12.65226,;3.6936138083063916,130.21,6737.01,134.32,10388,2698,12.752389000000001,;3.6936138083063916,130.21,6737.01,134.32,10493,2722,12.852518999999999,;3.6936138083063916,130.21,6737.01,134.32,10581,2747,12.95265,;3.6936138083063916,130.21,6737.01,134.32,10682,2773,13.053198,;3.6936138083063916,130.21,6737.01,134.32,10789,2798,13.153328,;3.6936138083063916,130.21,6737.01,134.32,10880,2823,13.253456999999999,;3.6936138083063916,130.21,6737.01,134.32,10998,2848,13.353592000000001,;3.6936138083063916,130.21,6737.01,134.32,11112,2872,13.453720000000001,;3.6936138083063916,130.21,6737.01,134.32,11213,2896,13.553865,;3.69265497641873,129.985,6740.38,134.362,11292,2915,13.654007,;3.69265497641873,129.985,6740.38,134.362,11369,2937,13.754151,;3.6923107590682047,129.916,6742.41,134.351,11445,2960,13.854286,;3.6923107590682047,129.916,6742.41,134.351,11532,2983,13.954420000000001,;3.6923107590682047,129.916,6742.41,134.351,11623,3009,14.054525999999999,;3.6923107590682047,129.916,6742.41,134.351,11709,3034,14.154657,;3.6923107590682047,129.916,6742.41,134.351,11807,3058,14.254797999999999,;3.6923107590682047,129.916,6742.41,134.351,11911,3083,14.354941,;3.6923107590682047,129.916,6742.41,134.351,12026,3110,14.455073000000001,;3.6923107590682047,129.916,6742.41,134.351,12121,3135,14.555204,;3.6923107590682047,129.916,6742.41,134.351,12219,3160,14.655332,;3.6923107590682047,129.916,6742.41,134.351,12326,3186,14.755462,;3.6923107590682047,129.916,6742.41,134.351,12416,3212,14.855594,;3.6912934263742425,129.926,6740.54,134.272,12507,3235,14.955724,;3.6912934263742425,129.926,6740.54,134.272,12606,3261,15.055968999999999,;3.6912934263742425,129.926,6740.54,134.272,12716,3286,15.15611,;3.6912934263742425,129.926,6740.54,134.272,12811,3313,15.256247999999999,;3.6912934263742425,129.926,6740.54,134.272,12904,3340,15.356387,;3.6912934263742425,129.926,6740.54,134.272,13009,3366,15.456519,;3.6912934263742425,129.926,6740.54,134.272,13126,3393,15.556651,;3.6912934263742425,129.926,6740.54,134.272,13224,3419,15.656779999999999,;3.6912934263742425,129.926,6740.54,134.272,13325,3444,15.75691,;3.6912934263742425,129.926,6740.54,134.272,13419,3472,15.85702,;3.6912934263742425,129.926,6740.54,134.272,13516,3499,15.95715,;3.6912934263742425,129.926,6740.54,134.272,13632,3525,16.057276999999999,;3.6912934263742425,129.926,6740.54,134.272,13740,3552,16.157408,;3.6912934263742425,129.926,6740.54,134.272,13842,3579,16.257542999999998,;3.6912934263742425,129.926,6740.54,134.272,13939,3606,16.357671,;3.6912934263742425,129.926,6740.54,134.272,14045,3634,16.457801,;3.6912934263742425,129.926,6740.54,134.272,14138,3660,16.557933999999999,;3.6912934263742425,129.926,6740.54,134.272,14228,3686,16.658069999999999,;3.6912934263742425,129.926,6740.54,134.272,14317,3711,16.758209000000001,;3.6912934263742425,129.926,6740.54,134.272,14426,3735,16.858346999999998,;3.6912934263742425,129.926,6740.54,134.272,14533,3761,16.958483000000001,;3.6912934263742425,129.926,6740.54,134.272,14642,3787,17.058615,;3.6912934263742425,129.926,6740.54,134.272,14736,3813,17.158749,;3.6912934263742425,129.926,6740.54,134.272,14845,3838,17.258879,;3.6912934263742425,129.926,6740.54,134.272,14945,3864,17.359014999999999,;3.6898610816868516,129.926,6740.54,134.272,15046,3889,17.459149,;3.6898610816868516,129.926,6742.12,134.093,15143,3912,17.559291000000002,;3.6884875742304422,129.926,6740.95,133.973,15238,3936,17.659420999999998,;3.6884875742304422,129.926,6740.95,133.973,15339,3962,17.759550000000001,;3.6884875742304422,129.926,6740.95,133.973,15439,3989,17.859679,;3.6884875742304422,129.926,6740.95,133.973,15561,4015,17.959809,;3.6884875742304422,129.926,6740.95,133.973,15661,4041,18.060623,;3.6884875742304422,129.926,6740.95,133.973,15765,4067,18.160758999999999,;3.6884875742304422,129.926,6740.95,133.973,15863,4093,18.260929000000001,;3.6884875742304422,129.926,6740.95,133.973,15971,4119,18.361069000000001,;3.6824139028063456,129.926,6697.81,134.172,16075,4141,18.461796,;3.6817376008923999,129.926,6700.61,134.048,16156,4164,18.564008000000001,;3.6817376008923999,129.926,6700.61,134.048,16248,4191,18.664156999999999,;3.6817376008923999,129.926,6700.61,134.048,16338,4216,18.764291,;3.6817376008923999,129.926,6700.61,134.048,16422,4241,18.864421,;3.6803675890620964,129.862,6710.59,133.772,16523,4265,18.964551,;3.6803675890620964,129.862,6710.59,133.772,16640,4292,19.064681,;3.6803675890620964,129.862,6710.59,133.772,16735,4320,19.164811,;3.6803675890620964,129.862,6710.59,133.772,16841,4347,19.264942000000001,;3.6803675890620964,129.862,6710.59,133.772,16934,4375,19.365069999999999,;3.6803675890620964,129.862,6710.59,133.772,17057,4402,19.465199999999999,;3.6803675890620964,129.862,6710.59,133.772,17184,4428,19.565328999999998,;3.6803675890620964,129.862,6710.59,133.772,17301,4456,19.665458000000001,;3.6803675890620964,129.862,6710.59,133.772,17417,4483,19.765587,;3.6803675890620964,129.862,6710.59,133.772,17521,4512,19.865715000000002,;3.6803675890620964,129.862,6710.59,133.772,17627,4540,19.965845999999999,;
inf,nan,nan,nan,90,36,0.100059,;inf,nan,nan,nan,157,61,0.200187,;inf,nan,nan,nan,239,83,0.300321,;inf,nan,nan,nan,304,102,0.40045199999999997,;inf,nan,nan,nan,393,125,0.50057700000000005,;inf,nan,nan,nan,468,148,0.600715,;inf,nan,nan,nan,533,168,0.70084100000000005,;inf,nan,nan,nan,598,188,0.80096599999999996,;inf,nan,nan,nan,668,207,0.90108999999999995,;6.1727631358319792,407.551,7773.48,117.253,726,224,1.00125,;6.1727631358319792,407.551,7773.48,117.253,802,243,1.1013850000000001,;6.1727631358319792,407.551,7773.48,117.253,859,262,1.201524,;6.1727631358319792,407.551,7773.48,117.253,945,283,1.301658,;6.0827411672971836,400.057,7633.63,117.476,1004,299,1.401786,;6.0623922498268366,398.861,7576.08,117.568,1050,314,1.5019169999999999,;5.8553700993058095,380.772,7302.75,117.936,1121,330,1.6020430000000001,;5.8553700993058095,380.772,7302.75,117.936,1176,350,1.702175,;4.9744301023616524,377.928,6012.43,127.804,1240,365,1.8023530000000001,;4.9744301023616524,297.416,6012.43,127.804,1321,382,1.90249,;4.9744301023616524,297.416,6012.43,127.804,1400,401,2.002634,;4.9744301023616524,297.416,6012.43,127.804,1506,415,2.1027650000000002,;4.9744301023616524,297.416,6012.43,127.804,1603,435,2.2029890000000001,;4.9744301023616524,297.416,6012.43,127.804,1691,455,2.3031250000000001,;4.9399942636121388,296.475,5906.15,127.138,1754,471,2.403257,;4.9399942636121388,296.475,5906.15,127.138,1853,490,2.5033880000000002,;4.9399942636121388,296.475,5906.15,127.138,1925,509,2.6035180000000002,;4.9041408042460715,294.979,5928.55,124.357,1996,526,2.7036479999999998,;4.9041408042460715,294.979,5928.55,124.357,2083,546,2.8037770000000002,;4.9041408042460715,294.979,5928.55,124.357,2152,566,2.9039109999999999,;4.9041408042460715,294.979,5928.55,124.357,2230,584,3.0040439999999999,;4.9041408042460715,294.979,5928.55,124.357,2314,603,3.1041729999999998,;4.7612780263249164,180.522,9051.7,154.445,2388,621,3.2044589999999999,;4.644546568287728,180.819,8697.09,148.879,2464,635,3.3045930000000001,;4.5830667295132566,177.161,8605.24,147.62,2546,652,3.4048379999999998,;4.5351760800593004,176.483,8461.74,146.032,2620,666,3.504991,;4.5351760800593004,176.483,8461.74,146.032,2708,686,3.6051440000000001,;4.5222450396642069,176.483,8453.53,144.848,2786,702,3.7052939999999999,;4.5222450396642069,176.483,8453.53,144.848,2864,723,3.8054250000000001,;4.5222450396642069,176.483,8453.53,144.848,2959,745,3.9055680000000002,;4.4661009380756918,175.641,8389.22,144.232,3048,761,4.0057020000000003,;4.3799037927205049,155.825,8436.19,149.36,3129,776,4.1058320000000004,;4.3772166545970288,155.825,8406.64,149.65,3203,791,4.2059629999999997,;4.3772166545970288,155.825,8406.64,149.65,3315,810,4.306095,;4.3772166545970288,155.825,8406.64,149.65,3401,830,4.4062229999999998,;4.2553447951011698,176.405,7302.19,139.37,3502,849,4.5063510000000004,;4.2553447951011698,176.405,7302.19,139.37,3587,869,4.606503,;4.1762045578591218,175.326,7030.29,137.377,3696,888,4.7066400000000002,;3.9425822775290467,153.862,6791.11,137.423,3773,903,4.8067719999999996,;3.9425822775290467,153.862,6791.11,137.423,3887,924,4.9069039999999999,;3.9425822775290467,153.862,6791.11,137.423,3983,945,5.0070319999999997,;3.9415636296179271,153.862,6782.47,137.483,4065,963,5.1071600000000004,;3.9415636296179271,153.862,6782.47,137.483,4165,986,5.2072880000000001,;3.9338268693278993,153.862,6757.67,137.157,4265,1005,5.3074149999999998,;3.9338268693278993,153.862,6757.67,137.157,4361,1025,5.4075430000000004,;3.9338268693278993,153.862,6757.67,137.157,4439,1046,5.5076720000000003,;3.9338268693278993,153.862,6757.67,137.157,4534,1067,5.6078070000000002,;3.9338268693278993,153.862,6757.67,137.157,4626,1089,5.7079360000000001,;3.9151192237295218,151.397,6743.23,137.755,4721,1107,5.8080670000000003,;3.9151192237295218,151.397,6743.23,137.755,4817,1128,5.9081979999999996,;3.8785995111895764,151.397,6677.02,135.237,4908,1147,6.0083380000000002,;3.8785995111895764,151.397,6677.02,135.237,5001,1169,6.108466,;3.8785995111895764,151.397,6677.02,135.237,5092,1189,6.2085990000000004,;3.8785995111895764,151.397,6677.02,135.237,5180,1210,6.3087299999999997,;3.8785995111895764,151.397,6677.02,135.237,5272,1231,6.4088649999999996,;3.8694887421493709,151.397,6647.04,134.869,5349,1251,6.5090019999999997,;3.8694887421493709,151.397,6647.04,134.869,5460,1276,6.6292090000000004,;3.8694887421493709,151.397,6647.04,134.869,5555,1298,6.7454010000000002,;3.8694887421493709,151.397,6647.04,134.869,5659,1318,6.8455360000000001,;3.8694887421493709,151.397,6647.04,134.869,5746,1341,6.9456759999999997,;3.8694887421493709,151.397,6647.04,134.869,5842,1360,7.0458119999999997,;3.8694887421493709,151.397,6647.04,134.869,5944,1383,7.1459440000000001,;3.8694887421493709,151.397,6647.04,134.869,6046,1403,7.2460750000000003,;3.8694887421493709,151.397,6647.04,134.869,6148,1425,7.3462069999999997,;3.8694887421493709,151.397,6647.04,134.869,6254,1447,7.4463379999999999,;3.8694887421493709,151.397,6647.04,134.869,6340,1469,7.546468,;3.8694887421493709,151.397,6647.04,134.869,6439,1492,7.6465959999999997,;3.8694887421493709,151.397,6647.04,134.869,6540,1515,7.7467269999999999,;3.8694887421493709,151.397,6647.04,134.869,6639,1538,7.8468629999999999,;3.8694887421493709,151.397,6647.04,134.869,6745,1560,7.9469950000000003,;3.8653909180954837,151.397,6647.76,134.429,6829,1580,8.0471249999999994,;3.8653909180954837,151.397,6647.76,134.429,6918,1602,8.1472560000000005,;3.8653909180954837,151.397,6647.76,134.429,7015,1625,8.2473949999999991,;3.8653909180954837,151.397,6647.76,134.429,7105,1647,8.3475289999999998,;3.8653909180954837,151.397,6647.76,134.429,7192,1671,8.4476370000000003,;3.8653909180954837,151.397,6647.76,134.429,7284,1694,8.5477670000000003,;3.8653909180954837,151.397,6647.76,134.429,7377,1717,8.6484319999999997,;3.8653909180954837,151.397,6647.76,134.429,7479,1741,8.7485979999999994,;3.8653909180954837,151.397,6647.76,134.429,7561,1764,8.8487290000000005,;3.8653909180954837,151.397,6647.76,134.429,7658,1788,8.9488590000000006,;3.8653909180954837,151.397,6647.76,134.429,7765,1811,9.0489949999999997,;3.8496036385817964,148.115,6707.25,134.657,7858,1831,9.1491310000000006,;3.8496036385817964,148.115,6707.25,134.657,7948,1853,9.2492719999999995,;3.8496036385817964,148.115,6707.25,134.657,8033,1876,9.3494030000000006,;3.8496036385817964,148.115,6707.25,134.657,8123,1901,9.4495330000000006,;3.8496036385817964,148.115,6707.25,134.657,8233,1927,9.5496639999999999,;3.8487158914294817,148.115,6705.57,134.597,8334,1946,9.649794,;3.8487112966793866,148.115,6705.55,134.597,8418,1966,9.7499289999999998,;3.8487112966793866,148.115,6705.55,134.597,8518,1989,9.8500580000000006,;3.8487112966793866,148.115,6705.55,134.597,8615,2011,9.9501919999999995,;3.8487112966793866,148.115,6705.55,134.597,8711,2034,10.050364999999999,;3.8487112966793866,148.115,6705.55,134.597,8805,2058,10.150494999999999,;3.8487112966793866,148.115,6705.55,134.597,8903,2082,10.250622,;3.8486618986600361,148.115,6705.27,134.597,9001,2103,10.350752,;3.8486618986600361,148.115,6705.27,134.597,9087,2126,10.450889999999999,;3.8486618986600361,148.115,6705.27,134.597,9190,2150,10.551022,;3.847440621606339,147.961,6708.49,134.55,9251,2167,10.651202,;3.847440621606339,147.961,6708.49,134.55,9342,2191,10.751334,;3.847440621606339,147.961,6708.49,134.55,9454,2215,10.85149,;3.847440621606339,147.961,6708.49,134.55,9560,2238,10.951631000000001,;3.847440621606339,147.961,6708.49,134.55,9666,2262,11.051771,;3.847440621606339,147.961,6708.49,134.55,9764,2287,11.151907,;3.847440621606339,147.961,6708.49,134.55,9849,2312,11.252045000000001,;3.7503105611861738,142.378,6549.74,132.644,9939,2333,11.352176,;3.7503105611861738,142.378,6549.74,132.644,10029,2357,11.452313,;3.7503105611861738,142.378,6549.74,132.644,10139,2380,11.552443,;3.7503105611861738,142.378,6549.74,132.644,10242,2405,11.652589000000001,;3.7503105611861738,142.378,6549.74,132.644,10355,2428,11.752724000000001,;3.7503105611861738,142.378,6549.74,132.644,10457,2452,11.852868000000001,;3.7503105611861738,142.378,6549.74,132.644,10551,2476,11.953011999999999,;3.7503105611861738,142.378,6549.74,132.644,10659,2497,12.055108000000001,;3.7503105611861738,142.378,6549.74,132.644,10761,2520,12.155246,;3.7503105611861738,142.378,6549.74,132.644,10876,2545,12.255379,;3.7503105611861738,142.378,6549.74,132.644,10988,2569,12.355522000000001,;3.7500756945734044,142.378,6546.46,132.683,11075,2590,12.455653999999999,;3.7500756945734044,142.378,6546.46,132.683,11170,2615,12.55579,;3.7500756945734044,142.378,6546.46,132.683,11263,2639,12.655911,;3.7500756945734044,142.378,6546.46,132.683,11380,2663,12.756043999999999,;3.7500756945734044,142.378,6546.46,132.683,11492,2688,12.858449999999999,;3.7500756945734044,142.378,6546.46,132.683,11595,2711,12.958584,;3.7500756945734044,142.378,6546.46,132.683,11689,2737,13.059120999999999,;3.7500756945734044,142.378,6546.46,132.683,11780,2761,13.159266000000001,;3.7500756945734044,142.378,6546.46,132.683,11881,2786,13.259416999999999,;3.7500756945734044,142.378,6546.46,132.683,11972,2810,13.359628000000001,;3.7500756945734044,142.378,6546.46,132.683,12067,2835,13.459766,;3.7500756945734044,142.378,6546.46,132.683,12157,2860,13.559979,;3.7500756945734044,142.378,6546.46,132.683,12252,2884,13.660104,;3.7461380355331833,138.43,6620.93,134.464,12336,2906,13.760242999999999,;3.7461380355331833,138.43,6620.93,134.464,12437,2931,13.860390000000001,;3.7461380355331833,138.43,6620.93,134.464,12533,2956,13.960547,;3.7445928038891743,138.43,6618.95,134.341,12611,2978,14.060682,;3.7445928038891743,138.43,6618.95,134.341,12712,3002,14.160816000000001,;3.7445928038891743,138.43,6618.95,134.341,12801,3026,14.260949999999999,;3.7445928038891743,138.43,6618.95,134.341,12914,3051,14.361082,;3.7445928038891743,138.43,6618.95,134.341,13018,3076,14.461223,;3.7445928038891743,138.43,6618.95,134.341,13131,3102,14.561356,;3.742272164905768,138.43,6618.95,134.353,13231,3125,14.661491,;3.742272164905768,138.127,6620.32,134.353,13344,3150,14.761628,;3.742272164905768,138.127,6620.32,134.353,13443,3176,14.861762000000001,;3.742272164905768,138.127,6620.32,134.353,13544,3200,14.961895999999999,;3.742272164905768,138.127,6620.32,134.353,13657,3227,15.062029000000001,;3.742272164905768,138.127,6620.32,134.353,13771,3252,15.162202000000001,;3.742272164905768,138.127,6620.32,134.353,13892,3277,15.262342,;3.742272164905768,138.127,6620.32,134.353,14001,3302,15.362474000000001,;3.742272164905768,138.127,6620.32,134.353,14113,3327,15.462607,;3.742272164905768,138.127,6620.32,134.353,14201,3353,15.56274,;3.742272164905768,138.127,6620.32,134.353,14296,3380,15.66287,;3.742272164905768,138.127,6620.32,134.353,14404,3407,15.763000999999999,;3.7414278582093519,137.959,6622.56,134.376,14505,3430,15.86313,;3.7414278582093519,137.959,6622.56,134.376,14601,3457,15.963312,;3.7414278582093519,137.959,6622.56,134.376,14702,3485,16.063445000000002,;3.7414278582093519,137.959,6622.56,134.376,14811,3513,16.163575999999999,;3.7414278582093519,137.959,6622.56,134.376,14921,3539,16.263742000000001,;3.7414278582093519,137.959,6622.56,134.376,15032,3565,16.363883999999999,;3.7414278582093519,137.959,6622.56,134.376,15151,3591,16.464013999999999,;3.7414278582093519,137.959,6622.56,134.376,15271,3617,16.564146999999998,;3.7414278582093519,137.959,6622.56,134.376,15381,3643,16.664280000000002,;3.7414278582093519,137.959,6622.56,134.376,15483,3667,16.764415,;3.7414278582093519,137.959,6622.56,134.376,15580,3693,16.864545,;3.7414278582093519,137.959,6622.56,134.376,15683,3720,16.964673999999999,;3.7414278582093519,137.959,6622.56,134.376,15788,3745,17.06485,;3.7414278582093519,137.959,6622.56,134.376,15893,3770,17.164946,;3.7414278582093519,137.959,6622.56,134.376,15983,3792,17.265107,;3.7414278582093519,137.959,6622.56,134.376,16090,3817,17.365255000000001,;3.7414278582093519,137.959,6622.56,134.376,16198,3843,17.465399999999999,;3.7414278582093519,137.959,6622.56,134.376,16301,3866,17.565539999999999,;3.7414278582093519,137.959,6622.56,134.376,16392,3891,17.665680999999999,;3.7414278582093519,137.959,6622.56,134.376,16495,3917,17.765822,;3.7414278582093519,137.959,6622.56,134.376,16597,3942,17.865959,;3.7414278582093519,137.959,6622.56,134.376,16682,3967,17.966099,;3.7414278582093519,137.959,6622.56,134.376,16780,3988,18.066240000000001,;3.7414278582093519,137.959,6622.56,134.376,16860,4008,18.168700999999999,;3.7414278582093519,137.959,6622.56,134.376,16954,4032,18.268834999999999,;3.7414278582093519,137.959,6622.56,134.376,17035,4052,18.368973,;3.7414017365466803,137.959,6622.36,134.377,17122,4073,18.469111999999999,;3.7414017365466803,137.959,6622.36,134.377,17230,4098,18.569254999999998,;3.7414017365466803,137.959,6622.36,134.377,17340,4124,18.669385999999999,;3.7414017365466803,137.959,6622.36,134.377,17433,4149,18.769515999999999,;3.7414017365466803,137.959,6622.36,134.377,17534,4174,18.86965,;3.7414017365466803,137.959,6622.36,134.377,17629,4198,18.969778999999999,;3.7414017365466803,137.959,6622.36,134.377,17745,4225,19.069914000000001,;3.7414017365466803,137.959,6622.36,134.377,17848,4252,19.170044999999998,;3.7414017365466803,137.959,6622.36,134.377,17962,4277,19.270177,;3.7367861551448169,134.896,6735.99,134.522,18052,4299,19.370318999999999,;3.7367861551448169,134.896,6735.99,134.522,18130,4324,19.470459000000002,;3.7367861551448169,134.896,6735.99,134.522,18221,4350,19.573163999999998,;3.7367861551448169,134.896,6735.99,134.522,18321,4377,19.673812000000002,;3.7367861551448169,134.896,6735.99,134.522,18436,4402,19.773955000000001,;3.7302405244815793,134.912,6781.47,132.952,18531,4425,19.874085999999998,;3.7302405244815793,134.912,6781.47,132.952,18646,4451,19.974215999999998,;
inf,nan,nan,nan,95,37,0.10005500000000001,;inf,nan,nan,nan,165,60,0.20018900000000001,;inf,nan,nan,nan,233,83,0.30031799999999997,;inf,nan,nan,nan,287,106,0.40045700000000001,;inf,nan,nan,nan,350,127,0.50058199999999997,;inf,nan,nan,nan,418,147,0.60072599999999998,;inf,nan,nan,nan,487,168,0.70085299999999995,;inf,nan,nan,nan,560,190,0.80607399999999996,;inf,nan,nan,nan,623,211,0.90621200000000002,;inf,nan,nan,nan,679,231,1.006372,;inf,nan,nan,nan,745,251,1.106501,;inf,nan,nan,nan,819,270,1.206591,;inf,nan,nan,nan,887,290,1.3067279999999999,;inf,nan,nan,nan,937,309,1.4068659999999999,;5.9729972602573973,375.82,7746.85,126.144,997,326,1.5075240000000001,;5.9593682055959292,375.805,7689.89,125.84,1047,341,1.607664,;5.9593682055959292,375.805,7689.89,125.84,1106,361,1.707795,;5.8986922880462309,380.566,7418.22,120.4,1178,381,1.807993,;5.8986922880462309,380.566,7418.22,120.4,1244,401,1.9081250000000001,;5.352489342127849,249.016,9700.55,140.481,1319,413,2.0082610000000001,;5.352489342127849,249.016,9700.55,140.481,1371,431,2.1084019999999999,;5.352489342127849,249.016,9700.55,140.481,1434,449,2.2085029999999999,;5.3432181539140515,249.016,9650.39,140.484,1492,467,2.3086329999999999,;5.2559140704976137,237.415,9672.27,141.645,1559,484,2.4087640000000001,;5.2559140704976137,237.415,9672.27,141.645,1628,504,2.508896,;5.2559140704976137,237.415,9672.27,141.645,1681,524,2.6090270000000002,;5.2559140704976137,237.415,9672.27,141.645,1762,545,2.7091690000000002,;5.2559140704976137,237.415,9672.27,141.645,1840,564,2.8093149999999998,;4.515735243248475,177.974,8038.12,150.799,1908,580,2.9115150000000001,;4.4982876299123991,174.502,8076.11,151.443,1979,598,3.0116520000000002,;4.4982876299123991,174.502,8076.11,151.443,2052,617,3.1117889999999999,;4.3866368664391882,169.25,7858.85,148.853,2115,632,3.2118910000000001,;4.3866368664391882,169.25,7858.85,148.853,2205,653,3.3120240000000001,;4.3866368664391882,169.25,7858.85,148.853,2287,674,3.4122490000000001,;4.1320476064029137,169.183,7850.68,148.59,2349,693,3.5123829999999998,;4.1320476064029137,144.71,7693.74,148.118,2428,711,3.6125129999999999,;4.1320476064029137,144.71,7693.74,148.118,2522,732,3.7126489999999999,;4.1320476064029137,144.71,7693.74,148.118,2605,752,3.812792,;4.0875532402864581,144.052,7552.4,146.823,2705,768,3.9129260000000001,;4.062293923411521,144.33,7450.74,145.902,2783,786,4.013058,;4.0622773457211192,144.33,7449.34,145.927,2868,805,4.1131919999999997,;3.9922850899426794,139.445,7342.48,145.2,2950,821,4.2133589999999996,;3.9492883092510369,135.544,7329.17,144.572,3017,837,4.3150579999999996,;3.8490557276265798,129.898,7123.84,143.299,3099,854,4.4151949999999998,;3.8490557276265798,129.898,7123.84,143.299,3165,874,4.5153309999999998,;3.8147059361135125,129.631,7112.77,140.19,3248,892,4.6154609999999998,;3.8147059361135125,129.631,7112.77,140.19,3338,912,4.7155940000000003,;3.8147059361135125,129.631,7112.77,140.19,3421,934,4.8157319999999997,;3.8147059361135125,129.631,7112.77,140.19,3504,953,4.91587,;3.8147059361135125,129.631,7112.77,140.19,3587,972,5.0160119999999999,;3.8142625754593396,129.631,7111.93,140.161,3663,989,5.1161479999999999,;3.8142625754593396,129.631,7111.93,140.161,3766,1010,5.2162870000000003,;3.8142625754593396,129.631,7111.93,140.161,3868,1030,5.3164179999999996,;3.8019195941123027,130.353,7081.02,138.812,3951,1047,5.4165429999999999,;3.7995007398672906,130.353,7079.13,138.597,4027,1065,5.5168020000000002,;3.7974959684677558,130.353,7110.3,137.789,4106,1083,5.6169419999999999,;3.7974959684677558,130.353,7110.3,137.789,4193,1106,5.7367980000000003,;3.7974959684677558,130.353,7110.3,137.789,4305,1126,5.8369350000000004,;3.7974959684677558,130.353,7110.3,137.789,4401,1149,5.9370649999999996,;3.7974959684677558,130.353,7110.3,137.789,4496,1168,6.037236,;3.7974959684677558,130.353,7110.3,137.789,4593,1188,6.1373769999999999,;3.7876109575356622,130.353,7089.28,137.167,4658,1205,6.237495,;3.7702891239218332,128.821,7060.19,137.335,4741,1221,6.3376270000000003,;3.7702379208625052,128.821,7060.34,137.327,4821,1239,6.4377649999999997,;3.7674474873575994,128.554,7057.85,137.33,4899,1256,6.537941,;3.7674474873575994,128.554,7057.85,137.33,4996,1276,6.6382779999999997,;3.7610473138870679,128.554,7040.78,136.994,5072,1295,6.7384089999999999,;3.7610473138870679,128.554,7040.78,136.994,5165,1317,6.8385410000000002,;3.7610473138870679,128.554,7040.78,136.994,5263,1339,6.9386830000000002,;3.7606753732852676,128.554,7038.55,136.998,5336,1360,7.0388190000000002,;3.7606753732852676,128.554,7038.55,136.998,5426,1383,7.138998,;3.7606753732852676,128.554,7038.55,136.998,5523,1404,7.2391399999999999,;3.7585554508275325,128.554,7035.95,136.828,5625,1424,7.3392749999999998,;3.7585554508275325,128.554,7035.95,136.828,5722,1445,7.439419,;3.7576041682510573,128.554,7035.95,136.828,5801,1464,7.5395519999999996,;3.7576041682510573,128.591,7058.09,136.269,5886,1485,7.639691,;3.7576041682510573,128.591,7058.09,136.269,5981,1509,7.7398239999999996,;3.7422110207386501,127.926,7063,135.187,6070,1528,7.8399539999999996,;3.7422110207386501,127.926,7063,135.187,6154,1552,7.9400849999999998,;3.7422110207386501,127.926,7063,135.187,6234,1573,8.0402140000000006,;3.7284354751646545,134.856,6773.49,132.97,6315,1594,8.1403459999999992,;3.7284354751646545,134.856,6773.49,132.97,6407,1615,8.2404740000000007,;3.7284354751646545,134.856,6773.49,132.97,6478,1639,8.340605,;3.7284354751646545,134.856,6773.49,132.97,6567,1662,8.4407320000000006,;3.7284354751646545,134.856,6773.49,132.97,6672,1684,8.5408179999999998,;3.7284354751646545,134.856,6773.49,132.97,6758,1706,8.6409470000000006,;3.7284354751646545,134.856,6773.49,132.97,6867,1729,8.7410720000000008,;3.7284354751646545,134.856,6773.49,132.97,6960,1751,8.8412000000000006,;3.7284354751646545,134.856,6773.49,132.97,7053,1774,8.9413260000000001,;3.7284354751646545,134.856,6773.49,132.97,7149,1798,9.0414510000000003,;3.7284354751646545,134.856,6773.49,132.97,7248,1820,9.1415769999999998,;3.706429996576321,134.783,6671.57,132.714,7327,1839,9.2417049999999996,;3.706429996576321,134.783,6671.57,132.714,7421,1862,9.3418360000000007,;3.6980668191888046,134.418,6665.8,132.291,7524,1884,9.4419609999999992,;3.6980668191888046,134.418,6665.8,132.291,7612,1910,9.5420890000000007,;3.6980668191888046,134.418,6665.8,132.291,7718,1934,9.6422150000000002,;3.6955645799018217,133.449,6686.08,132.53,7816,1954,9.7423439999999992,;3.6955645799018217,133.449,6686.08,132.53,7919,1976,9.842473,;3.6955645799018217,133.449,6686.08,132.53,7998,2000,9.9426000000000005,;3.6955645799018217,133.449,6686.08,132.53,8097,2022,10.042731,;3.6955645799018217,133.449,6686.08,132.53,8189,2045,10.142860000000001,;3.6955645799018217,133.449,6686.08,132.53,8289,2069,10.242990000000001,;3.6955645799018217,133.449,6686.08,132.53,8391,2091,10.34309,;3.6955645799018217,133.449,6686.08,132.53,8483,2115,10.443220999999999,;3.6955645799018217,133.449,6686.08,132.53,8585,2137,10.543350999999999,;3.6955645799018217,133.449,6686.08,132.53,8678,2162,10.64348,;3.6955645799018217,133.449,6686.08,132.53,8772,2185,10.743608,;3.6955645799018217,133.449,6686.08,132.53,8858,2209,10.843734,;3.6955645799018217,133.449,6686.08,132.53,8936,2233,10.943864,;3.6955645799018217,133.449,6686.08,132.53,9051,2258,11.043991999999999,;3.6955645799018217,133.449,6686.08,132.53,9159,2282,11.144119999999999,;3.6955645799018217,133.449,6686.08,132.53,9264,2306,11.244249999999999,;3.6929270174806907,133.227,6648.67,133.18,9372,2328,11.344391999999999,;3.6929270174806907,133.227,6648.67,133.18,9476,2353,11.444521,;3.6929270174806907,133.227,6648.67,133.18,9574,2378,11.544649,;3.6929270174806907,133.227,6648.67,133.18,9683,2401,11.644776999999999,;3.6929270174806907,133.227,6648.67,133.18,9794,2427,11.744904,;3.6929270174806907,133.227,6648.67,133.18,9880,2451,11.845048,;3.6928302543146465,133.227,6648.52,133.173,9986,2473,11.945176,;3.6928302543146465,133.227,6648.52,133.173,10102,2498,12.045302,;3.6928302543146465,133.227,6648.52,133.173,10189,2525,12.145433000000001,;3.6928302543146465,133.227,6648.52,133.173,10286,2550,12.245525000000001,;3.6928302543146465,133.227,6648.52,133.173,10382,2575,12.345656999999999,;3.6928302543146465,133.227,6648.52,133.173,10481,2601,12.445785000000001,;3.6928302543146465,133.227,6648.52,133.173,10584,2627,12.545912,;3.6928302543146465,133.227,6648.52,133.173,10698,2652,12.646039999999999,;3.6928302543146465,133.227,6648.52,133.173,10799,2676,12.746176,;3.6928302543146465,133.227,6648.52,133.173,10889,2701,12.846302,;3.6909551742084674,133.227,6638.58,133.169,10964,2722,12.946429999999999,;3.6909551742084674,133.227,6638.58,133.169,11054,2745,13.04697,;3.6909551742084674,133.227,6638.58,133.169,11155,2771,13.147100999999999,;3.6909551742084674,133.227,6638.58,133.169,11243,2796,13.247230999999999,;3.6905348881811815,133.227,6644.32,133.016,11328,2817,13.347365,;3.6905348881811815,133.227,6644.32,133.016,11429,2840,13.447495,;3.6883068205771936,132.947,6645.93,133.01,11510,2862,13.547625,;3.6883068205771936,132.947,6645.93,133.01,11628,2886,13.647755,;3.6882726269561141,132.947,6645.62,133.013,11713,2908,13.747885999999999,;3.6882726269561141,132.947,6645.62,133.013,11828,2933,13.848015,;3.6882726269561141,132.947,6645.62,133.013,11936,2956,13.948145,;3.6882726269561141,132.947,6645.62,133.013,12042,2980,14.048275,;3.6882726269561141,132.947,6645.62,133.013,12155,3005,14.148405,;3.6882726269561141,132.947,6645.62,133.013,12250,3030,14.248533999999999,;3.6882726269561141,132.947,6645.62,133.013,12346,3055,14.348665,;3.6882726269561141,132.947,6645.62,133.013,12456,3081,14.448795,;3.6882726269561141,132.947,6645.62,133.013,12571,3106,14.548926,;3.6882726269561141,132.947,6645.62,133.013,12672,3132,14.649062000000001,;3.6882726269561141,132.947,6645.62,133.013,12778,3158,14.749188,;3.687769752900695,132.947,6616.18,132.692,12881,3180,14.849314,;3.687769752900695,133.857,6616.18,132.692,13002,3205,14.949443,;3.687769752900695,133.857,6616.18,132.692,13105,3230,15.049616,;3.687769752900695,133.857,6616.18,132.692,13219,3256,15.149749,;3.687769752900695,133.857,6616.18,132.692,13318,3281,15.249881,;3.687769752900695,133.857,6616.18,132.692,13427,3308,15.350009999999999,;3.687769752900695,133.857,6616.18,132.692,13518,3334,15.45013,;3.687769752900695,133.857,6616.18,132.692,13608,3359,15.550257999999999,;3.687769752900695,133.857,6616.18,132.692,13706,3385,15.65039,;3.687769752900695,133.857,6616.18,132.692,13803,3411,15.750521000000001,;3.687769752900695,133.857,6616.18,132.692,13911,3437,15.850649000000001,;3.687769752900695,133.857,6616.18,132.692,14017,3463,15.950775999999999,;3.687769752900695,133.857,6616.18,132.692,14129,3489,16.050905,;3.687769752900695,133.857,6616.18,132.692,14234,3516,16.151036000000001,;3.687769752900695,133.857,6616.18,132.692,14353,3542,16.251165,;3.687769752900695,133.857,6616.18,132.692,14463,3569,16.351298,;3.687769752900695,133.857,6616.18,132.692,14566,3596,16.451436000000001,;3.687769752900695,133.857,6616.18,132.692,14671,3624,16.551563999999999,;3.687769752900695,133.857,6616.18,132.692,14765,3650,16.651692000000001,;3.687769752900695,133.857,6616.18,132.692,14851,3675,16.751821,;3.687769752900695,133.857,6616.18,132.692,14956,3701,16.851946999999999,;3.6877254114528903,133.857,6616.18,132.688,15056,3724,16.952079999999999,;3.6877254114528903,133.857,6616.18,132.688,15157,3750,17.052211,;3.6877254114528903,133.857,6616.18,132.688,15264,3775,17.152345,;3.6877254114528903,133.857,6616.18,132.688,15391,3801,17.252479000000001,;3.6877254114528903,133.857,6616.18,132.688,15497,3828,17.352606000000002,;3.6877254114528903,133.857,6616.18,132.688,15603,3854,17.452732999999998,;3.6877254114528903,133.857,6616.18,132.688,15704,3880,17.552862999999999,;3.6877254114528903,133.857,6616.18,132.688,15805,3906,17.652991,;3.6877254114528903,133.857,6616.18,132.688,15920,3932,17.753121,;3.6877254114528903,133.857,6616.18,132.688,16020,3958,17.853248000000001,;3.6877254114528903,133.857,6616.18,132.688,16130,3984,17.953375000000001,;3.6877254114528903,133.857,6616.18,132.688,16235,4010,18.053464000000002,;3.6877254114528903,133.857,6616.18,132.688,16350,4037,18.153593000000001,;3.6877254114528903,133.857,6616.18,132.688,16460,4063,18.253722,;3.6877254114528903,133.857,6616.18,132.688,16569,4090,18.353853000000001,;3.6877254114528903,133.857,6616.18,132.688,16671,4118,18.453982,;3.6877254114528903,133.857,6616.18,132.688,16760,4145,18.554106999999998,;3.6877254114528903,133.857,6616.18,132.688,16867,4173,18.654232,;3.6877254114528903,133.857,6616.18,132.688,16971,4200,18.754353999999999,;3.6877254114528903,133.857,6616.18,132.688,17069,4228,18.854476999999999,;3.6877254114528903,133.857,6616.18,132.688,17161,4255,18.954605000000001,;3.6877254114528903,133.857,6616.18,132.688,17283,4281,19.054738,;3.6877254114528903,133.857,6616.18,132.688,17377,4308,19.154866999999999,;3.6877254114528903,133.857,6616.18,132.688,17483,4334,19.254998000000001,;3.6877254114528903,133.857,6616.18,132.688,17593,4361,19.355127,;3.6877254114528903,133.857,6616.18,132.688,17689,4389,19.455257,;3.6877254114528903,133.857,6616.18,132.688,17794,4417,19.555394,;3.6877254114528903,133.857,6616.18,132.688,17892,4445,19.655521,;3.6877254114528903,133.857,6616.18,132.688,18009,4472,19.755600999999999,;3.6877254114528903,133.857,6616.18,132.688,18119,4501,19.855727000000002,;3.6877254114528903,133.857,6616.18,132.688,18232,4528,19.955857999999999,;
inf,nan,nan,nan,90,35,0.100134,;inf,nan,nan,nan,168,60,0.200266,;inf,nan,nan,nan,236,85,0.30039900000000003,;inf,nan,nan,nan,323,106,0.40053100000000003,;inf,nan,nan,nan,386,125,0.50065199999999999,;inf,nan,nan,nan,452,147,0.60079300000000002,;inf,nan,nan,nan,511,167,0.70091499999999995,;inf,nan,nan,nan,570,187,0.801037,;inf,nan,nan,nan,648,208,0.90115500000000004,;inf,nan,nan,nan,708,227,1.001312,;inf,nan,nan,nan,777,247,1.101437,;inf,nan,nan,nan,841,268,1.2015579999999999,;5.3631561531885019,275.872,8975.32,130.904,912,287,1.3016799999999999,;5.3631561531885019,275.872,8975.32,130.904,975,306,1.4018079999999999,;5.3631561531885019,275.872,8975.32,130.904,1037,324,1.5019359999999999,;5.3631561531885019,275.872,8975.32,130.904,1093,344,1.6020620000000001,;4.5784962264486131,199.081,7961.66,139.418,1147,360,1.7021850000000001,;4.5784962264486131,199.081,7961.66,139.418,1216,380,1.8023800000000001,;4.5784962264486131,199.081,7961.66,139.418,1292,400,1.9025099999999999,;4.5620913958802376,197.647,7939.97,139.448,1365,418,2.0026380000000001,;4.3276115522966316,193.628,7302.99,135.531,1436,434,2.1027650000000002,;4.3276115522966316,186.82,7394.91,135.531,1509,454,2.2029030000000001,;4.3276115522966316,186.82,7394.91,135.531,1592,475,2.3030379999999999,;4.3276115522966316,186.82,7394.91,135.531,1673,493,2.4031720000000001,;4.3191898894395448,158.542,7566.82,157.298,1762,510,2.5032999999999999,;4.2998371027141253,158.542,7549.83,155.616,1839,523,2.6034299999999999,;4.2186844258466305,149.989,7512.47,155.758,1901,541,2.70356,;4.2186844258466305,149.989,7512.47,155.758,1969,561,2.8036910000000002,;4.1626530290973927,144.091,7450.92,156.538,2029,576,2.9038200000000001,;4.1559553433800049,177.49,6815.88,137.415,2115,592,3.003949,;3.8760276938493385,177.072,6665.79,134.043,2207,606,3.1040800000000002,;3.8760276938493385,152.643,6665.79,134.043,2301,627,3.2042099999999998,;3.8725672406406453,152.643,6659.37,133.808,2390,645,3.3043390000000001,;3.871825906264093,152.443,6649.32,134.107,2466,660,3.4045909999999999,;3.871825906264093,152.443,6649.32,134.107,2559,680,3.5047190000000001,;3.871825906264093,152.443,6649.32,134.107,2659,698,3.6048450000000001,;3.8644944798191343,141.679,6864.41,139.084,2735,717,3.7049720000000002,;3.8644944798191343,141.679,6864.41,139.084,2817,739,3.8051110000000001,;3.8402618213901385,141.679,6800.31,137.802,2910,758,3.9052410000000002,;3.8379577883442058,141.352,6802.45,137.822,2983,774,4.0053710000000002,;3.8379577883442058,141.352,6802.45,137.822,3049,795,4.1055020000000004,;3.8379577883442058,141.352,6802.45,137.822,3137,814,4.2056339999999999,;3.8238975658352117,141.263,6776.23,136.948,3207,832,4.3057650000000001,;3.8238975658352117,141.263,6776.23,136.948,3281,851,4.4058960000000003,;3.8238975658352117,141.263,6776.23,136.948,3369,871,4.5060250000000002,;3.8238975658352117,141.263,6776.23,136.948,3450,891,4.6061540000000001,;3.8238975658352117,141.263,6776.23,136.948,3550,912,4.7062819999999999,;3.8126165761924207,141.559,6724.73,136.496,3627,931,4.8064090000000004,;3.8126165761924207,141.559,6724.73,136.496,3721,953,4.9065370000000001,;3.8126165761924207,141.559,6724.73,136.496,3810,974,5.0066610000000003,;3.8126165761924207,141.559,6724.73,136.496,3897,997,5.1067929999999997,;3.8126165761924207,141.559,6724.73,136.496,3979,1017,5.2069210000000004,;3.8126165761924207,141.559,6724.73,136.496,4065,1039,5.3070469999999998,;3.8126165761924207,141.559,6724.73,136.496,4158,1059,5.4071730000000002,;3.8126165761924207,141.559,6724.73,136.496,4240,1079,5.507301,;3.8126165761924207,141.559,6724.73,136.496,4308,1101,5.6074270000000004,;3.8126165761924207,141.559,6724.73,136.496,4402,1123,5.7075550000000002,;3.8126165761924207,141.559,6724.73,136.496,4488,1144,5.8076829999999999,;3.8117880688817669,141.559,6723.39,136.435,4583,1163,5.9078109999999997,;3.8003140903099966,141.561,6723.39,135.919,4672,1182,6.0079409999999998,;3.7968491737360308,141.264,6710.72,135.356,4770,1199,6.1080880000000004,;3.7968491737360308,141.312,6710.72,135.356,4856,1222,6.2082269999999999,;3.747707280520193,140.833,6584.49,133.123,4939,1239,6.3083559999999999,;3.747707280520193,140.833,6584.49,133.123,5031,1261,6.4084890000000003,;3.747707280520193,140.833,6584.49,133.123,5111,1280,6.5086199999999996,;3.747707280520193,140.833,6584.49,133.123,5207,1302,6.6089560000000001,;3.747707280520193,140.833,6584.49,133.123,5287,1325,6.7090940000000003,;3.747707280520193,140.833,6584.49,133.123,5388,1349,6.8092249999999996,;3.747707280520193,140.833,6584.49,133.123,5494,1370,6.9093549999999997,;3.747707280520193,140.833,6584.49,133.123,5584,1392,7.0094830000000004,;3.747707280520193,140.833,6584.49,133.123,5685,1413,7.1095629999999996,;3.7343087509816364,139.73,6587.35,132.69,5794,1432,7.2096910000000003,;3.7343087509816364,139.73,6587.35,132.69,5884,1454,7.3098190000000001,;3.7343087509816364,139.73,6587.35,132.69,5985,1476,7.4099459999999997,;3.7343087509816364,139.73,6587.35,132.69,6073,1499,7.5100709999999999,;3.7343087509816364,139.73,6587.35,132.69,6164,1522,7.6101999999999999,;3.7343087509816364,139.73,6587.35,132.69,6255,1546,7.7103289999999998,;3.7343087509816364,139.73,6587.35,132.69,6352,1569,7.81046,;3.7343087509816364,139.73,6587.35,132.69,6432,1591,7.9105889999999999,;3.7343087509816364,139.73,6587.35,132.69,6536,1615,8.0107189999999999,;3.7253207213564004,138.887,6585.99,132.556,6617,1634,8.1108499999999992,;3.7253207213564004,138.887,6585.99,132.556,6720,1657,8.2109810000000003,;3.7253207213564004,138.887,6585.99,132.556,6812,1680,8.3111110000000004,;3.7253207213564004,138.887,6585.99,132.556,6899,1704,8.4112410000000004,;3.7253207213564004,138.887,6585.99,132.556,6981,1727,8.5113699999999994,;3.7253207213564004,138.887,6585.99,132.556,7074,1749,8.6114580000000007,;3.7253207213564004,138.887,6585.99,132.556,7174,1773,8.7115869999999997,;3.7253207213564004,138.887,6585.99,132.556,7272,1795,8.8117199999999993,;3.7253207213564004,138.887,6585.99,132.556,7365,1819,8.9118460000000006,;3.7253207213564004,138.887,6585.99,132.556,7461,1842,9.0119740000000004,;3.7253207213564004,138.887,6585.99,132.556,7549,1866,9.1120990000000006,;3.7253207213564004,138.887,6585.99,132.556,7637,1890,9.2122270000000004,;3.7249986624927951,138.887,6581.14,132.615,7724,1913,9.3123539999999991,;3.7249986624927951,138.887,6581.14,132.615,7815,1937,9.4124780000000001,;3.7249986624927951,138.887,6581.14,132.615,7896,1961,9.5126039999999996,;3.7249986624927951,138.887,6581.14,132.615,7988,1984,9.6127310000000001,;3.7249986624927951,138.887,6581.14,132.615,8079,2007,9.7128639999999997,;3.7249986624927951,138.887,6581.14,132.615,8189,2030,9.8129950000000008,;3.7208120656337318,139.641,6567.93,131.743,8268,2050,9.9131300000000007,;3.7208120656337318,139.641,6567.93,131.743,8366,2072,10.013259,;3.7197163817583316,139.641,6567.93,131.608,8480,2093,10.113391,;3.7197163817583316,139.815,6560.75,131.608,8579,2116,10.213525000000001,;3.7197163817583316,139.815,6560.75,131.608,8674,2139,10.313655000000001,;3.7197163817583316,139.815,6560.75,131.608,8761,2163,10.413793999999999,;3.7197163817583316,139.815,6560.75,131.608,8866,2186,10.513925,;3.7197163817583316,139.815,6560.75,131.608,8962,2210,10.614055,;3.7197163817583316,139.815,6560.75,131.608,9066,2234,10.714185000000001,;3.7197163817583316,139.815,6560.75,131.608,9164,2260,10.81432,;3.7197163817583316,139.815,6560.75,131.608,9252,2284,10.91445,;3.7197163817583316,139.815,6560.75,131.608,9371,2308,11.01458,;3.7197163817583316,139.815,6560.75,131.608,9446,2332,11.114708,;3.7197163817583316,139.815,6560.75,131.608,9546,2358,11.214836,;3.7197163817583316,139.815,6560.75,131.608,9632,2382,11.314971999999999,;3.7197163817583316,139.815,6560.75,131.608,9737,2406,11.41507,;3.7197163817583316,139.815,6560.75,131.608,9843,2432,11.515199000000001,;3.7197163817583316,139.815,6560.75,131.608,9948,2457,11.615325,;3.7187313202148742,139.815,6563.01,131.462,10022,2479,11.715452000000001,;3.7187313202148742,139.815,6563.01,131.462,10129,2504,11.815594000000001,;3.7187313202148742,139.815,6563.01,131.462,10221,2529,11.915722000000001,;3.7187313202148742,139.815,6563.01,131.462,10322,2555,12.015841999999999,;3.7187313202148742,139.815,6563.01,131.462,10423,2579,12.115974,;3.7187313202148742,139.815,6563.01,131.462,10522,2604,12.216115,;3.7187313202148742,139.815,6563.01,131.462,10627,2631,12.316243999999999,;3.7187313202148742,139.815,6563.01,131.462,10732,2655,12.416373999999999,;3.7187313202148742,139.815,6563.01,131.462,10826,2680,12.516503,;3.7187313202148742,139.815,6563.01,131.462,10926,2705,12.616702,;3.7187313202148742,139.815,6563.01,131.462,11028,2729,12.716832,;3.7187313202148742,139.815,6563.01,131.462,11115,2754,12.816964,;3.7187313202148742,139.815,6563.01,131.462,11211,2779,12.917102999999999,;3.7187313202148742,139.815,6563.01,131.462,11296,2802,13.017654,;3.7187313202148742,139.815,6563.01,131.462,11395,2827,13.117782999999999,;3.7187313202148742,139.815,6563.01,131.462,11490,2851,13.217909000000001,;3.7187313202148742,139.815,6563.01,131.462,11581,2877,13.318039000000001,;3.7187313202148742,139.815,6563.01,131.462,11680,2901,13.418168,;3.7187313202148742,139.815,6563.01,131.462,11762,2925,13.518299000000001,;3.7187313202148742,139.815,6563.01,131.462,11871,2952,13.618387,;3.7187313202148742,139.815,6563.01,131.462,11980,2978,13.71852,;3.7187313202148742,139.815,6563.01,131.462,12074,3004,13.818652,;3.7187313202148742,139.815,6563.01,131.462,12178,3029,13.918782999999999,;3.7187313202148742,139.815,6563.01,131.462,12279,3056,14.018915,;3.7026372705744457,137.91,6564.5,131.511,12375,3078,14.119046000000001,;3.7026372705744457,137.91,6564.5,131.511,12475,3104,14.219174000000001,;3.7026372705744457,137.91,6564.5,131.511,12597,3129,14.319305,;3.7024286464038605,137.91,6552.14,131.727,12685,3151,14.419435999999999,;3.7024286464038605,137.91,6552.14,131.727,12783,3178,14.519565,;3.7024286464038605,137.91,6552.14,131.727,12889,3204,14.619694000000001,;3.7024286464038605,137.91,6552.14,131.727,12991,3229,14.719825,;3.7024286464038605,137.91,6552.14,131.727,13095,3255,14.819903999999999,;3.7017957152148524,137.91,6544.76,131.803,13188,3278,14.920031,;3.7017957152148524,137.91,6544.76,131.803,13282,3304,15.020161999999999,;3.7017957152148524,137.91,6544.76,131.803,13383,3330,15.120329999999999,;3.7017957152148524,137.91,6544.76,131.803,13488,3358,15.220461999999999,;3.7017957152148524,137.91,6544.76,131.803,13592,3384,15.320593000000001,;3.7017957152148524,137.91,6544.76,131.803,13696,3411,15.420724,;3.7017957152148524,137.91,6544.76,131.803,13800,3437,15.520816,;3.7017957152148524,137.91,6544.76,131.803,13897,3463,15.620946999999999,;3.7017957152148524,137.91,6544.76,131.803,14007,3489,15.721088,;3.7017957152148524,137.91,6544.76,131.803,14114,3516,15.82122,;3.7017957152148524,137.91,6544.76,131.803,14228,3543,15.92135,;3.7017957152148524,137.91,6544.76,131.803,14327,3568,16.021481999999999,;3.7004053281264548,137.194,6561.06,132.002,14424,3590,16.121621000000001,;3.7004053281264548,137.194,6561.06,132.002,14533,3615,16.221757,;3.7004053281264548,137.194,6561.06,132.002,14635,3641,16.321888999999999,;3.7004053281264548,137.194,6561.06,132.002,14732,3667,16.422021000000001,;3.7004053281264548,137.194,6561.06,132.002,14832,3694,16.522151999999998,;3.7004053281264548,137.194,6561.06,132.002,14926,3720,16.622288000000001,;3.7004053281264548,137.194,6561.06,132.002,15039,3746,16.722421000000001,;3.7004053281264548,137.194,6561.06,132.002,15128,3772,16.822552000000002,;3.7004053281264548,137.194,6561.06,132.002,15223,3798,16.922681000000001,;3.7004053281264548,137.194,6561.06,132.002,15337,3824,17.022807,;3.7004053281264548,137.194,6561.06,132.002,15439,3849,17.122934000000001,;3.7004053281264548,137.194,6561.06,132.002,15543,3874,17.22307,;3.7004053281264548,137.194,6561.06,132.002,15636,3900,17.323212999999999,;3.7004053281264548,137.194,6561.06,132.002,15734,3927,17.423344,;3.7004053281264548,137.194,6561.06,132.002,15841,3954,17.523475999999999,;3.7004053281264548,137.194,6561.06,132.002,15949,3980,17.623608000000001,;3.7004053281264548,137.194,6561.06,132.002,16050,4006,17.723728999999999,;3.7004053281264548,137.194,6561.06,132.002,16150,4033,17.823858999999999,;3.7004053281264548,137.194,6561.06,132.002,16247,4060,17.923988000000001,;3.7004053281264548,137.194,6561.06,132.002,16353,4087,18.024121000000001,;3.7003053076622408,137.18,6560.84,132.01,16457,4109,18.12425,;3.7003053076622408,137.18,6560.84,132.01,16564,4136,18.224383,;3.7003053076622408,137.18,6560.84,132.01,16674,4164,18.324513,;3.7003053076622408,137.18,6560.84,132.01,16775,4191,18.424634000000001,;3.7003053076622408,137.18,6560.84,132.01,16892,4216,18.524761999999999,;3.7003053076622408,137.18,6560.84,132.01,16991,4243,18.624891999999999,;3.7003053076622408,137.18,6560.84,132.01,17105,4271,18.725017999999999,;3.7003053076622408,137.18,6560.84,132.01,17223,4298,18.825146,;3.7003053076622408,137.18,6560.84,132.01,17327,4324,18.925279,;3.7003053076622408,137.18,6560.84,132.01,17426,4352,19.025411999999999,;3.7003053076622408,137.18,6560.84,132.01,17531,4381,19.125541999999999,;3.7003053076622408,137.18,6560.84,132.01,17648,4409,19.225671999999999,;3.7003053076622408,137.18,6560.84,132.01,17767,4436,19.325801999999999,;3.7003053076622408,137.18,6560.84,132.01,17884,4463,19.425932,;3.6873066904863983,127.026,6856.39,134.289,17970,4483,19.526064000000002,;3.6873066904863983,127.026,6856.39,134.289,18074,4509,19.626193000000001,;3.6873066904863983,127.026,6856.39,134.289,18184,4537,19.726326,;3.6873066904863983,127.026,6856.39,134.289,18285,4564,19.826460000000001,;3.6873066904863983,127.026,6856.39,134.289,18392,4591,19.926591999999999,;3.6873066904863983,127.026,6856.39,134.289,18487,4612,20.026820000000001,;
.
